#
# A fatal error has been detected by the Java Runtime Environment:
#
#  EXCEPTION_ACCESS_VIOLATION (0xc0000005) at pc=0x00000000622d2575, pid=10220, tid=0x00000000000000dc
#
# JRE version: OpenJDK Runtime Environment (8.0_112-b06) (build 1.8.0_112-release-b06)
# Java VM: OpenJDK 64-Bit Server VM (25.112-b06 mixed mode windows-amd64 compressed oops)
# Problematic frame:
# V  [jvm.dll+0x452575]
#
# Failed to write core dump. Minidumps are not enabled by default on client versions of Windows
#
# If you would like to submit a bug report, please visit:
#   http://bugreport.java.com/bugreport/crash.jsp
#

---------------  T H R E A D  ---------------

Current thread (0x0000000015aab000):  JavaThread "C2 CompilerThread1" daemon [_thread_in_native, id=220, stack(0x00000000174a0000,0x00000000175a0000)]

siginfo: ExceptionCode=0xc0000005, reading address 0x0000000000000068

Registers:
RAX=0x0000000000000000, RBX=0x0000000017a5b818, RCX=0x000000001da041c0, RDX=0x000000000000039e
RSP=0x000000001759c1d0, RBP=0x000000001759c230, RSI=0x0000000017a5b788, RDI=0x0000000000000141
R8 =0x0000000018a47cb0, R9 =0x0000000018a47cb0, R10=0x000000001db318f8, R11=0x000000001db31920
R12=0x0000000000000000, R13=0x0000000017a5b838, R14=0x000000001759c420, R15=0x00000000624c3370
RIP=0x00000000622d2575, EFLAGS=0x0000000000010297

Top of Stack: (sp=0x000000001759c1d0)
0x000000001759c1d0:   000000001ca38f00 000000001ca38da0
0x000000001759c1e0:   00000000624c3370 000000001759c420
0x000000001759c1f0:   000000001ca38fe8 000000001ca38da0
0x000000001759c200:   0000000018dd5850 00000000622d4d83
0x000000001759c210:   000000001759c420 0000000016fb76f0
0x000000001759c220:   000000001ca38f00 000000001ae4c2f0
0x000000001759c230:   000000001759c308 000000001759c2e8
0x000000001759c240:   000000001759c420 0000000061f46a2b
0x000000001759c250:   0000000015a15900 0000000018e67b60
0x000000001759c260:   0000000000000000 000000001759c309
0x000000001759c270:   000000001759c420 00000000622d5289
0x000000001759c280:   0000000020d17fe8 0000000020d17910
0x000000001759c290:   0000000020d10000 0000000017931310
0x000000001759c2a0:   0000000000000007 00000000178b3b60
0x000000001759c2b0:   0000000000000000 0000000000000000
0x000000001759c2c0:   0000000000000000 0000000000000000 

Instructions: (pc=0x00000000622d2575)
0x00000000622d2555:   3c 08 75 09 49 8b 41 08 4c 8b 00 eb 03 4d 8b c1
0x00000000622d2565:   48 8b 45 10 41 8b 50 28 48 8b 48 68 48 8b 04 d1
0x00000000622d2575:   8b 48 68 3b cf 72 1c 75 0b 41 0f b6 40 2c 24 0f
0x00000000622d2585:   3c 0c 74 0f 49 8b c9 4d 8b e1 e8 bc b9 06 00 84 


Register to memory mapping:

RAX=0x0000000000000000 is an unknown value
RBX=0x0000000017a5b818 is an unknown value
RCX=0x000000001da041c0 is an unknown value
RDX=0x000000000000039e is an unknown value
RSP=0x000000001759c1d0 is pointing into the stack for thread: 0x0000000015aab000
RBP=0x000000001759c230 is pointing into the stack for thread: 0x0000000015aab000
RSI=0x0000000017a5b788 is an unknown value
RDI=0x0000000000000141 is an unknown value
R8 =0x0000000018a47cb0 is an unknown value
R9 =0x0000000018a47cb0 is an unknown value
R10=0x000000001db318f8 is an unknown value
R11=0x000000001db31920 is an unknown value
R12=0x0000000000000000 is an unknown value
R13=0x0000000017a5b838 is an unknown value
R14=0x000000001759c420 is pointing into the stack for thread: 0x0000000015aab000
R15=0x00000000624c3370 is an unknown value


Stack: [0x00000000174a0000,0x00000000175a0000],  sp=0x000000001759c1d0,  free space=1008k
Native frames: (J=compiled Java code, j=interpreted, Vv=VM code, C=native code)
V  [jvm.dll+0x452575]
V  [jvm.dll+0x454d83]
V  [jvm.dll+0x455289]
V  [jvm.dll+0x45600a]
V  [jvm.dll+0x43d5dc]
V  [jvm.dll+0x43ff8e]
V  [jvm.dll+0x423242]
V  [jvm.dll+0x80b29]
V  [jvm.dll+0x8145f]
V  [jvm.dll+0x21be7f]
V  [jvm.dll+0x26c13a]
C  [msvcr100.dll+0x21d9f]
C  [msvcr100.dll+0x21e3b]
C  [KERNEL32.DLL+0x8364]
C  [ntdll.dll+0x65e91]


Current CompileTask:
C2:1164275 16715       4       com.android.utils.XmlUtils::append (540 bytes)


---------------  P R O C E S S  ---------------

Java Threads: ( => current thread )
  0x000000001b375800 JavaThread "Forward streams with process: command 'E:\AndroidSDK\build-tools\25.0.0\aapt.exe' Thread 3" [_thread_in_native, id=10204, stack(0x0000000028680000,0x0000000028780000)]
  0x000000001b37b800 JavaThread "Forward streams with process: command 'E:\AndroidSDK\build-tools\25.0.0\aapt.exe' Thread 2" [_thread_in_native, id=2276, stack(0x0000000028580000,0x0000000028680000)]
  0x000000001b37c000 JavaThread "Forward streams with process: command 'E:\AndroidSDK\build-tools\25.0.0\aapt.exe'" [_thread_blocked, id=13540, stack(0x0000000028480000,0x0000000028580000)]
  0x000000001b374000 JavaThread "Run command 'E:\AndroidSDK\build-tools\25.0.0\aapt.exe'" [_thread_in_native, id=11860, stack(0x0000000028280000,0x0000000028380000)]
  0x000000001b37a800 JavaThread "Thread-94" [_thread_blocked, id=14316, stack(0x0000000028180000,0x0000000028280000)]
  0x000000001b373000 JavaThread "pool-21-thread-1" [_thread_blocked, id=13776, stack(0x0000000028080000,0x0000000028180000)]
  0x000000001b377000 JavaThread "Stdin handler" [_thread_blocked, id=13892, stack(0x0000000027f80000,0x0000000028080000)]
  0x000000001b374800 JavaThread "Asynchronous log dispatcher for org.gradle.launcher.daemon.server.DefaultDaemonConnection@2acc471e" [_thread_blocked, id=9452, stack(0x0000000027e80000,0x0000000027f80000)]
  0x000000001b37a000 JavaThread "Daemon worker Thread 7" [_thread_blocked, id=2544, stack(0x0000000027d80000,0x0000000027e80000)]
  0x000000001b372800 JavaThread "Cancel handler" [_thread_blocked, id=13080, stack(0x0000000027c80000,0x0000000027d80000)]
  0x000000001b379000 JavaThread "Handler for socket connection from /127.0.0.1:11099 to /127.0.0.1:12514" [_thread_in_native, id=1716, stack(0x0000000027b80000,0x0000000027c80000)]
  0x000000001b370000 JavaThread "Daemon Thread 7" [_thread_blocked, id=5168, stack(0x0000000027a80000,0x0000000027b80000)]
  0x000000001b371000 JavaThread "pool-6-thread-4" [_thread_blocked, id=6832, stack(0x0000000024c80000,0x0000000024d80000)]
  0x000000001b377800 JavaThread "pool-6-thread-3" [_thread_blocked, id=9636, stack(0x0000000024680000,0x0000000024780000)]
  0x000000001a086800 JavaThread "pool-6-thread-2" [_thread_blocked, id=14060, stack(0x0000000022280000,0x0000000022380000)]
  0x000000001a082800 JavaThread "pool-6-thread-1" [_thread_blocked, id=11364, stack(0x0000000021c80000,0x0000000021d80000)]
  0x000000001be2e800 JavaThread "File lock request listener" [_thread_in_native, id=3428, stack(0x000000001c210000,0x000000001c310000)]
  0x00000000186cf800 JavaThread "pool-1-thread-1" [_thread_blocked, id=11360, stack(0x0000000019370000,0x0000000019470000)]
  0x0000000018210800 JavaThread "Incoming local TCP Connector on port 11099" [_thread_in_native, id=2044, stack(0x0000000019070000,0x0000000019170000)]
  0x0000000016de5000 JavaThread "Service Thread" daemon [_thread_blocked, id=13732, stack(0x00000000176a0000,0x00000000177a0000)]
  0x0000000016dad800 JavaThread "C1 CompilerThread2" daemon [_thread_blocked, id=10160, stack(0x00000000175a0000,0x00000000176a0000)]
=>0x0000000015aab000 JavaThread "C2 CompilerThread1" daemon [_thread_in_native, id=220, stack(0x00000000174a0000,0x00000000175a0000)]
  0x0000000015a62000 JavaThread "C2 CompilerThread0" daemon [_thread_blocked, id=10152, stack(0x00000000173a0000,0x00000000174a0000)]
  0x0000000015a47000 JavaThread "Attach Listener" daemon [_thread_blocked, id=13372, stack(0x00000000172a0000,0x00000000173a0000)]
  0x0000000016da8800 JavaThread "Signal Dispatcher" daemon [_thread_blocked, id=10096, stack(0x00000000171a0000,0x00000000172a0000)]
  0x000000000337b000 JavaThread "Finalizer" daemon [_thread_blocked, id=8428, stack(0x0000000016ca0000,0x0000000016da0000)]
  0x0000000003372000 JavaThread "Reference Handler" daemon [_thread_blocked, id=9984, stack(0x0000000016ba0000,0x0000000016ca0000)]
  0x000000000163e000 JavaThread "main" [_thread_blocked, id=13940, stack(0x0000000003180000,0x0000000003280000)]

Other Threads:
  0x0000000015a14800 VMThread [stack: 0x0000000016aa0000,0x0000000016ba0000] [id=10576]
  0x0000000016de5800 WatcherThread [stack: 0x00000000177a0000,0x00000000178a0000] [id=13952]

VM state:not at safepoint (normal execution)

VM Mutex/Monitor currently owned by a thread: None

Heap:
 PSYoungGen      total 275456K, used 45770K [0x00000000eab00000, 0x00000000fe800000, 0x0000000100000000)
  eden space 252928K, 9% used [0x00000000eab00000,0x00000000ec231e30,0x00000000fa200000)
  from space 22528K, 97% used [0x00000000fab00000,0x00000000fc080af8,0x00000000fc100000)
  to   space 35840K, 0% used [0x00000000fc500000,0x00000000fc500000,0x00000000fe800000)
 ParOldGen       total 187904K, used 40442K [0x00000000c0000000, 0x00000000cb780000, 0x00000000eab00000)
  object space 187904K, 21% used [0x00000000c0000000,0x00000000c277e848,0x00000000cb780000)
 Metaspace       used 64691K, capacity 67465K, committed 67752K, reserved 1107968K
  class space    used 8119K, capacity 8590K, committed 8624K, reserved 1048576K

Card table byte_map: [0x0000000012740000,0x0000000012950000] byte_map_base: 0x0000000012140000

Marking Bits: (ParMarkBitMap*) 0x00000000626418f0
 Begin Bits: [0x0000000012eb0000, 0x0000000013eb0000)
 End Bits:   [0x0000000013eb0000, 0x0000000014eb0000)

Polling page: 0x0000000000df0000

CodeCache: size=245760Kb used=46699Kb max_used=46720Kb free=199060Kb
 bounds [0x0000000003380000, 0x0000000006170000, 0x0000000012380000]
 total_blobs=13714 nmethods=12974 adapters=651
 compilation: enabled

Compilation events (10 events):
Event: 1163.892 Thread 0x0000000015a62000 16695       4       com.android.ide.common.res2.ValueResourceParser2::getType (135 bytes)
Event: 1163.919 Thread 0x0000000016dad800 16718       3       com.android.build.gradle.internal.dsl.AaptOptions_Decorated::getConventionMapping (30 bytes)
Event: 1163.920 Thread 0x0000000016dad800 nmethod 16718 0x000000000612aa90 code [0x000000000612ac40, 0x000000000612b328]
Event: 1163.921 Thread 0x0000000016dad800 16719       3       com.google.common.base.Joiner$1::toString (20 bytes)
Event: 1163.921 Thread 0x0000000016dad800 nmethod 16719 0x000000000612a5d0 code [0x000000000612a740, 0x000000000612a9a8]
Event: 1163.921 Thread 0x0000000016dad800 16720       1       java.util.concurrent.locks.LockSupport::setBlocker (12 bytes)
Event: 1163.921 Thread 0x0000000016dad800 nmethod 16720 0x000000000612a310 code [0x000000000612a460, 0x000000000612a570]
Event: 1163.940 Thread 0x0000000015a62000 nmethod 16695 0x0000000006160850 code [0x0000000006160b60, 0x00000000061633b0]
Event: 1163.940 Thread 0x0000000015a62000 16717       4       org.gradle.api.internal.changedetection.state.DirSnapshot::isContentUpToDate (5 bytes)
Event: 1163.941 Thread 0x0000000015a62000 nmethod 16717 0x0000000006132d50 code [0x0000000006132ea0, 0x0000000006132f38]

GC Heap History (10 events):
Event: 989.986 GC heap before
{Heap before GC invocations=32 (full 6):
 PSYoungGen      total 308224K, used 269824K [0x00000000eab00000, 0x0000000100000000, 0x0000000100000000)
  eden space 269824K, 100% used [0x00000000eab00000,0x00000000fb280000,0x00000000fb280000)
  from space 38400K, 0% used [0x00000000fb280000,0x00000000fb280000,0x00000000fd800000)
  to   space 38400K, 0% used [0x00000000fda80000,0x00000000fda80000,0x0000000100000000)
 ParOldGen       total 187904K, used 38081K [0x00000000c0000000, 0x00000000cb780000, 0x00000000eab00000)
  object space 187904K, 20% used [0x00000000c0000000,0x00000000c25304b0,0x00000000cb780000)
 Metaspace       used 64368K, capacity 66887K, committed 66984K, reserved 1107968K
  class space    used 8103K, capacity 8577K, committed 8624K, reserved 1048576K
Event: 990.001 GC heap after
Heap after GC invocations=32 (full 6):
 PSYoungGen      total 285184K, used 18816K [0x00000000eab00000, 0x00000000ff300000, 0x0000000100000000)
  eden space 260096K, 0% used [0x00000000eab00000,0x00000000eab00000,0x00000000fa900000)
  from space 25088K, 75% used [0x00000000fda80000,0x00000000fece0020,0x00000000ff300000)
  to   space 37888K, 0% used [0x00000000fa900000,0x00000000fa900000,0x00000000fce00000)
 ParOldGen       total 187904K, used 38089K [0x00000000c0000000, 0x00000000cb780000, 0x00000000eab00000)
  object space 187904K, 20% used [0x00000000c0000000,0x00000000c25324b0,0x00000000cb780000)
 Metaspace       used 64368K, capacity 66887K, committed 66984K, reserved 1107968K
  class space    used 8103K, capacity 8577K, committed 8624K, reserved 1048576K
}
Event: 995.708 GC heap before
{Heap before GC invocations=33 (full 6):
 PSYoungGen      total 285184K, used 256205K [0x00000000eab00000, 0x00000000ff300000, 0x0000000100000000)
  eden space 260096K, 91% used [0x00000000eab00000,0x00000000f92d3430,0x00000000fa900000)
  from space 25088K, 75% used [0x00000000fda80000,0x00000000fece0020,0x00000000ff300000)
  to   space 37888K, 0% used [0x00000000fa900000,0x00000000fa900000,0x00000000fce00000)
 ParOldGen       total 187904K, used 38089K [0x00000000c0000000, 0x00000000cb780000, 0x00000000eab00000)
  object space 187904K, 20% used [0x00000000c0000000,0x00000000c25324b0,0x00000000cb780000)
 Metaspace       used 64412K, capacity 66957K, committed 67240K, reserved 1107968K
  class space    used 8104K, capacity 8578K, committed 8624K, reserved 1048576K
Event: 995.716 GC heap after
Heap after GC invocations=33 (full 6):
 PSYoungGen      total 266752K, used 6462K [0x00000000eab00000, 0x00000000ff100000, 0x0000000100000000)
  eden space 260096K, 0% used [0x00000000eab00000,0x00000000eab00000,0x00000000fa900000)
  from space 6656K, 97% used [0x00000000fa900000,0x00000000faf4f8c8,0x00000000faf80000)
  to   space 36864K, 0% used [0x00000000fcd00000,0x00000000fcd00000,0x00000000ff100000)
 ParOldGen       total 187904K, used 38097K [0x00000000c0000000, 0x00000000cb780000, 0x00000000eab00000)
  object space 187904K, 20% used [0x00000000c0000000,0x00000000c25344b0,0x00000000cb780000)
 Metaspace       used 64412K, capacity 66957K, committed 67240K, reserved 1107968K
  class space    used 8104K, capacity 8578K, committed 8624K, reserved 1048576K
}
Event: 995.716 GC heap before
{Heap before GC invocations=34 (full 7):
 PSYoungGen      total 266752K, used 6462K [0x00000000eab00000, 0x00000000ff100000, 0x0000000100000000)
  eden space 260096K, 0% used [0x00000000eab00000,0x00000000eab00000,0x00000000fa900000)
  from space 6656K, 97% used [0x00000000fa900000,0x00000000faf4f8c8,0x00000000faf80000)
  to   space 36864K, 0% used [0x00000000fcd00000,0x00000000fcd00000,0x00000000ff100000)
 ParOldGen       total 187904K, used 38097K [0x00000000c0000000, 0x00000000cb780000, 0x00000000eab00000)
  object space 187904K, 20% used [0x00000000c0000000,0x00000000c25344b0,0x00000000cb780000)
 Metaspace       used 64412K, capacity 66957K, committed 67240K, reserved 1107968K
  class space    used 8104K, capacity 8578K, committed 8624K, reserved 1048576K
Event: 995.877 GC heap after
Heap after GC invocations=34 (full 7):
 PSYoungGen      total 266752K, used 0K [0x00000000eab00000, 0x00000000ff100000, 0x0000000100000000)
  eden space 260096K, 0% used [0x00000000eab00000,0x00000000eab00000,0x00000000fa900000)
  from space 6656K, 0% used [0x00000000fa900000,0x00000000fa900000,0x00000000faf80000)
  to   space 36864K, 0% used [0x00000000fcd00000,0x00000000fcd00000,0x00000000ff100000)
 ParOldGen       total 187904K, used 40426K [0x00000000c0000000, 0x00000000cb780000, 0x00000000eab00000)
  object space 187904K, 21% used [0x00000000c0000000,0x00000000c277a848,0x00000000cb780000)
 Metaspace       used 64272K, capacity 66733K, committed 67240K, reserved 1107968K
  class space    used 8082K, capacity 8536K, committed 8624K, reserved 1048576K
}
Event: 1061.939 GC heap before
{Heap before GC invocations=35 (full 7):
 PSYoungGen      total 266752K, used 258941K [0x00000000eab00000, 0x00000000ff100000, 0x0000000100000000)
  eden space 260096K, 99% used [0x00000000eab00000,0x00000000fa7df6d0,0x00000000fa900000)
  from space 6656K, 0% used [0x00000000fa900000,0x00000000fa900000,0x00000000faf80000)
  to   space 36864K, 0% used [0x00000000fcd00000,0x00000000fcd00000,0x00000000ff100000)
 ParOldGen       total 187904K, used 40426K [0x00000000c0000000, 0x00000000cb780000, 0x00000000eab00000)
  object space 187904K, 21% used [0x00000000c0000000,0x00000000c277a848,0x00000000cb780000)
 Metaspace       used 64560K, capacity 67299K, committed 67496K, reserved 1107968K
  class space    used 8110K, capacity 8581K, committed 8624K, reserved 1048576K
Event: 1061.951 GC heap after
Heap after GC invocations=35 (full 7):
 PSYoungGen      total 299008K, used 11281K [0x00000000eab00000, 0x00000000ffc80000, 0x0000000100000000)
  eden space 262144K, 0% used [0x00000000eab00000,0x00000000eab00000,0x00000000fab00000)
  from space 36864K, 30% used [0x00000000fcd00000,0x00000000fd804588,0x00000000ff100000)
  to   space 34816K, 0% used [0x00000000fab00000,0x00000000fab00000,0x00000000fcd00000)
 ParOldGen       total 187904K, used 40434K [0x00000000c0000000, 0x00000000cb780000, 0x00000000eab00000)
  object space 187904K, 21% used [0x00000000c0000000,0x00000000c277c848,0x00000000cb780000)
 Metaspace       used 64560K, capacity 67299K, committed 67496K, reserved 1107968K
  class space    used 8110K, capacity 8581K, committed 8624K, reserved 1048576K
}
Event: 1163.737 GC heap before
{Heap before GC invocations=36 (full 7):
 PSYoungGen      total 299008K, used 273017K [0x00000000eab00000, 0x00000000ffc80000, 0x0000000100000000)
  eden space 262144K, 99% used [0x00000000eab00000,0x00000000faa9a058,0x00000000fab00000)
  from space 36864K, 30% used [0x00000000fcd00000,0x00000000fd804588,0x00000000ff100000)
  to   space 34816K, 0% used [0x00000000fab00000,0x00000000fab00000,0x00000000fcd00000)
 ParOldGen       total 187904K, used 40434K [0x00000000c0000000, 0x00000000cb780000, 0x00000000eab00000)
  object space 187904K, 21% used [0x00000000c0000000,0x00000000c277c848,0x00000000cb780000)
 Metaspace       used 64688K, capacity 67465K, committed 67752K, reserved 1107968K
  class space    used 8119K, capacity 8590K, committed 8624K, reserved 1048576K
Event: 1163.754 GC heap after
Heap after GC invocations=36 (full 7):
 PSYoungGen      total 275456K, used 22018K [0x00000000eab00000, 0x00000000fe800000, 0x0000000100000000)
  eden space 252928K, 0% used [0x00000000eab00000,0x00000000eab00000,0x00000000fa200000)
  from space 22528K, 97% used [0x00000000fab00000,0x00000000fc080af8,0x00000000fc100000)
  to   space 35840K, 0% used [0x00000000fc500000,0x00000000fc500000,0x00000000fe800000)
 ParOldGen       total 187904K, used 40442K [0x00000000c0000000, 0x00000000cb780000, 0x00000000eab00000)
  object space 187904K, 21% used [0x00000000c0000000,0x00000000c277e848,0x00000000cb780000)
 Metaspace       used 64688K, capacity 67465K, committed 67752K, reserved 1107968K
  class space    used 8119K, capacity 8590K, committed 8624K, reserved 1048576K
}

Deoptimization events (10 events):
Event: 1061.806 Thread 0x000000001b373000 Uncommon trap: reason=array_check action=maybe_recompile pc=0x00000000060322d8 method=java.util.TimSort.mergeLo(IIII)V @ 133
Event: 1061.806 Thread 0x000000001b373000 Uncommon trap: reason=array_check action=maybe_recompile pc=0x0000000004e808f0 method=java.util.TimSort.mergeHi(IIII)V @ 657
Event: 1062.449 Thread 0x000000001b373000 Uncommon trap: reason=class_check action=maybe_recompile pc=0x0000000004074990 method=java.util.HashMap.removeNode(ILjava/lang/Object;Ljava/lang/Object;ZZ)Ljava/util/HashMap$Node; @ 143
Event: 1162.733 Thread 0x000000001b37a000 Uncommon trap: reason=array_check action=maybe_recompile pc=0x0000000005fb9920 method=java.util.ComparableTimSort.binarySort([Ljava/lang/Object;III)V @ 183
Event: 1162.735 Thread 0x000000001b37a000 Uncommon trap: reason=array_check action=maybe_recompile pc=0x0000000005fb9920 method=java.util.ComparableTimSort.binarySort([Ljava/lang/Object;III)V @ 183
Event: 1162.742 Thread 0x000000001b37a000 Uncommon trap: reason=array_check action=maybe_recompile pc=0x0000000005fb9920 method=java.util.ComparableTimSort.binarySort([Ljava/lang/Object;III)V @ 183
Event: 1162.743 Thread 0x000000001b37a000 Uncommon trap: reason=array_check action=maybe_recompile pc=0x0000000005fb9920 method=java.util.ComparableTimSort.binarySort([Ljava/lang/Object;III)V @ 183
Event: 1162.748 Thread 0x000000001b37a000 Uncommon trap: reason=array_check action=maybe_recompile pc=0x0000000003f2af44 method=java.util.ComparableTimSort.binarySort([Ljava/lang/Object;III)V @ 215
Event: 1163.709 Thread 0x000000001b37a000 Uncommon trap: reason=bimorphic action=maybe_recompile pc=0x00000000042ee894 method=com.sun.org.apache.xerces.internal.dom.NodeImpl.appendChild(Lorg/w3c/dom/Node;)Lorg/w3c/dom/Node; @ 3
Event: 1163.709 Thread 0x000000001b37a000 Uncommon trap: reason=bimorphic action=maybe_recompile pc=0x0000000004b645a0 method=com.sun.org.apache.xerces.internal.dom.CoreDocumentImpl.isKidOK(Lorg/w3c/dom/Node;Lorg/w3c/dom/Node;)Z @ 39

Internal exceptions (10 events):
Event: 1163.069 Thread 0x000000001b37a000 Exception <a 'sun/nio/fs/WindowsException'> (0x00000000f591e618) thrown at [C:\src\android\AOSP-openjdk\external\jetbrains\jdk\hotspot\src\share\vm\prims\jni.cpp, line 709]
Event: 1163.069 Thread 0x000000001b37a000 Exception <a 'sun/nio/fs/WindowsException'> (0x00000000f591f198) thrown at [C:\src\android\AOSP-openjdk\external\jetbrains\jdk\hotspot\src\share\vm\prims\jni.cpp, line 709]
Event: 1163.069 Thread 0x000000001b37a000 Exception <a 'sun/nio/fs/WindowsException'> (0x00000000f5921ff0) thrown at [C:\src\android\AOSP-openjdk\external\jetbrains\jdk\hotspot\src\share\vm\prims\jni.cpp, line 709]
Event: 1163.069 Thread 0x000000001b37a000 Exception <a 'sun/nio/fs/WindowsException'> (0x00000000f5922b38) thrown at [C:\src\android\AOSP-openjdk\external\jetbrains\jdk\hotspot\src\share\vm\prims\jni.cpp, line 709]
Event: 1163.069 Thread 0x000000001b37a000 Exception <a 'sun/nio/fs/WindowsException'> (0x00000000f59246b0) thrown at [C:\src\android\AOSP-openjdk\external\jetbrains\jdk\hotspot\src\share\vm\prims\jni.cpp, line 709]
Event: 1163.069 Thread 0x000000001b37a000 Exception <a 'sun/nio/fs/WindowsException'> (0x00000000f5925238) thrown at [C:\src\android\AOSP-openjdk\external\jetbrains\jdk\hotspot\src\share\vm\prims\jni.cpp, line 709]
Event: 1163.070 Thread 0x000000001b37a000 Exception <a 'sun/nio/fs/WindowsException'> (0x00000000f5928858) thrown at [C:\src\android\AOSP-openjdk\external\jetbrains\jdk\hotspot\src\share\vm\prims\jni.cpp, line 709]
Event: 1163.070 Thread 0x000000001b37a000 Exception <a 'sun/nio/fs/WindowsException'> (0x00000000f59291d8) thrown at [C:\src\android\AOSP-openjdk\external\jetbrains\jdk\hotspot\src\share\vm\prims\jni.cpp, line 709]
Event: 1163.070 Thread 0x000000001b37a000 Exception <a 'sun/nio/fs/WindowsException'> (0x00000000f592ac10) thrown at [C:\src\android\AOSP-openjdk\external\jetbrains\jdk\hotspot\src\share\vm\prims\jni.cpp, line 709]
Event: 1163.070 Thread 0x000000001b37a000 Exception <a 'sun/nio/fs/WindowsException'> (0x00000000f592b658) thrown at [C:\src\android\AOSP-openjdk\external\jetbrains\jdk\hotspot\src\share\vm\prims\jni.cpp, line 709]

Events (10 events):
Event: 1163.921 Thread 0x000000001b374000 Thread added: 0x000000001b374000
Event: 1163.967 Thread 0x000000001b376000 Thread added: 0x000000001b376000
Event: 1163.967 Thread 0x000000001b37c000 Thread added: 0x000000001b37c000
Event: 1163.967 Thread 0x000000001b37b800 Thread added: 0x000000001b37b800
Event: 1163.967 Thread 0x000000001b375800 Thread added: 0x000000001b375800
Event: 1163.972 Executing VM operation: RevokeBias
Event: 1163.976 Executing VM operation: RevokeBias done
Event: 1163.977 Thread 0x000000001b376000 Thread exited: 0x000000001b376000
Event: 1163.977 Executing VM operation: RevokeBias
Event: 1163.977 Executing VM operation: RevokeBias done


Dynamic libraries:
0x00007ff7a3ee0000 - 0x00007ff7a3f11000 	F:\android-studio\jre\bin\java.exe
0x00007ffd7d600000 - 0x00007ffd7d7d1000 	C:\WINDOWS\SYSTEM32\ntdll.dll
0x00007ffd7cae0000 - 0x00007ffd7cb8b000 	C:\WINDOWS\System32\KERNEL32.DLL
0x00007ffd7a4d0000 - 0x00007ffd7a6ed000 	C:\WINDOWS\System32\KERNELBASE.dll
0x00007ffd7cd20000 - 0x00007ffd7cdc2000 	C:\WINDOWS\System32\ADVAPI32.dll
0x00007ffd7c8d0000 - 0x00007ffd7c96e000 	C:\WINDOWS\System32\msvcrt.dll
0x00007ffd7acb0000 - 0x00007ffd7ad09000 	C:\WINDOWS\System32\sechost.dll
0x00007ffd7ab70000 - 0x00007ffd7ac91000 	C:\WINDOWS\System32\RPCRT4.dll
0x00007ffd7cb90000 - 0x00007ffd7ccf5000 	C:\WINDOWS\System32\USER32.dll
0x00007ffd79dd0000 - 0x00007ffd79dee000 	C:\WINDOWS\System32\win32u.dll
0x00007ffd7c890000 - 0x00007ffd7c8c4000 	C:\WINDOWS\System32\GDI32.dll
0x00007ffd79b40000 - 0x00007ffd79cc2000 	C:\WINDOWS\System32\gdi32full.dll
0x00007ffd73f00000 - 0x00007ffd7417a000 	C:\WINDOWS\WinSxS\amd64_microsoft.windows.common-controls_6595b64144ccf1df_6.0.14393.351_none_4213128bc687e6d3\COMCTL32.dll
0x00007ffd7c280000 - 0x00007ffd7c547000 	C:\WINDOWS\System32\combase.dll
0x00007ffd79cd0000 - 0x00007ffd79dc5000 	C:\WINDOWS\System32\ucrtbase.dll
0x00007ffd79ad0000 - 0x00007ffd79b3a000 	C:\WINDOWS\System32\bcryptPrimitives.dll
0x00007ffd7c860000 - 0x00007ffd7c88e000 	C:\WINDOWS\System32\IMM32.DLL
0x0000000062750000 - 0x0000000062822000 	F:\android-studio\jre\jre\bin\msvcr100.dll
0x0000000061e80000 - 0x00000000626bc000 	F:\android-studio\jre\jre\bin\server\jvm.dll
0x00007ffd7c550000 - 0x00007ffd7c558000 	C:\WINDOWS\System32\PSAPI.DLL
0x00007ffd77dc0000 - 0x00007ffd77de3000 	C:\WINDOWS\SYSTEM32\WINMM.dll
0x00007ffd6cd50000 - 0x00007ffd6cd59000 	C:\WINDOWS\SYSTEM32\WSOCK32.dll
0x00007ffd78680000 - 0x00007ffd7868a000 	C:\WINDOWS\SYSTEM32\VERSION.dll
0x00007ffd7c7f0000 - 0x00007ffd7c85a000 	C:\WINDOWS\System32\WS2_32.dll
0x00007ffd77ce0000 - 0x00007ffd77d0b000 	C:\WINDOWS\SYSTEM32\WINMMBASE.dll
0x00007ffd7a6f0000 - 0x00007ffd7a732000 	C:\WINDOWS\System32\cfgmgr32.dll
0x00007ffd6e5d0000 - 0x00007ffd6e5df000 	F:\android-studio\jre\jre\bin\verify.dll
0x00007ffd6d440000 - 0x00007ffd6d469000 	F:\android-studio\jre\jre\bin\java.dll
0x00007ffd6c0c0000 - 0x00007ffd6c0d6000 	F:\android-studio\jre\jre\bin\zip.dll
0x00007ffd7ad10000 - 0x00007ffd7c219000 	C:\WINDOWS\System32\SHELL32.dll
0x00007ffd79df0000 - 0x00007ffd7a4ca000 	C:\WINDOWS\System32\windows.storage.dll
0x00007ffd79a50000 - 0x00007ffd79a9c000 	C:\WINDOWS\System32\powrprof.dll
0x00007ffd7c220000 - 0x00007ffd7c272000 	C:\WINDOWS\System32\shlwapi.dll
0x00007ffd79ac0000 - 0x00007ffd79acf000 	C:\WINDOWS\System32\kernel.appcore.dll
0x00007ffd7a740000 - 0x00007ffd7a7e9000 	C:\WINDOWS\System32\shcore.dll
0x00007ffd79aa0000 - 0x00007ffd79ab4000 	C:\WINDOWS\System32\profapi.dll
0x00007ffd6bf40000 - 0x00007ffd6bf5a000 	F:\android-studio\jre\jre\bin\net.dll
0x00007ffd79210000 - 0x00007ffd7926c000 	C:\WINDOWS\system32\mswsock.dll
0x00007ffd6bf20000 - 0x00007ffd6bf31000 	F:\android-studio\jre\jre\bin\nio.dll
0x00007ffd66b20000 - 0x00007ffd66b32000 	C:\Users\Administrator\.gradle\native\19\windows-amd64\native-platform.dll
0x00007ffd794c0000 - 0x00007ffd794d7000 	C:\WINDOWS\SYSTEM32\CRYPTSP.dll
0x00007ffd79390000 - 0x00007ffd793c3000 	C:\WINDOWS\system32\rsaenh.dll
0x00007ffd79980000 - 0x00007ffd799ab000 	C:\WINDOWS\SYSTEM32\bcrypt.dll
0x00007ffd79080000 - 0x00007ffd7909f000 	C:\WINDOWS\SYSTEM32\USERENV.dll
0x00007ffd794b0000 - 0x00007ffd794bb000 	C:\WINDOWS\SYSTEM32\CRYPTBASE.dll
0x00007ffd78fa0000 - 0x00007ffd78fd8000 	C:\WINDOWS\SYSTEM32\IPHLPAPI.DLL
0x00007ffd7cad0000 - 0x00007ffd7cad8000 	C:\WINDOWS\System32\NSI.dll
0x00007ffd729f0000 - 0x00007ffd72a06000 	C:\WINDOWS\SYSTEM32\dhcpcsvc6.DLL
0x00007ffd729d0000 - 0x00007ffd729ea000 	C:\WINDOWS\SYSTEM32\dhcpcsvc.DLL
0x00007ffd6e520000 - 0x00007ffd6e52d000 	F:\android-studio\jre\jre\bin\management.dll
0x00007ffd66b40000 - 0x00007ffd66b64000 	F:\android-studio\jre\jre\bin\sunec.dll
0x00007ffd6d6f0000 - 0x00007ffd6d6fb000 	F:\android-studio\jre\jre\bin\sunmscapi.dll
0x00007ffd7a8a0000 - 0x00007ffd7aa69000 	C:\WINDOWS\System32\CRYPT32.dll
0x00007ffd79a40000 - 0x00007ffd79a50000 	C:\WINDOWS\System32\MSASN1.dll
0x00007ffd6c690000 - 0x00007ffd6c822000 	C:\WINDOWS\SYSTEM32\dbghelp.dll

VM Arguments:
jvm_args: -XX:MaxPermSize=256m -XX:+HeapDumpOnOutOfMemoryError -Xmx1024m -Dfile.encoding=GBK -Duser.country=CN -Duser.language=zh -Duser.variant 
java_command: org.gradle.launcher.daemon.bootstrap.GradleDaemon 2.14.1
java_class_path (initial): C:\Users\Administrator\.gradle\wrapper\dists\gradle-2.14.1-all\8bnwg5hd3w55iofp58khbp6yv\gradle-2.14.1\lib\gradle-launcher-2.14.1.jar
Launcher Type: SUN_STANDARD

Environment Variables:
PATH=C:\ProgramData\Oracle\Java\javapath;C:\Program Files (x86)\Intel\iCLS Client\;C:\Program Files\Intel\iCLS Client\;C:\Program Files (x86)\NVIDIA Corporation\PhysX\Common;C:\WINDOWS\system32;C:\WINDOWS;C:\WINDOWS\System32\Wbem;C:\WINDOWS\System32\WindowsPowerShell\v1.0\;C:\Program Files\Intel\Intel(R) Management Engine Components\DAL;C:\Program Files\Intel\Intel(R) Management Engine Components\IPT;C:\Program Files (x86)\Intel\Intel(R) Management Engine Components\DAL;C:\Program Files (x86)\Intel\Intel(R) Management Engine Components\IPT;C:\Program Files (x86)\Microsoft SQL Server\100\Tools\Binn\;C:\Program Files\Microsoft SQL Server\100\Tools\Binn\;C:\Program Files\Microsoft SQL Server\100\DTS\Binn\;C:\Program Files (x86)\Microsoft SQL Server\100\Tools\Binn\VSShell\Common7\IDE\;C:\Program Files (x86)\Microsoft Visual Studio 9.0\Common7\IDE\PrivateAssemblies\;C:\Program Files (x86)\Microsoft SQL Server\100\DTS\Binn\;C:\Program Files (x86)\Microsoft SQL Server\90\Tools\binn\;C:\WINDOWS\system32\config\systemprofile\.dnx\bin;C:\Program Files\Microsoft DNX\Dnvm\;C:\Program Files\TortoiseSVN\bin;C:\Program Files (x86)\VisualSVN\bin;C:\Program Files\Java\jdk1.8.0_91\bin;E:\Android studio\android-studio\gradle\gradle-2.10\bin;C:\Program Files\Microsoft SQL Server\120\Tools\Binn\;C:\Users\Administrator\AppData\Local\Microsoft\WindowsApps;
USERNAME=Administrator
OS=Windows_NT
PROCESSOR_IDENTIFIER=Intel64 Family 6 Model 60 Stepping 3, GenuineIntel



---------------  S Y S T E M  ---------------

OS: Windows 10.0 , 64 bit Build 14393 (10.0.14393.0)

CPU:total 4 (4 cores per cpu, 1 threads per core) family 6 model 60 stepping 3, cmov, cx8, fxsr, mmx, sse, sse2, sse3, ssse3, sse4.1, sse4.2, popcnt, avx, avx2, aes, clmul, erms, lzcnt, tsc, tscinvbit, bmi1, bmi2

Memory: 4k page, physical 8325052k(1564880k free), swap 12126140k(1909952k free)

vm_info: OpenJDK 64-Bit Server VM (25.112-b06) for windows-amd64 JRE (1.8.0_112-release-b06), built on Dec  8 2016 00:54:26 by "builder" with MS VC++ 10.0 (VS2010)

time: Tue Sep 19 15:00:14 2017
elapsed time: 1164 seconds (0d 0h 19m 24s)

