#
# A fatal error has been detected by the Java Runtime Environment:
#
#  EXCEPTION_ACCESS_VIOLATION (0xc0000005) at pc=0x00000000639d4078, pid=10568, tid=0x0000000000002734
#
# JRE version: OpenJDK Runtime Environment (8.0_76-b03) (build 1.8.0_76-release-b03)
# Java VM: OpenJDK 64-Bit Server VM (25.76-b03 mixed mode windows-amd64 compressed oops)
# Problematic frame:
# V  [jvm.dll+0x434078]
#
# Failed to write core dump. Minidumps are not enabled by default on client versions of Windows
#
# If you would like to submit a bug report, please visit:
#   http://bugreport.java.com/bugreport/crash.jsp
#

---------------  T H R E A D  ---------------

Current thread (0x0000000015c9f000):  JavaThread "C2 CompilerThread1" daemon [_thread_in_native, id=10036, stack(0x00000000176f0000,0x00000000177f0000)]

siginfo: ExceptionCode=0xc0000005, reading address 0xffffffffffffffff

Registers:
RAX=0x7250746e656d656c, RBX=0x000000001ce99c60, RCX=0x0000000018f96808, RDX=0x0000000000000001
RSP=0x00000000177edde0, RBP=0x00000000177eeab0, RSI=0x000000001ce99cb8, RDI=0x00000000177edff0
R8 =0x0000000000000000, R9 =0x0000000000000018, R10=0x0000000000000003, R11=0x0000000000002000
R12=0x00000000177edfe0, R13=0x0000000000000006, R14=0x0000000000000000, R15=0x0000000000000030
RIP=0x00000000639d4078, EFLAGS=0x0000000000010287

Top of Stack: (sp=0x00000000177edde0)
0x00000000177edde0:   000000001b1f9b60 000000001b1f9be8
0x00000000177eddf0:   00000000177eeab0 0000000063a6fa96
0x00000000177ede00:   00000000177eeab0 0000000000020338
0x00000000177ede10:   00000000177edfe0 000000001b528030
0x00000000177ede20:   00000000177ee040 0000000063a707de
0x00000000177ede30:   00000000177edf30 0000000063b40358
0x00000000177ede40:   0000000015c55880 00000000177edf30
0x00000000177ede50:   000000001b530018 00000000639db9c3
0x00000000177ede60:   0000000015c55880 00000000177edf60
0x00000000177ede70:   000000001b52dad0 000000001b528030
0x00000000177ede80:   0000000000000000 00000000177ef2b8
0x00000000177ede90:   0000000000000012 00000000190adf50
0x00000000177edea0:   00000000177ef448 00000000177ef460
0x00000000177edeb0:   0000000015ca1cd0 0000000000000004
0x00000000177edec0:   0000000000000000 0000000000000000
0x00000000177eded0:   0000000000000002 0000000000000000 

Instructions: (pc=0x00000000639d4078)
0x00000000639d4058:   8b d6 45 85 db 7e 64 4d 8b ce 66 66 66 66 66 66
0x00000000639d4068:   0f 1f 84 00 00 00 00 00 48 8b 73 10 49 8b 04 31
0x00000000639d4078:   8b 48 28 8b c1 c1 e8 05 3b 47 30 73 19 44 8b c0
0x00000000639d4088:   48 8b 47 38 83 e1 1f 42 8b 04 80 ba 01 00 00 00 


Register to memory mapping:

RAX=0x7250746e656d656c is an unknown value
RBX=0x000000001ce99c60 is an unknown value
RCX=0x0000000018f96808 is an unknown value
RDX=0x0000000000000001 is an unknown value
RSP=0x00000000177edde0 is pointing into the stack for thread: 0x0000000015c9f000
RBP=0x00000000177eeab0 is pointing into the stack for thread: 0x0000000015c9f000
RSI=0x000000001ce99cb8 is an unknown value
RDI=0x00000000177edff0 is pointing into the stack for thread: 0x0000000015c9f000
R8 =0x0000000000000000 is an unknown value
R9 =0x0000000000000018 is an unknown value
R10=0x0000000000000003 is an unknown value
R11=0x0000000000002000 is an unknown value
R12=0x00000000177edfe0 is pointing into the stack for thread: 0x0000000015c9f000
R13=0x0000000000000006 is an unknown value
R14=0x0000000000000000 is an unknown value
R15=0x0000000000000030 is an unknown value


Stack: [0x00000000176f0000,0x00000000177f0000],  sp=0x00000000177edde0,  free space=1015k
Native frames: (J=compiled Java code, j=interpreted, Vv=VM code, C=native code)
V  [jvm.dll+0x434078]
V  [jvm.dll+0x4d07de]
V  [jvm.dll+0x43b9c3]
V  [jvm.dll+0x41f212]
V  [jvm.dll+0x806e9]
V  [jvm.dll+0x8101f]
V  [jvm.dll+0x21bc14]
V  [jvm.dll+0x26b60a]
C  [msvcr100.dll+0x21d9f]
C  [msvcr100.dll+0x21e3b]
C  [KERNEL32.DLL+0x8364]
C  [ntdll.dll+0x65e91]


Current CompileTask:
C2:  13845 5222       4       com.sun.org.apache.xerces.internal.util.ParserConfigurationSettings::getFeature (20 bytes)


---------------  P R O C E S S  ---------------

Java Threads: ( => current thread )
  0x0000000018eec000 JavaThread "File lock request listener" [_thread_in_native, id=7152, stack(0x000000001b730000,0x000000001b830000)]
  0x0000000018ade000 JavaThread "Stdin handler" [_thread_blocked, id=9940, stack(0x000000001a260000,0x000000001a360000)]
  0x0000000018add000 JavaThread "Asynchronous log dispatcher for org.gradle.launcher.daemon.server.DefaultDaemonConnection@34a31362" [_thread_blocked, id=4312, stack(0x000000001a160000,0x000000001a260000)]
  0x0000000018b26000 JavaThread "Daemon worker" [_thread_in_Java, id=7148, stack(0x0000000019e60000,0x0000000019f60000)]
  0x0000000018b19800 JavaThread "Cancel handler" [_thread_blocked, id=6476, stack(0x0000000019d60000,0x0000000019e60000)]
  0x0000000018860000 JavaThread "Handler for socket connection from /127.0.0.1:60947 to /127.0.0.1:60948" [_thread_in_native, id=9996, stack(0x0000000019c60000,0x0000000019d60000)]
  0x000000001885d800 JavaThread "Daemon" [_thread_blocked, id=10616, stack(0x0000000019b60000,0x0000000019c60000)]
  0x0000000018995000 JavaThread "pool-1-thread-1" [_thread_blocked, id=7544, stack(0x0000000019a60000,0x0000000019b60000)]
  0x0000000018667800 JavaThread "Incoming local TCP Connector on port 60947" [_thread_in_native, id=3148, stack(0x0000000019480000,0x0000000019580000)]
  0x000000001732c800 JavaThread "Service Thread" daemon [_thread_blocked, id=9612, stack(0x00000000178f0000,0x00000000179f0000)]
  0x00000000172f4000 JavaThread "C1 CompilerThread2" daemon [_thread_blocked, id=10712, stack(0x00000000177f0000,0x00000000178f0000)]
=>0x0000000015c9f000 JavaThread "C2 CompilerThread1" daemon [_thread_in_native, id=10036, stack(0x00000000176f0000,0x00000000177f0000)]
  0x0000000015c9b800 JavaThread "C2 CompilerThread0" daemon [_thread_in_native, id=4740, stack(0x00000000171f0000,0x00000000172f0000)]
  0x0000000015c99800 JavaThread "Attach Listener" daemon [_thread_blocked, id=9292, stack(0x00000000170f0000,0x00000000171f0000)]
  0x0000000015cee800 JavaThread "Signal Dispatcher" daemon [_thread_blocked, id=2632, stack(0x0000000016ff0000,0x00000000170f0000)]
  0x00000000034f6800 JavaThread "Finalizer" daemon [_thread_blocked, id=5552, stack(0x0000000016ef0000,0x0000000016ff0000)]
  0x00000000034f1000 JavaThread "Reference Handler" daemon [_thread_blocked, id=9296, stack(0x0000000016df0000,0x0000000016ef0000)]
  0x00000000035be000 JavaThread "main" [_thread_blocked, id=10856, stack(0x0000000002f20000,0x0000000003020000)]

Other Threads:
  0x0000000015c55000 VMThread [stack: 0x0000000016cf0000,0x0000000016df0000] [id=5780]
  0x000000001732f000 WatcherThread [stack: 0x00000000179f0000,0x0000000017af0000] [id=10372]

VM state:not at safepoint (normal execution)

VM Mutex/Monitor currently owned by a thread: None

Heap:
 PSYoungGen      total 121856K, used 104619K [0x00000000eab00000, 0x00000000f3580000, 0x0000000100000000)
  eden space 113152K, 85% used [0x00000000eab00000,0x00000000f0928c38,0x00000000f1980000)
  from space 8704K, 94% used [0x00000000f2d00000,0x00000000f3502070,0x00000000f3580000)
  to   space 11264K, 0% used [0x00000000f1f80000,0x00000000f1f80000,0x00000000f2a80000)
 ParOldGen       total 93696K, used 18010K [0x00000000c0000000, 0x00000000c5b80000, 0x00000000eab00000)
  object space 93696K, 19% used [0x00000000c0000000,0x00000000c11968e0,0x00000000c5b80000)
 Metaspace       used 42229K, capacity 43146K, committed 43440K, reserved 1087488K
  class space    used 5587K, capacity 5805K, committed 5808K, reserved 1048576K

Card table byte_map: [0x0000000012980000,0x0000000012b90000] byte_map_base: 0x0000000012380000

Marking Bits: (ParMarkBitMap*) 0x0000000063d59d00
 Begin Bits: [0x00000000130f0000, 0x00000000140f0000)
 End Bits:   [0x00000000140f0000, 0x00000000150f0000)

Polling page: 0x00000000016d0000

CodeCache: size=245760Kb used=17146Kb max_used=17146Kb free=228613Kb
 bounds [0x00000000035c0000, 0x0000000004690000, 0x00000000125c0000]
 total_blobs=5536 nmethods=4843 adapters=605
 compilation: enabled

Compilation events (10 events):
Event: 13.805 Thread 0x00000000172f4000 5248       3       com.sun.org.apache.xerces.internal.impl.xs.models.XSDFACM::startContentModel (37 bytes)
Event: 13.805 Thread 0x00000000172f4000 nmethod 5248 0x0000000004675950 code [0x0000000004675ac0, 0x0000000004675db0]
Event: 13.805 Thread 0x00000000172f4000 5249       3       com.sun.org.apache.xerces.internal.impl.xs.models.XSDFACM::checkMinMaxBounds (175 bytes)
Event: 13.807 Thread 0x00000000172f4000 nmethod 5249 0x0000000004675f10 code [0x0000000004676380, 0x00000000046791b8]
Event: 13.807 Thread 0x00000000172f4000 5250       1       java.util.Locale::getDefault (4 bytes)
Event: 13.807 Thread 0x00000000172f4000 nmethod 5250 0x000000000460fe10 code [0x000000000460ff60, 0x0000000004610050]
Event: 13.807 Thread 0x00000000172f4000 5251       3       com.sun.org.apache.xerces.internal.impl.XMLScanner::scanPseudoAttribute (349 bytes)
Event: 13.808 Thread 0x00000000172f4000 nmethod 5251 0x000000000467add0 code [0x000000000467b1e0, 0x000000000467d4f8]
Event: 13.808 Thread 0x00000000172f4000 5252       3       com.sun.org.apache.xerces.internal.impl.XMLScanner::scanPseudoAttributeName (97 bytes)
Event: 13.809 Thread 0x00000000172f4000 nmethod 5252 0x000000000467e610 code [0x000000000467e7c0, 0x000000000467eb98]

GC Heap History (10 events):
Event: 10.053 GC heap before
{Heap before GC invocations=8 (full 1):
 PSYoungGen      total 59904K, used 54446K [0x00000000eab00000, 0x00000000ef980000, 0x0000000100000000)
  eden space 49152K, 100% used [0x00000000eab00000,0x00000000edb00000,0x00000000edb00000)
  from space 10752K, 49% used [0x00000000ee580000,0x00000000eeaab998,0x00000000ef000000)
  to   space 10752K, 0% used [0x00000000edb00000,0x00000000edb00000,0x00000000ee580000)
 ParOldGen       total 63488K, used 8798K [0x00000000c0000000, 0x00000000c3e00000, 0x00000000eab00000)
  object space 63488K, 13% used [0x00000000c0000000,0x00000000c0897968,0x00000000c3e00000)
 Metaspace       used 28183K, capacity 28748K, committed 28848K, reserved 1075200K
  class space    used 3852K, capacity 4008K, committed 4016K, reserved 1048576K
Event: 10.064 GC heap after
Heap after GC invocations=8 (full 1):
 PSYoungGen      total 59904K, used 5317K [0x00000000eab00000, 0x00000000f1200000, 0x0000000100000000)
  eden space 49152K, 0% used [0x00000000eab00000,0x00000000eab00000,0x00000000edb00000)
  from space 10752K, 49% used [0x00000000edb00000,0x00000000ee031528,0x00000000ee580000)
  to   space 10240K, 0% used [0x00000000f0800000,0x00000000f0800000,0x00000000f1200000)
 ParOldGen       total 63488K, used 8798K [0x00000000c0000000, 0x00000000c3e00000, 0x00000000eab00000)
  object space 63488K, 13% used [0x00000000c0000000,0x00000000c0897968,0x00000000c3e00000)
 Metaspace       used 28183K, capacity 28748K, committed 28848K, reserved 1075200K
  class space    used 3852K, capacity 4008K, committed 4016K, reserved 1048576K
}
Event: 11.054 GC heap before
{Heap before GC invocations=9 (full 1):
 PSYoungGen      total 59904K, used 54469K [0x00000000eab00000, 0x00000000f1200000, 0x0000000100000000)
  eden space 49152K, 100% used [0x00000000eab00000,0x00000000edb00000,0x00000000edb00000)
  from space 10752K, 49% used [0x00000000edb00000,0x00000000ee031528,0x00000000ee580000)
  to   space 10240K, 0% used [0x00000000f0800000,0x00000000f0800000,0x00000000f1200000)
 ParOldGen       total 63488K, used 8798K [0x00000000c0000000, 0x00000000c3e00000, 0x00000000eab00000)
  object space 63488K, 13% used [0x00000000c0000000,0x00000000c0897968,0x00000000c3e00000)
 Metaspace       used 29815K, capacity 30456K, committed 30640K, reserved 1075200K
  class space    used 4019K, capacity 4220K, committed 4272K, reserved 1048576K
Event: 11.078 GC heap after
Heap after GC invocations=9 (full 1):
 PSYoungGen      total 94208K, used 5683K [0x00000000eab00000, 0x00000000f1100000, 0x0000000100000000)
  eden space 84992K, 0% used [0x00000000eab00000,0x00000000eab00000,0x00000000efe00000)
  from space 9216K, 61% used [0x00000000f0800000,0x00000000f0d8ced8,0x00000000f1100000)
  to   space 9728K, 0% used [0x00000000efe00000,0x00000000efe00000,0x00000000f0780000)
 ParOldGen       total 63488K, used 8806K [0x00000000c0000000, 0x00000000c3e00000, 0x00000000eab00000)
  object space 63488K, 13% used [0x00000000c0000000,0x00000000c0899968,0x00000000c3e00000)
 Metaspace       used 29815K, capacity 30456K, committed 30640K, reserved 1075200K
  class space    used 4019K, capacity 4220K, committed 4272K, reserved 1048576K
}
Event: 11.977 GC heap before
{Heap before GC invocations=10 (full 1):
 PSYoungGen      total 94208K, used 72998K [0x00000000eab00000, 0x00000000f1100000, 0x0000000100000000)
  eden space 84992K, 79% used [0x00000000eab00000,0x00000000eecbccf0,0x00000000efe00000)
  from space 9216K, 61% used [0x00000000f0800000,0x00000000f0d8ced8,0x00000000f1100000)
  to   space 9728K, 0% used [0x00000000efe00000,0x00000000efe00000,0x00000000f0780000)
 ParOldGen       total 63488K, used 8806K [0x00000000c0000000, 0x00000000c3e00000, 0x00000000eab00000)
  object space 63488K, 13% used [0x00000000c0000000,0x00000000c0899968,0x00000000c3e00000)
 Metaspace       used 34674K, capacity 35324K, committed 35496K, reserved 1079296K
  class space    used 4654K, capacity 4858K, committed 4912K, reserved 1048576K
Event: 11.991 GC heap after
Heap after GC invocations=10 (full 1):
 PSYoungGen      total 94720K, used 9706K [0x00000000eab00000, 0x00000000f3800000, 0x0000000100000000)
  eden space 84992K, 0% used [0x00000000eab00000,0x00000000eab00000,0x00000000efe00000)
  from space 9728K, 99% used [0x00000000efe00000,0x00000000f077a800,0x00000000f0780000)
  to   space 11264K, 0% used [0x00000000f2d00000,0x00000000f2d00000,0x00000000f3800000)
 ParOldGen       total 63488K, used 9447K [0x00000000c0000000, 0x00000000c3e00000, 0x00000000eab00000)
  object space 63488K, 14% used [0x00000000c0000000,0x00000000c0939d60,0x00000000c3e00000)
 Metaspace       used 34674K, capacity 35324K, committed 35496K, reserved 1079296K
  class space    used 4654K, capacity 4858K, committed 4912K, reserved 1048576K
}
Event: 11.991 GC heap before
{Heap before GC invocations=11 (full 2):
 PSYoungGen      total 94720K, used 9706K [0x00000000eab00000, 0x00000000f3800000, 0x0000000100000000)
  eden space 84992K, 0% used [0x00000000eab00000,0x00000000eab00000,0x00000000efe00000)
  from space 9728K, 99% used [0x00000000efe00000,0x00000000f077a800,0x00000000f0780000)
  to   space 11264K, 0% used [0x00000000f2d00000,0x00000000f2d00000,0x00000000f3800000)
 ParOldGen       total 63488K, used 9447K [0x00000000c0000000, 0x00000000c3e00000, 0x00000000eab00000)
  object space 63488K, 14% used [0x00000000c0000000,0x00000000c0939d60,0x00000000c3e00000)
 Metaspace       used 34674K, capacity 35324K, committed 35496K, reserved 1079296K
  class space    used 4654K, capacity 4858K, committed 4912K, reserved 1048576K
Event: 12.105 GC heap after
Heap after GC invocations=11 (full 2):
 PSYoungGen      total 94720K, used 0K [0x00000000eab00000, 0x00000000f3800000, 0x0000000100000000)
  eden space 84992K, 0% used [0x00000000eab00000,0x00000000eab00000,0x00000000efe00000)
  from space 9728K, 0% used [0x00000000efe00000,0x00000000efe00000,0x00000000f0780000)
  to   space 11264K, 0% used [0x00000000f2d00000,0x00000000f2d00000,0x00000000f3800000)
 ParOldGen       total 93696K, used 18002K [0x00000000c0000000, 0x00000000c5b80000, 0x00000000eab00000)
  object space 93696K, 19% used [0x00000000c0000000,0x00000000c11948e0,0x00000000c5b80000)
 Metaspace       used 34674K, capacity 35324K, committed 35496K, reserved 1079296K
  class space    used 4654K, capacity 4858K, committed 4912K, reserved 1048576K
}
Event: 13.246 GC heap before
{Heap before GC invocations=12 (full 2):
 PSYoungGen      total 94720K, used 84992K [0x00000000eab00000, 0x00000000f3800000, 0x0000000100000000)
  eden space 84992K, 100% used [0x00000000eab00000,0x00000000efe00000,0x00000000efe00000)
  from space 9728K, 0% used [0x00000000efe00000,0x00000000efe00000,0x00000000f0780000)
  to   space 11264K, 0% used [0x00000000f2d00000,0x00000000f2d00000,0x00000000f3800000)
 ParOldGen       total 93696K, used 18002K [0x00000000c0000000, 0x00000000c5b80000, 0x00000000eab00000)
  object space 93696K, 19% used [0x00000000c0000000,0x00000000c11948e0,0x00000000c5b80000)
 Metaspace       used 41691K, capacity 42626K, committed 42928K, reserved 1087488K
  class space    used 5553K, capacity 5769K, committed 5808K, reserved 1048576K
Event: 13.263 GC heap after
Heap after GC invocations=12 (full 2):
 PSYoungGen      total 121856K, used 8200K [0x00000000eab00000, 0x00000000f3580000, 0x0000000100000000)
  eden space 113152K, 0% used [0x00000000eab00000,0x00000000eab00000,0x00000000f1980000)
  from space 8704K, 94% used [0x00000000f2d00000,0x00000000f3502070,0x00000000f3580000)
  to   space 11264K, 0% used [0x00000000f1f80000,0x00000000f1f80000,0x00000000f2a80000)
 ParOldGen       total 93696K, used 18010K [0x00000000c0000000, 0x00000000c5b80000, 0x00000000eab00000)
  object space 93696K, 19% used [0x00000000c0000000,0x00000000c11968e0,0x00000000c5b80000)
 Metaspace       used 41691K, capacity 42626K, committed 42928K, reserved 1087488K
  class space    used 5553K, capacity 5769K, committed 5808K, reserved 1048576K
}

Deoptimization events (10 events):
Event: 13.514 Thread 0x0000000018b26000 Uncommon trap: reason=class_check action=maybe_recompile pc=0x0000000004506704 method=java.util.regex.Matcher.search(I)Z @ 86
Event: 13.514 Thread 0x0000000018b26000 Uncommon trap: reason=class_check action=maybe_recompile pc=0x00000000044cb990 method=java.util.regex.Matcher.search(I)Z @ 86
Event: 13.521 Thread 0x0000000018b26000 Uncommon trap: reason=unstable_if action=reinterpret pc=0x000000000455aa38 method=java.lang.String$CaseInsensitiveComparator.compare(Ljava/lang/String;Ljava/lang/String;)I @ 70
Event: 13.564 Thread 0x0000000018b26000 Uncommon trap: reason=class_check action=maybe_recompile pc=0x00000000045f4680 method=java.util.Properties$LineReader.readLine()I @ 410
Event: 13.566 Thread 0x0000000018b26000 Uncommon trap: reason=class_check action=maybe_recompile pc=0x00000000045f4680 method=java.util.Properties$LineReader.readLine()I @ 410
Event: 13.569 Thread 0x0000000018b26000 Uncommon trap: reason=class_check action=maybe_recompile pc=0x00000000045f4680 method=java.util.Properties$LineReader.readLine()I @ 410
Event: 13.571 Thread 0x0000000018b26000 Uncommon trap: reason=class_check action=maybe_recompile pc=0x00000000045f4680 method=java.util.Properties$LineReader.readLine()I @ 410
Event: 13.603 Thread 0x0000000018b26000 Uncommon trap: reason=class_check action=maybe_recompile pc=0x0000000004506704 method=java.util.regex.Matcher.search(I)Z @ 86
Event: 13.603 Thread 0x0000000018b26000 Uncommon trap: reason=class_check action=maybe_recompile pc=0x0000000003f3a2dc method=java.util.regex.Matcher.search(I)Z @ 86
Event: 13.750 Thread 0x0000000018add000 Uncommon trap: reason=unstable_if action=reinterpret pc=0x000000000413339c method=com.esotericsoftware.kryo.io.Output.writeUtf8Length(I)V @ 4

Internal exceptions (10 events):
Event: 13.794 Thread 0x0000000018b26000 Exception <a 'sun/nio/fs/WindowsException'> (0x00000000efbd3618) thrown at [C:\src\android\AOSP-openjdk\external\jetbrains\jdk\hotspot\src\share\vm\prims\jni.cpp, line 709]
Event: 13.794 Thread 0x0000000018b26000 Exception <a 'sun/nio/fs/WindowsException'> (0x00000000efbd3f78) thrown at [C:\src\android\AOSP-openjdk\external\jetbrains\jdk\hotspot\src\share\vm\prims\jni.cpp, line 709]
Event: 13.794 Thread 0x0000000018b26000 Exception <a 'sun/nio/fs/WindowsException'> (0x00000000efbd5538) thrown at [C:\src\android\AOSP-openjdk\external\jetbrains\jdk\hotspot\src\share\vm\prims\jni.cpp, line 709]
Event: 13.794 Thread 0x0000000018b26000 Exception <a 'sun/nio/fs/WindowsException'> (0x00000000efbd5ed8) thrown at [C:\src\android\AOSP-openjdk\external\jetbrains\jdk\hotspot\src\share\vm\prims\jni.cpp, line 709]
Event: 13.795 Thread 0x0000000018b26000 Exception <a 'sun/nio/fs/WindowsException'> (0x00000000efbd9630) thrown at [C:\src\android\AOSP-openjdk\external\jetbrains\jdk\hotspot\src\share\vm\prims\jni.cpp, line 709]
Event: 13.795 Thread 0x0000000018b26000 Exception <a 'sun/nio/fs/WindowsException'> (0x00000000efbda008) thrown at [C:\src\android\AOSP-openjdk\external\jetbrains\jdk\hotspot\src\share\vm\prims\jni.cpp, line 709]
Event: 13.795 Thread 0x0000000018b26000 Exception <a 'sun/nio/fs/WindowsException'> (0x00000000efbdcb50) thrown at [C:\src\android\AOSP-openjdk\external\jetbrains\jdk\hotspot\src\share\vm\prims\jni.cpp, line 709]
Event: 13.795 Thread 0x0000000018b26000 Exception <a 'sun/nio/fs/WindowsException'> (0x00000000efbdd2e8) thrown at [C:\src\android\AOSP-openjdk\external\jetbrains\jdk\hotspot\src\share\vm\prims\jni.cpp, line 709]
Event: 13.795 Thread 0x0000000018b26000 Exception <a 'sun/nio/fs/WindowsException'> (0x00000000efbde768) thrown at [C:\src\android\AOSP-openjdk\external\jetbrains\jdk\hotspot\src\share\vm\prims\jni.cpp, line 709]
Event: 13.795 Thread 0x0000000018b26000 Exception <a 'sun/nio/fs/WindowsException'> (0x00000000efbdefc8) thrown at [C:\src\android\AOSP-openjdk\external\jetbrains\jdk\hotspot\src\share\vm\prims\jni.cpp, line 709]

Events (10 events):
Event: 13.765 loading class com/android/sdklib/repository/legacy/remote/internal/sources/SdkSysImgSource
Event: 13.765 loading class com/android/sdklib/repository/legacy/remote/internal/sources/SdkSysImgSource done
Event: 13.766 loading class com/android/sdklib/repository/legacy/remote/internal/ITaskMonitor
Event: 13.766 loading class com/android/sdklib/repository/legacy/remote/internal/ITaskMonitor done
Event: 13.766 loading class com/android/sdklib/repository/AndroidSdkHandler$1
Event: 13.766 loading class com/android/sdklib/repository/AndroidSdkHandler$1 done
Event: 13.798 Thread 0x0000000018b26000 DEOPT PACKING pc=0x000000000461db92 sp=0x0000000019f5c0d0
Event: 13.798 Thread 0x0000000018b26000 DEOPT UNPACKING pc=0x00000000036075bf sp=0x0000000019f5be58 mode 0
Event: 13.804 Thread 0x0000000018b26000 DEOPT PACKING pc=0x000000000461db92 sp=0x0000000019f5c0d0
Event: 13.805 Thread 0x0000000018b26000 DEOPT UNPACKING pc=0x00000000036075bf sp=0x0000000019f5be58 mode 0


Dynamic libraries:
0x00007ff7b6d50000 - 0x00007ff7b6d81000 	F:\android-studio\jre\bin\java.exe
0x00007ffb3f9a0000 - 0x00007ffb3fb71000 	C:\WINDOWS\SYSTEM32\ntdll.dll
0x00007ffb3ed70000 - 0x00007ffb3ee1b000 	C:\WINDOWS\System32\KERNEL32.DLL
0x00007ffb3c410000 - 0x00007ffb3c62d000 	C:\WINDOWS\System32\KERNELBASE.dll
0x00007ffb3d280000 - 0x00007ffb3d322000 	C:\WINDOWS\System32\ADVAPI32.dll
0x00007ffb3f7e0000 - 0x00007ffb3f87e000 	C:\WINDOWS\System32\msvcrt.dll
0x00007ffb3f880000 - 0x00007ffb3f8d9000 	C:\WINDOWS\System32\sechost.dll
0x00007ffb3e8c0000 - 0x00007ffb3e9e1000 	C:\WINDOWS\System32\RPCRT4.dll
0x00007ffb3ec00000 - 0x00007ffb3ed65000 	C:\WINDOWS\System32\USER32.dll
0x00007ffb3c240000 - 0x00007ffb3c25e000 	C:\WINDOWS\System32\win32u.dll
0x00007ffb3d070000 - 0x00007ffb3d0a4000 	C:\WINDOWS\System32\GDI32.dll
0x00007ffb3c630000 - 0x00007ffb3c7b2000 	C:\WINDOWS\System32\gdi32full.dll
0x00007ffb376c0000 - 0x00007ffb37939000 	C:\WINDOWS\WinSxS\amd64_microsoft.windows.common-controls_6595b64144ccf1df_6.0.14393.0_none_2d0f50fcbdb171b8\COMCTL32.dll
0x00007ffb3ee20000 - 0x00007ffb3f0e7000 	C:\WINDOWS\System32\combase.dll
0x00007ffb3c040000 - 0x00007ffb3c135000 	C:\WINDOWS\System32\ucrtbase.dll
0x00007ffb3cea0000 - 0x00007ffb3cf0a000 	C:\WINDOWS\System32\bcryptPrimitives.dll
0x00007ffb3d250000 - 0x00007ffb3d27e000 	C:\WINDOWS\System32\IMM32.DLL
0x00000000634c0000 - 0x0000000063592000 	F:\android-studio\jre\jre\bin\msvcr100.dll
0x00000000635a0000 - 0x0000000063dd4000 	F:\android-studio\jre\jre\bin\server\jvm.dll
0x00007ffb3f760000 - 0x00007ffb3f768000 	C:\WINDOWS\System32\PSAPI.DLL
0x00007ffb2da30000 - 0x00007ffb2da39000 	C:\WINDOWS\SYSTEM32\WSOCK32.dll
0x00007ffb3f770000 - 0x00007ffb3f7da000 	C:\WINDOWS\System32\WS2_32.dll
0x00007ffb3a050000 - 0x00007ffb3a073000 	C:\WINDOWS\SYSTEM32\WINMM.dll
0x00007ffb3aa20000 - 0x00007ffb3aa2a000 	C:\WINDOWS\SYSTEM32\VERSION.dll
0x00007ffb3a020000 - 0x00007ffb3a04b000 	C:\WINDOWS\SYSTEM32\WINMMBASE.dll
0x00007ffb3c140000 - 0x00007ffb3c182000 	C:\WINDOWS\System32\cfgmgr32.dll
0x00007ffb317e0000 - 0x00007ffb317ef000 	F:\android-studio\jre\jre\bin\verify.dll
0x00007ffb2fc20000 - 0x00007ffb2fc49000 	F:\android-studio\jre\jre\bin\java.dll
0x00007ffb2b5f0000 - 0x00007ffb2b606000 	F:\android-studio\jre\jre\bin\zip.dll
0x00007ffb3d330000 - 0x00007ffb3e838000 	C:\WINDOWS\System32\SHELL32.dll
0x00007ffb3c7c0000 - 0x00007ffb3ce9a000 	C:\WINDOWS\System32\windows.storage.dll
0x00007ffb3be10000 - 0x00007ffb3be5c000 	C:\WINDOWS\System32\powrprof.dll
0x00007ffb3f0f0000 - 0x00007ffb3f142000 	C:\WINDOWS\System32\shlwapi.dll
0x00007ffb3be60000 - 0x00007ffb3be6f000 	C:\WINDOWS\System32\kernel.appcore.dll
0x00007ffb3c190000 - 0x00007ffb3c239000 	C:\WINDOWS\System32\shcore.dll
0x00007ffb3bdf0000 - 0x00007ffb3be04000 	C:\WINDOWS\System32\profapi.dll
0x00007ffb2b4c0000 - 0x00007ffb2b4da000 	F:\android-studio\jre\jre\bin\net.dll
0x00007ffb3b5b0000 - 0x00007ffb3b60c000 	C:\WINDOWS\system32\mswsock.dll
0x00007ffb2b4a0000 - 0x00007ffb2b4b1000 	F:\android-studio\jre\jre\bin\nio.dll
0x00007ffb29de0000 - 0x00007ffb29df2000 	C:\Users\Administrator\.gradle\native\19\windows-amd64\native-platform.dll
0x00007ffb3b860000 - 0x00007ffb3b877000 	C:\WINDOWS\SYSTEM32\CRYPTSP.dll
0x00007ffb3b730000 - 0x00007ffb3b763000 	C:\WINDOWS\system32\rsaenh.dll
0x00007ffb3bd20000 - 0x00007ffb3bd4b000 	C:\WINDOWS\SYSTEM32\bcrypt.dll
0x00007ffb3b430000 - 0x00007ffb3b44f000 	C:\WINDOWS\SYSTEM32\USERENV.dll
0x00007ffb3b850000 - 0x00007ffb3b85b000 	C:\WINDOWS\SYSTEM32\CRYPTBASE.dll
0x00007ffb3b340000 - 0x00007ffb3b378000 	C:\WINDOWS\SYSTEM32\IPHLPAPI.DLL
0x00007ffb3e840000 - 0x00007ffb3e848000 	C:\WINDOWS\System32\NSI.dll
0x00007ffb349b0000 - 0x00007ffb349c6000 	C:\WINDOWS\SYSTEM32\dhcpcsvc6.DLL
0x00007ffb34990000 - 0x00007ffb349aa000 	C:\WINDOWS\SYSTEM32\dhcpcsvc.DLL
0x00007ffb317d0000 - 0x00007ffb317dd000 	F:\android-studio\jre\jre\bin\management.dll
0x00007ffb2abb0000 - 0x00007ffb2ad42000 	C:\WINDOWS\SYSTEM32\dbghelp.dll

VM Arguments:
jvm_args: -XX:MaxPermSize=256m -XX:+HeapDumpOnOutOfMemoryError -Xmx1024m -Dfile.encoding=GBK -Duser.country=CN -Duser.language=zh -Duser.variant 
java_command: org.gradle.launcher.daemon.bootstrap.GradleDaemon 2.14.1
java_class_path (initial): F:\android-studio\gradle\gradle-2.14.1\lib\gradle-launcher-2.14.1.jar
Launcher Type: SUN_STANDARD

Environment Variables:
PATH=C:\ProgramData\Oracle\Java\javapath;C:\Program Files (x86)\Intel\iCLS Client\;C:\Program Files\Intel\iCLS Client\;C:\Program Files (x86)\NVIDIA Corporation\PhysX\Common;C:\WINDOWS\system32;C:\WINDOWS;C:\WINDOWS\System32\Wbem;C:\WINDOWS\System32\WindowsPowerShell\v1.0\;C:\Program Files\Intel\Intel(R) Management Engine Components\DAL;C:\Program Files\Intel\Intel(R) Management Engine Components\IPT;C:\Program Files (x86)\Intel\Intel(R) Management Engine Components\DAL;C:\Program Files (x86)\Intel\Intel(R) Management Engine Components\IPT;C:\Program Files (x86)\Microsoft SQL Server\100\Tools\Binn\;C:\Program Files\Microsoft SQL Server\100\Tools\Binn\;C:\Program Files\Microsoft SQL Server\100\DTS\Binn\;C:\Program Files (x86)\Microsoft SQL Server\100\Tools\Binn\VSShell\Common7\IDE\;C:\Program Files (x86)\Microsoft Visual Studio 9.0\Common7\IDE\PrivateAssemblies\;C:\Program Files (x86)\Microsoft SQL Server\100\DTS\Binn\;C:\Program Files (x86)\Microsoft SQL Server\90\Tools\binn\;C:\WINDOWS\system32\config\systemprofile\.dnx\bin;C:\Program Files\Microsoft DNX\Dnvm\;C:\Program Files\TortoiseSVN\bin;C:\Program Files (x86)\VisualSVN\bin;C:\Program Files\Java\jdk1.8.0_91\bin;E:\Android studio\android-studio\gradle\gradle-2.10\bin;C:\Users\Administrator\AppData\Local\Microsoft\WindowsApps;
USERNAME=Administrator
OS=Windows_NT
PROCESSOR_IDENTIFIER=Intel64 Family 6 Model 60 Stepping 3, GenuineIntel



---------------  S Y S T E M  ---------------

OS: Windows 10.0 , 64 bit Build 14393 (10.0.14393.0)

CPU:total 4 (4 cores per cpu, 1 threads per core) family 6 model 60 stepping 3, cmov, cx8, fxsr, mmx, sse, sse2, sse3, ssse3, sse4.1, sse4.2, popcnt, avx, avx2, aes, clmul, erms, lzcnt, tsc, tscinvbit, bmi1, bmi2

Memory: 4k page, physical 8325052k(4669692k free), swap 10553276k(5355360k free)

vm_info: OpenJDK 64-Bit Server VM (25.76-b03) for windows-amd64 JRE (1.8.0_76-release-b03), built on Jun 29 2016 19:09:20 by "ralucas" with MS VC++ 10.0 (VS2010)

time: Fri Oct 21 13:38:11 2016
elapsed time: 13 seconds (0d 0h 0m 13s)

