#
# A fatal error has been detected by the Java Runtime Environment:
#
#  EXCEPTION_ACCESS_VIOLATION (0xc0000005) at pc=0x000000006c3ab4b9, pid=12048, tid=0x0000000000002464
#
# JRE version: OpenJDK Runtime Environment (8.0_112-b06) (build 1.8.0_112-release-b06)
# Java VM: OpenJDK 64-Bit Server VM (25.112-b06 mixed mode windows-amd64 compressed oops)
# Problematic frame:
# V  [jvm.dll+0x3bb4b9]
#
# Failed to write core dump. Minidumps are not enabled by default on client versions of Windows
#
# If you would like to submit a bug report, please visit:
#   http://bugreport.java.com/bugreport/crash.jsp
#

---------------  T H R E A D  ---------------

Current thread (0x000000000344b000):  GCTaskThread [stack: 0x0000000012e60000,0x0000000012f60000] [id=9316]

siginfo: ExceptionCode=0xc0000005, reading address 0x0000000000000120

Registers:
RAX=0x0000000000000000, RBX=0x00000000128fe181, RCX=0x0000000100223030, RDX=0x0000000015be3380
RSP=0x0000000012f5f820, RBP=0x00000000128fe181, RSI=0x00000000c1c30028, RDI=0x00000000c1c2cc78
R8 =0x00000000c1c2cc78, R9 =0x0000000100223030, R10=0x000000000000000c, R11=0x000000000000000c
R12=0x00000000128fe101, R13=0x0000000015be3380, R14=0x000000000343e620, R15=0x000000000000000c
RIP=0x000000006c3ab4b9, EFLAGS=0x0000000000010207

Top of Stack: (sp=0x0000000012f5f820)
0x0000000012f5f820:   00000000128fe181 00000000128fe181
0x0000000012f5f830:   00000000c1c30028 00000000f50f00cd
0x0000000012f5f840:   00000000128fe000 000000001290d887
0x0000000012f5f850:   0000000000000200 0000000000000100
0x0000000012f5f860:   0000000003430750 00000000034432e0
0x0000000012f5f870:   000000006c602780 0000000000000000
0x0000000012f5f880:   0000000000000000 00000000034d1fc0
0x0000000012f5f890:   000000000344b490 000000000344b480
0x0000000012f5f8a0:   0000000015be3380 000000006c3bdb12
0x0000000012f5f8b0:   00000000128fe100 000000000343e7e0
0x0000000012f5f8c0:   00000000c1c30028 00000000c3b10d20
0x0000000012f5f8d0:   0000000015be3380 0000000000000002
0x0000000012f5f8e0:   0000000000000004 0000000000000000
0x0000000012f5f8f0:   00000000034d1fc0 000000006c3ace6e
0x0000000012f5f900:   000000000344b000 0000000000000000
0x0000000012f5f910:   0000000000000000 0000000000000000 

Instructions: (pc=0x000000006c3ab4b9)
0x000000006c3ab499:   b3 d1 39 00 eb 04 4c 8b 4f 08 41 81 79 08 00 00
0x000000006c3ab4a9:   00 c0 73 12 49 8b 01 4c 8b c7 49 8b d5 49 8b c9
0x000000006c3ab4b9:   ff 90 20 01 00 00 80 3d ab c3 3f 00 00 74 16 44
0x000000006c3ab4c9:   8b 47 08 8b 0d 86 d1 39 00 49 d3 e0 4c 03 05 74 


Register to memory mapping:

RAX=0x0000000000000000 is an unknown value
RBX=0x00000000128fe181 is an unknown value
RCX=0x0000000100223030 is pointing into metadata
RDX=0x0000000015be3380 is an unknown value
RSP=0x0000000012f5f820 is an unknown value
RBP=0x00000000128fe181 is an unknown value
RSI=0x00000000c1c30028 is an oop
java.util.regex.Pattern$Begin 
 - klass: 'java/util/regex/Pattern$Begin'
RDI=
[error occurred during error reporting (printing register info), id 0xc0000005]

Stack: [0x0000000012e60000,0x0000000012f60000],  sp=0x0000000012f5f820,  free space=1022k
Native frames: (J=compiled Java code, j=interpreted, Vv=VM code, C=native code)
V  [jvm.dll+0x3bb4b9]
V  [jvm.dll+0x3cdb12]
V  [jvm.dll+0x3bce6e]
V  [jvm.dll+0x26c13a]
C  [msvcr100.dll+0x21d9f]
C  [msvcr100.dll+0x21e3b]
C  [KERNEL32.DLL+0x8364]
C  [ntdll.dll+0x65e91]


---------------  P R O C E S S  ---------------

Java Threads: ( => current thread )
  0x000000001acd6000 JavaThread "pool-4-thread-3" [_thread_blocked, id=10920, stack(0x0000000021b10000,0x0000000021c10000)]
  0x000000001acd1800 JavaThread "pool-4-thread-2" [_thread_blocked, id=5504, stack(0x0000000021a10000,0x0000000021b10000)]
  0x000000001acd5800 JavaThread "pool-4-thread-1" [_thread_blocked, id=2912, stack(0x000000001ff70000,0x0000000020070000)]
  0x000000001acd3000 JavaThread "File lock request listener" [_thread_in_native, id=9976, stack(0x000000001dc00000,0x000000001dd00000)]
  0x0000000018435000 JavaThread "Stdin handler" [_thread_blocked, id=2904, stack(0x0000000019e80000,0x0000000019f80000)]
  0x0000000018434000 JavaThread "Asynchronous log dispatcher for org.gradle.launcher.daemon.server.DefaultDaemonConnection@7f37c5db" [_thread_blocked, id=11280, stack(0x0000000019b80000,0x0000000019c80000)]
  0x0000000017c44000 JavaThread "Daemon worker" [_thread_blocked, id=10804, stack(0x0000000019a80000,0x0000000019b80000)]
  0x0000000017c40000 JavaThread "Cancel handler" [_thread_blocked, id=11948, stack(0x0000000019980000,0x0000000019a80000)]
  0x0000000017c6b800 JavaThread "Handler for socket connection from /127.0.0.1:2009 to /127.0.0.1:2013" [_thread_in_native, id=1344, stack(0x0000000019880000,0x0000000019980000)]
  0x0000000017c6a800 JavaThread "Daemon" [_thread_blocked, id=3080, stack(0x0000000019780000,0x0000000019880000)]
  0x0000000017c67800 JavaThread "pool-1-thread-1" [_thread_blocked, id=3812, stack(0x0000000019680000,0x0000000019780000)]
  0x0000000017c94800 JavaThread "Incoming local TCP Connector on port 2009" [_thread_in_native, id=4340, stack(0x00000000192e0000,0x00000000193e0000)]
  0x0000000017058000 JavaThread "Service Thread" daemon [_thread_blocked, id=11304, stack(0x00000000178e0000,0x00000000179e0000)]
  0x0000000015c7e800 JavaThread "C1 CompilerThread2" daemon [_thread_blocked, id=10484, stack(0x00000000177e0000,0x00000000178e0000)]
  0x0000000015c7b800 JavaThread "C2 CompilerThread1" daemon [_thread_blocked, id=4720, stack(0x00000000176e0000,0x00000000177e0000)]
  0x0000000015c34800 JavaThread "C2 CompilerThread0" daemon [_thread_blocked, id=9856, stack(0x00000000175e0000,0x00000000176e0000)]
  0x0000000015c32800 JavaThread "Attach Listener" daemon [_thread_blocked, id=10760, stack(0x00000000174e0000,0x00000000175e0000)]
  0x0000000016fe8800 JavaThread "Signal Dispatcher" daemon [_thread_blocked, id=11220, stack(0x00000000173e0000,0x00000000174e0000)]
  0x000000000352d000 JavaThread "Finalizer" daemon [_thread_blocked, id=7312, stack(0x0000000016e80000,0x0000000016f80000)]
  0x0000000015be7000 JavaThread "Reference Handler" daemon [_thread_blocked, id=10524, stack(0x0000000016d80000,0x0000000016e80000)]
  0x000000000342e000 JavaThread "main" [_thread_blocked, id=9348, stack(0x0000000003300000,0x0000000003400000)]

Other Threads:
  0x0000000015be5000 VMThread [stack: 0x0000000016c80000,0x0000000016d80000] [id=7612]
  0x0000000017065000 WatcherThread [stack: 0x00000000179e0000,0x0000000017ae0000] [id=5748]

=>0x000000000344b000 (exited) GCTaskThread [stack: 0x0000000012e60000,0x0000000012f60000] [id=9316]

VM state:at safepoint (normal execution)

VM Mutex/Monitor currently owned by a thread:  ([mutex/lock_event])
[0x000000000342d470] Threads_lock - owner thread: 0x0000000015be5000
[0x000000000342de70] Heap_lock - owner thread: 0x0000000017c44000

Heap:
 PSYoungGen      total 134144K, used 122786K [0x00000000eab00000, 0x00000000f6180000, 0x0000000100000000)
  eden space 119296K, 100% used [0x00000000eab00000,0x00000000f1f80000,0x00000000f1f80000)
  from space 14848K, 23% used [0x00000000f1f80000,0x00000000f22e8ba8,0x00000000f2e00000)
  to   space 22016K, 38% used [0x00000000f4c00000,0x00000000f5432928,0x00000000f6180000)
 ParOldGen       total 130048K, used 63994K [0x00000000c0000000, 0x00000000c7f00000, 0x00000000eab00000)
  object space 130048K, 49% used [0x00000000c0000000,0x00000000c3e7ea80,0x00000000c7f00000)
 Metaspace       used 58028K, capacity 59622K, committed 59776K, reserved 1101824K
  class space    used 7434K, capacity 7802K, committed 7808K, reserved 1048576K

Card table byte_map: [0x00000000128f0000,0x0000000012b00000] byte_map_base: 0x00000000122f0000

Marking Bits: (ParMarkBitMap*) 0x000000006c7b18f0
 Begin Bits: [0x0000000013060000, 0x0000000014060000)
 End Bits:   [0x0000000014060000, 0x0000000015060000)

Polling page: 0x0000000002f90000

CodeCache: size=245760Kb used=33352Kb max_used=33483Kb free=212407Kb
 bounds [0x0000000003530000, 0x0000000005610000, 0x0000000012530000]
 total_blobs=9913 nmethods=9182 adapters=642
 compilation: enabled

Compilation events (10 events):
Event: 56.993 Thread 0x0000000015c7e800 11136       3       com.sun.tools.javac.comp.Check::checkCyclicConstructors (175 bytes)
Event: 56.994 Thread 0x0000000015c7e800 nmethod 11136 0x0000000005127610 code [0x0000000005127880, 0x0000000005128aa8]
Event: 56.994 Thread 0x0000000015c7e800 11137   !   3       com.sun.tools.javac.comp.Check::checkNonCyclicElements (191 bytes)
Event: 56.994 Thread 0x0000000015c7e800 nmethod 11137 0x00000000051cd3d0 code [0x00000000051cd620, 0x00000000051ce588]
Event: 56.995 Thread 0x0000000015c7e800 11138       3       com.sun.tools.javac.comp.Check::checkAllDefined (79 bytes)
Event: 56.996 Thread 0x0000000015c7e800 nmethod 11138 0x00000000051252d0 code [0x0000000005125580, 0x0000000005126a68]
Event: 56.996 Thread 0x0000000015c7e800 11139       3       com.sun.tools.javac.tree.TreeInfo::isSelfCall (41 bytes)
Event: 56.996 Thread 0x0000000015c7e800 nmethod 11139 0x00000000051135d0 code [0x0000000005113740, 0x00000000051139a8]
Event: 56.996 Thread 0x0000000015c7e800 11140       3       com.sun.tools.javac.tree.TreeInfo::calledMethodName (46 bytes)
Event: 56.997 Thread 0x0000000015c7e800 nmethod 11140 0x00000000050d3190 code [0x00000000050d3360, 0x00000000050d3b48]

GC Heap History (10 events):
Event: 38.223 GC heap after
Heap after GC invocations=20 (full 2):
 PSYoungGen      total 109056K, used 9065K [0x00000000eab00000, 0x00000000f2300000, 0x0000000100000000)
  eden space 99328K, 0% used [0x00000000eab00000,0x00000000eab00000,0x00000000f0c00000)
  from space 9728K, 93% used [0x00000000f1680000,0x00000000f1f5a7d0,0x00000000f2000000)
  to   space 10752K, 0% used [0x00000000f0c00000,0x00000000f0c00000,0x00000000f1680000)
 ParOldGen       total 61440K, used 20916K [0x00000000c0000000, 0x00000000c3c00000, 0x00000000eab00000)
  object space 61440K, 34% used [0x00000000c0000000,0x00000000c146d010,0x00000000c3c00000)
 Metaspace       used 47867K, capacity 49176K, committed 49280K, reserved 1091584K
  class space    used 6386K, capacity 6683K, committed 6784K, reserved 1048576K
}
Event: 42.897 GC heap before
{Heap before GC invocations=21 (full 2):
 PSYoungGen      total 109056K, used 108393K [0x00000000eab00000, 0x00000000f2300000, 0x0000000100000000)
  eden space 99328K, 100% used [0x00000000eab00000,0x00000000f0c00000,0x00000000f0c00000)
  from space 9728K, 93% used [0x00000000f1680000,0x00000000f1f5a7d0,0x00000000f2000000)
  to   space 10752K, 0% used [0x00000000f0c00000,0x00000000f0c00000,0x00000000f1680000)
 ParOldGen       total 61440K, used 20916K [0x00000000c0000000, 0x00000000c3c00000, 0x00000000eab00000)
  object space 61440K, 34% used [0x00000000c0000000,0x00000000c146d010,0x00000000c3c00000)
 Metaspace       used 50097K, capacity 51516K, committed 51840K, reserved 1093632K
  class space    used 6617K, capacity 6917K, committed 7040K, reserved 1048576K
Event: 42.910 GC heap after
Heap after GC invocations=21 (full 2):
 PSYoungGen      total 110080K, used 10736K [0x00000000eab00000, 0x00000000f3e80000, 0x0000000100000000)
  eden space 99328K, 0% used [0x00000000eab00000,0x00000000eab00000,0x00000000f0c00000)
  from space 10752K, 99% used [0x00000000f0c00000,0x00000000f167c010,0x00000000f1680000)
  to   space 14848K, 0% used [0x00000000f3000000,0x00000000f3000000,0x00000000f3e80000)
 ParOldGen       total 61440K, used 29056K [0x00000000c0000000, 0x00000000c3c00000, 0x00000000eab00000)
  object space 61440K, 47% used [0x00000000c0000000,0x00000000c1c602a0,0x00000000c3c00000)
 Metaspace       used 50097K, capacity 51516K, committed 51840K, reserved 1093632K
  class space    used 6617K, capacity 6917K, committed 7040K, reserved 1048576K
}
Event: 48.213 GC heap before
{Heap before GC invocations=22 (full 2):
 PSYoungGen      total 110080K, used 110064K [0x00000000eab00000, 0x00000000f3e80000, 0x0000000100000000)
  eden space 99328K, 100% used [0x00000000eab00000,0x00000000f0c00000,0x00000000f0c00000)
  from space 10752K, 99% used [0x00000000f0c00000,0x00000000f167c010,0x00000000f1680000)
  to   space 14848K, 0% used [0x00000000f3000000,0x00000000f3000000,0x00000000f3e80000)
 ParOldGen       total 61440K, used 29056K [0x00000000c0000000, 0x00000000c3c00000, 0x00000000eab00000)
  object space 61440K, 47% used [0x00000000c0000000,0x00000000c1c602a0,0x00000000c3c00000)
 Metaspace       used 51630K, capacity 53052K, committed 53248K, reserved 1095680K
  class space    used 6794K, capacity 7125K, committed 7168K, reserved 1048576K
Event: 48.225 GC heap after
Heap after GC invocations=22 (full 2):
 PSYoungGen      total 132096K, used 4122K [0x00000000eab00000, 0x00000000f3c80000, 0x0000000100000000)
  eden space 119296K, 0% used [0x00000000eab00000,0x00000000eab00000,0x00000000f1f80000)
  from space 12800K, 32% used [0x00000000f3000000,0x00000000f3406b10,0x00000000f3c80000)
  to   space 14848K, 0% used [0x00000000f1f80000,0x00000000f1f80000,0x00000000f2e00000)
 ParOldGen       total 61440K, used 39036K [0x00000000c0000000, 0x00000000c3c00000, 0x00000000eab00000)
  object space 61440K, 63% used [0x00000000c0000000,0x00000000c261f350,0x00000000c3c00000)
 Metaspace       used 51630K, capacity 53052K, committed 53248K, reserved 1095680K
  class space    used 6794K, capacity 7125K, committed 7168K, reserved 1048576K
}
Event: 54.270 GC heap before
{Heap before GC invocations=23 (full 2):
 PSYoungGen      total 132096K, used 123418K [0x00000000eab00000, 0x00000000f3c80000, 0x0000000100000000)
  eden space 119296K, 100% used [0x00000000eab00000,0x00000000f1f80000,0x00000000f1f80000)
  from space 12800K, 32% used [0x00000000f3000000,0x00000000f3406b10,0x00000000f3c80000)
  to   space 14848K, 0% used [0x00000000f1f80000,0x00000000f1f80000,0x00000000f2e00000)
 ParOldGen       total 61440K, used 39036K [0x00000000c0000000, 0x00000000c3c00000, 0x00000000eab00000)
  object space 61440K, 63% used [0x00000000c0000000,0x00000000c261f350,0x00000000c3c00000)
 Metaspace       used 56445K, capacity 57996K, committed 58240K, reserved 1099776K
  class space    used 7347K, capacity 7707K, committed 7808K, reserved 1048576K
Event: 54.305 GC heap after
Heap after GC invocations=23 (full 2):
 PSYoungGen      total 134144K, used 14836K [0x00000000eab00000, 0x00000000f6180000, 0x0000000100000000)
  eden space 119296K, 0% used [0x00000000eab00000,0x00000000eab00000,0x00000000f1f80000)
  from space 14848K, 99% used [0x00000000f1f80000,0x00000000f2dfd190,0x00000000f2e00000)
  to   space 22016K, 0% used [0x00000000f4c00000,0x00000000f4c00000,0x00000000f6180000)
 ParOldGen       total 61440K, used 52360K [0x00000000c0000000, 0x00000000c3c00000, 0x00000000eab00000)
  object space 61440K, 85% used [0x00000000c0000000,0x00000000c3322068,0x00000000c3c00000)
 Metaspace       used 56445K, capacity 57996K, committed 58240K, reserved 1099776K
  class space    used 7347K, capacity 7707K, committed 7808K, reserved 1048576K
}
Event: 54.305 GC heap before
{Heap before GC invocations=24 (full 3):
 PSYoungGen      total 134144K, used 14836K [0x00000000eab00000, 0x00000000f6180000, 0x0000000100000000)
  eden space 119296K, 0% used [0x00000000eab00000,0x00000000eab00000,0x00000000f1f80000)
  from space 14848K, 99% used [0x00000000f1f80000,0x00000000f2dfd190,0x00000000f2e00000)
  to   space 22016K, 0% used [0x00000000f4c00000,0x00000000f4c00000,0x00000000f6180000)
 ParOldGen       total 61440K, used 52360K [0x00000000c0000000, 0x00000000c3c00000, 0x00000000eab00000)
  object space 61440K, 85% used [0x00000000c0000000,0x00000000c3322068,0x00000000c3c00000)
 Metaspace       used 56445K, capacity 57996K, committed 58240K, reserved 1099776K
  class space    used 7347K, capacity 7707K, committed 7808K, reserved 1048576K
Event: 54.623 GC heap after
Heap after GC invocations=24 (full 3):
 PSYoungGen      total 134144K, used 3490K [0x00000000eab00000, 0x00000000f6180000, 0x0000000100000000)
  eden space 119296K, 0% used [0x00000000eab00000,0x00000000eab00000,0x00000000f1f80000)
  from space 14848K, 23% used [0x00000000f1f80000,0x00000000f22e8ba8,0x00000000f2e00000)
  to   space 22016K, 0% used [0x00000000f4c00000,0x00000000f4c00000,0x00000000f6180000)
 ParOldGen       total 130048K, used 60483K [0x00000000c0000000, 0x00000000c7f00000, 0x00000000eab00000)
  object space 130048K, 46% used [0x00000000c0000000,0x00000000c3b10d20,0x00000000c7f00000)
 Metaspace       used 56444K, capacity 57990K, committed 58240K, reserved 1099776K
  class space    used 7346K, capacity 7706K, committed 7808K, reserved 1048576K
}
Event: 57.000 GC heap before
{Heap before GC invocations=25 (full 3):
 PSYoungGen      total 134144K, used 122786K [0x00000000eab00000, 0x00000000f6180000, 0x0000000100000000)
  eden space 119296K, 100% used [0x00000000eab00000,0x00000000f1f80000,0x00000000f1f80000)
  from space 14848K, 23% used [0x00000000f1f80000,0x00000000f22e8ba8,0x00000000f2e00000)
  to   space 22016K, 0% used [0x00000000f4c00000,0x00000000f4c00000,0x00000000f6180000)
 ParOldGen       total 130048K, used 60483K [0x00000000c0000000, 0x00000000c7f00000, 0x00000000eab00000)
  object space 130048K, 46% used [0x00000000c0000000,0x00000000c3b10d20,0x00000000c7f00000)
 Metaspace       used 58028K, capacity 59622K, committed 59776K, reserved 1101824K
  class space    used 7434K, capacity 7802K, committed 7808K, reserved 1048576K

Deoptimization events (10 events):
Event: 56.738 Thread 0x0000000017c44000 Uncommon trap: reason=class_check action=maybe_recompile pc=0x0000000004e211b4 method=com.sun.tools.javac.code.Types$SameTypeVisitor.visitType(Lcom/sun/tools/javac/code/Type;Lcom/sun/tools/javac/code/Type;)Ljava/lang/Boolean; @ 31
Event: 56.750 Thread 0x0000000017c44000 Uncommon trap: reason=class_check action=maybe_recompile pc=0x00000000052c4ac4 method=com.sun.tools.javac.code.Type.containsAny(Lcom/sun/tools/javac/util/List;)Z @ 6
Event: 56.751 Thread 0x0000000017c44000 Uncommon trap: reason=unstable_if action=reinterpret pc=0x0000000004d554c0 method=com.sun.tools.javac.code.Types.isSameType(Lcom/sun/tools/javac/code/Type;Lcom/sun/tools/javac/code/Type;Z)Z @ 1
Event: 56.766 Thread 0x0000000017c44000 Uncommon trap: reason=unstable_if action=reinterpret pc=0x0000000004c38844 method=com.sun.tools.javac.code.Types.cvarUpperBound(Lcom/sun/tools/javac/code/Type;)Lcom/sun/tools/javac/code/Type; @ 7
Event: 56.766 Thread 0x0000000017c44000 Uncommon trap: reason=class_check action=maybe_recompile pc=0x0000000004cb2424 method=com.sun.tools.javac.code.Types$SameTypeVisitor.visitType(Lcom/sun/tools/javac/code/Type;Lcom/sun/tools/javac/code/Type;)Ljava/lang/Boolean; @ 31
Event: 56.775 Thread 0x0000000017c44000 Uncommon trap: reason=unstable_if action=reinterpret pc=0x00000000047a647c method=com.sun.tools.javac.code.Types$4.visitClassType(Lcom/sun/tools/javac/code/Type$ClassType;Lcom/sun/tools/javac/code/Type;)Ljava/lang/Boolean; @ 69
Event: 56.794 Thread 0x0000000017c44000 Uncommon trap: reason=unstable_if action=reinterpret pc=0x0000000003a707b4 method=com.sun.tools.javac.code.Types$SameTypeVisitor.visitClassType(Lcom/sun/tools/javac/code/Type$ClassType;Lcom/sun/tools/javac/code/Type;)Ljava/lang/Boolean; @ 312
Event: 56.794 Thread 0x0000000017c44000 Uncommon trap: reason=unstable_if action=reinterpret pc=0x00000000050f7100 method=com.sun.tools.javac.code.Types$SignatureGenerator.assembleClassSig(Lcom/sun/tools/javac/code/Type;)V @ 37
Event: 56.825 Thread 0x0000000017c44000 Uncommon trap: reason=speculate_class_check action=maybe_recompile pc=0x00000000051c5554 method=com.sun.tools.javac.code.Type.hasTag(Lcom/sun/tools/javac/code/TypeTag;)Z @ 2
Event: 56.825 Thread 0x0000000017c44000 Uncommon trap: reason=unstable_if action=reinterpret pc=0x000000000534bea0 method=com.sun.tools.javac.code.Symbol$VarSymbol.getKind()Ljavax/lang/model/element/ElementKind; @ 37

Internal exceptions (10 events):
Event: 38.816 Thread 0x0000000017c44000 Exception <a 'java/lang/NoSuchMethodError': <clinit>> (0x00000000ec7f4150) thrown at [C:\src\android\AOSP-openjdk\external\jetbrains\jdk\hotspot\src\share\vm\prims\jni.cpp, line 1613]
Event: 38.829 Thread 0x0000000017c44000 Exception <a 'java/lang/NoSuchMethodError': <clinit>> (0x00000000ec9d0100) thrown at [C:\src\android\AOSP-openjdk\external\jetbrains\jdk\hotspot\src\share\vm\prims\jni.cpp, line 1613]
Event: 38.830 Thread 0x0000000017c44000 Exception <a 'java/lang/NoSuchMethodError': <clinit>> (0x00000000ec9e8948) thrown at [C:\src\android\AOSP-openjdk\external\jetbrains\jdk\hotspot\src\share\vm\prims\jni.cpp, line 1613]
Event: 38.830 Thread 0x0000000017c44000 Exception <a 'java/lang/NoSuchMethodError': <clinit>> (0x00000000ec9e9e60) thrown at [C:\src\android\AOSP-openjdk\external\jetbrains\jdk\hotspot\src\share\vm\prims\jni.cpp, line 1613]
Event: 43.476 Thread 0x0000000017c44000 Implicit null exception at 0x0000000004d6e235 to 0x0000000004d6e2b9
Event: 43.936 Thread 0x0000000017c44000 Implicit null exception at 0x000000000454827b to 0x0000000004549181
Event: 43.943 Thread 0x0000000017c44000 Implicit null exception at 0x000000000444f1d0 to 0x000000000444f201
Event: 50.102 Thread 0x0000000017c44000 Implicit null exception at 0x0000000003ca014c to 0x0000000003ca2341
Event: 54.623 Thread 0x0000000017c44000 Implicit null exception at 0x0000000005045327 to 0x00000000050459d1
Event: 54.740 Thread 0x0000000017c44000 Implicit null exception at 0x0000000004b0c45e to 0x0000000004b0cbc5

Events (10 events):
Event: 56.823 Thread 0x0000000017c44000 DEOPT UNPACKING pc=0x00000000035775bf sp=0x0000000019b7b7e0 mode 0
Event: 56.825 Thread 0x0000000017c44000 Uncommon trap: trap_request=0xffffff76 fr.pc=0x00000000051c5554
Event: 56.825 Thread 0x0000000017c44000 DEOPT PACKING pc=0x00000000051c5554 sp=0x0000000019b7b170
Event: 56.825 Thread 0x0000000017c44000 DEOPT UNPACKING pc=0x000000000357556a sp=0x0000000019b7b080 mode 2
Event: 56.825 Thread 0x0000000017c44000 Uncommon trap: trap_request=0xffffff65 fr.pc=0x000000000534bea0
Event: 56.825 Thread 0x0000000017c44000 DEOPT PACKING pc=0x000000000534bea0 sp=0x0000000019b7b560
Event: 56.825 Thread 0x0000000017c44000 DEOPT UNPACKING pc=0x000000000357556a sp=0x0000000019b7b4f0 mode 2
Event: 56.890 Executing VM operation: ForceSafepoint
Event: 56.890 Executing VM operation: ForceSafepoint done
Event: 57.000 Executing VM operation: ParallelGCFailedAllocation


Dynamic libraries:
0x00007ff718390000 - 0x00007ff7183c1000 	F:\android-studio\jre\bin\java.exe
0x00007ffeca9d0000 - 0x00007ffecaba1000 	C:\WINDOWS\SYSTEM32\ntdll.dll
0x00007ffec8540000 - 0x00007ffec85eb000 	C:\WINDOWS\System32\KERNEL32.DLL
0x00007ffec7d20000 - 0x00007ffec7f3d000 	C:\WINDOWS\System32\KERNELBASE.dll
0x00007ffec9000000 - 0x00007ffec90a2000 	C:\WINDOWS\System32\ADVAPI32.dll
0x00007ffec8df0000 - 0x00007ffec8e8e000 	C:\WINDOWS\System32\msvcrt.dll
0x00007ffec8730000 - 0x00007ffec8789000 	C:\WINDOWS\System32\sechost.dll
0x00007ffec90b0000 - 0x00007ffec91d1000 	C:\WINDOWS\System32\RPCRT4.dll
0x00007ffec8e90000 - 0x00007ffec8ff5000 	C:\WINDOWS\System32\USER32.dll
0x00007ffec7580000 - 0x00007ffec759e000 	C:\WINDOWS\System32\win32u.dll
0x00007ffec86f0000 - 0x00007ffec8724000 	C:\WINDOWS\System32\GDI32.dll
0x00007ffec78b0000 - 0x00007ffec7a32000 	C:\WINDOWS\System32\gdi32full.dll
0x00007ffebfb00000 - 0x00007ffebfd7a000 	C:\WINDOWS\WinSxS\amd64_microsoft.windows.common-controls_6595b64144ccf1df_6.0.14393.351_none_4213128bc687e6d3\COMCTL32.dll
0x00007ffeca700000 - 0x00007ffeca9c7000 	C:\WINDOWS\System32\combase.dll
0x00007ffec77b0000 - 0x00007ffec78a5000 	C:\WINDOWS\System32\ucrtbase.dll
0x00007ffec76a0000 - 0x00007ffec770a000 	C:\WINDOWS\System32\bcryptPrimitives.dll
0x00007ffec8dc0000 - 0x00007ffec8dee000 	C:\WINDOWS\System32\IMM32.DLL
0x000000006bf10000 - 0x000000006bfe2000 	F:\android-studio\jre\jre\bin\msvcr100.dll
0x000000006bff0000 - 0x000000006c82c000 	F:\android-studio\jre\jre\bin\server\jvm.dll
0x00007ffec8bb0000 - 0x00007ffec8bb8000 	C:\WINDOWS\System32\PSAPI.DLL
0x00007ffeb9180000 - 0x00007ffeb9189000 	C:\WINDOWS\SYSTEM32\WSOCK32.dll
0x00007ffec50e0000 - 0x00007ffec5103000 	C:\WINDOWS\SYSTEM32\WINMM.dll
0x00007ffec5a50000 - 0x00007ffec5a5a000 	C:\WINDOWS\SYSTEM32\VERSION.dll
0x00007ffec8990000 - 0x00007ffec89fa000 	C:\WINDOWS\System32\WS2_32.dll
0x00007ffec5080000 - 0x00007ffec50ab000 	C:\WINDOWS\SYSTEM32\WINMMBASE.dll
0x00007ffec75a0000 - 0x00007ffec75e2000 	C:\WINDOWS\System32\cfgmgr32.dll
0x00007ffebd300000 - 0x00007ffebd30f000 	F:\android-studio\jre\jre\bin\verify.dll
0x00007ffebd2d0000 - 0x00007ffebd2f9000 	F:\android-studio\jre\jre\bin\java.dll
0x00007ffebd2b0000 - 0x00007ffebd2c6000 	F:\android-studio\jre\jre\bin\zip.dll
0x00007ffec91f0000 - 0x00007ffeca6f9000 	C:\WINDOWS\System32\SHELL32.dll
0x00007ffec6ea0000 - 0x00007ffec757a000 	C:\WINDOWS\System32\windows.storage.dll
0x00007ffec6e50000 - 0x00007ffec6e9c000 	C:\WINDOWS\System32\powrprof.dll
0x00007ffec85f0000 - 0x00007ffec8642000 	C:\WINDOWS\System32\shlwapi.dll
0x00007ffec6e20000 - 0x00007ffec6e2f000 	C:\WINDOWS\System32\kernel.appcore.dll
0x00007ffec75f0000 - 0x00007ffec7699000 	C:\WINDOWS\System32\shcore.dll
0x00007ffec6e30000 - 0x00007ffec6e44000 	C:\WINDOWS\System32\profapi.dll
0x00007ffeb9410000 - 0x00007ffeb942a000 	F:\android-studio\jre\jre\bin\net.dll
0x00007ffec65e0000 - 0x00007ffec663c000 	C:\WINDOWS\system32\mswsock.dll
0x00007ffeb3370000 - 0x00007ffeb3381000 	F:\android-studio\jre\jre\bin\nio.dll
0x00007ffebad50000 - 0x00007ffebad62000 	C:\Users\Administrator\.gradle\native\19\windows-amd64\native-platform.dll
0x00007ffec6890000 - 0x00007ffec68a7000 	C:\WINDOWS\SYSTEM32\CRYPTSP.dll
0x00007ffec6760000 - 0x00007ffec6793000 	C:\WINDOWS\system32\rsaenh.dll
0x00007ffec6d50000 - 0x00007ffec6d7b000 	C:\WINDOWS\SYSTEM32\bcrypt.dll
0x00007ffec6460000 - 0x00007ffec647f000 	C:\WINDOWS\SYSTEM32\USERENV.dll
0x00007ffec6880000 - 0x00007ffec688b000 	C:\WINDOWS\SYSTEM32\CRYPTBASE.dll
0x00007ffec6370000 - 0x00007ffec63a8000 	C:\WINDOWS\SYSTEM32\IPHLPAPI.DLL
0x00007ffec8a40000 - 0x00007ffec8a48000 	C:\WINDOWS\System32\NSI.dll
0x00007ffec0c80000 - 0x00007ffec0c96000 	C:\WINDOWS\SYSTEM32\dhcpcsvc6.DLL
0x00007ffec0c10000 - 0x00007ffec0c2a000 	C:\WINDOWS\SYSTEM32\dhcpcsvc.DLL
0x00007ffebd6f0000 - 0x00007ffebd6fd000 	F:\android-studio\jre\jre\bin\management.dll
0x00007ffeb42a0000 - 0x00007ffeb4432000 	C:\WINDOWS\SYSTEM32\dbghelp.dll

VM Arguments:
jvm_args: -XX:MaxPermSize=256m -XX:+HeapDumpOnOutOfMemoryError -Xmx1024m -Dfile.encoding=GBK -Duser.country=CN -Duser.language=zh -Duser.variant 
java_command: org.gradle.launcher.daemon.bootstrap.GradleDaemon 2.14.1
java_class_path (initial): C:\Users\Administrator\.gradle\wrapper\dists\gradle-2.14.1-all\8bnwg5hd3w55iofp58khbp6yv\gradle-2.14.1\lib\gradle-launcher-2.14.1.jar
Launcher Type: SUN_STANDARD

Environment Variables:
PATH=C:\ProgramData\Oracle\Java\javapath;C:\Program Files (x86)\Intel\iCLS Client\;C:\Program Files\Intel\iCLS Client\;C:\Program Files (x86)\NVIDIA Corporation\PhysX\Common;C:\WINDOWS\system32;C:\WINDOWS;C:\WINDOWS\System32\Wbem;C:\WINDOWS\System32\WindowsPowerShell\v1.0\;C:\Program Files\Intel\Intel(R) Management Engine Components\DAL;C:\Program Files\Intel\Intel(R) Management Engine Components\IPT;C:\Program Files (x86)\Intel\Intel(R) Management Engine Components\DAL;C:\Program Files (x86)\Intel\Intel(R) Management Engine Components\IPT;C:\Program Files (x86)\Microsoft SQL Server\100\Tools\Binn\;C:\Program Files\Microsoft SQL Server\100\Tools\Binn\;C:\Program Files\Microsoft SQL Server\100\DTS\Binn\;C:\Program Files (x86)\Microsoft SQL Server\100\Tools\Binn\VSShell\Common7\IDE\;C:\Program Files (x86)\Microsoft Visual Studio 9.0\Common7\IDE\PrivateAssemblies\;C:\Program Files (x86)\Microsoft SQL Server\100\DTS\Binn\;C:\Program Files (x86)\Microsoft SQL Server\90\Tools\binn\;C:\WINDOWS\system32\config\systemprofile\.dnx\bin;C:\Program Files\Microsoft DNX\Dnvm\;C:\Program Files\TortoiseSVN\bin;C:\Program Files (x86)\VisualSVN\bin;C:\Program Files\Java\jdk1.8.0_91\bin;E:\Android studio\android-studio\gradle\gradle-2.10\bin;C:\Program Files\Microsoft SQL Server\120\Tools\Binn\;C:\Users\Administrator\AppData\Local\Microsoft\WindowsApps;
USERNAME=Administrator
OS=Windows_NT
PROCESSOR_IDENTIFIER=Intel64 Family 6 Model 60 Stepping 3, GenuineIntel



---------------  S Y S T E M  ---------------

OS: Windows 10.0 , 64 bit Build 14393 (10.0.14393.0)

CPU:total 4 (4 cores per cpu, 1 threads per core) family 6 model 60 stepping 3, cmov, cx8, fxsr, mmx, sse, sse2, sse3, ssse3, sse4.1, sse4.2, popcnt, avx, avx2, aes, clmul, erms, lzcnt, tsc, tscinvbit, bmi1, bmi2

Memory: 4k page, physical 8325052k(2538360k free), swap 12257212k(3168400k free)

vm_info: OpenJDK 64-Bit Server VM (25.112-b06) for windows-amd64 JRE (1.8.0_112-release-b06), built on Dec  8 2016 00:54:26 by "builder" with MS VC++ 10.0 (VS2010)

time: Thu Sep 28 11:57:25 2017
elapsed time: 57 seconds (0d 0h 0m 57s)

