#
# A fatal error has been detected by the Java Runtime Environment:
#
#  EXCEPTION_ACCESS_VIOLATION (0xc0000005) at pc=0x0000000067b27631, pid=14628, tid=0x0000000000002b3c
#
# JRE version: OpenJDK Runtime Environment (8.0_76-b03) (build 1.8.0_76-release-b03)
# Java VM: OpenJDK 64-Bit Server VM (25.76-b03 mixed mode windows-amd64 compressed oops)
# Problematic frame:
# V  [jvm.dll+0x3c7631]
#
# Failed to write core dump. Minidumps are not enabled by default on client versions of Windows
#
# If you would like to submit a bug report, please visit:
#   http://bugreport.java.com/bugreport/crash.jsp
#

---------------  T H R E A D  ---------------

Current thread (0x0000000002c68800):  GCTaskThread [stack: 0x0000000012580000,0x0000000012680000] [id=11068]

siginfo: ExceptionCode=0xc0000005, reading address 0x0000000000000120

Registers:
RAX=0x0000000000000000, RBX=0x00000000fa723c78, RCX=0x0000000100001080, RDX=0x0000000002d3b140
RSP=0x000000001267f370, RBP=0x000000000cfa3f4d, RSI=0x0000000002d3b140, RDI=0x0000000000000011
R8 =0x00000000fa723c78, R9 =0x0000000100001080, R10=0x0000000000000000, R11=0x0000000067d53638
R12=0x0000000012140acd, R13=0x0000000000000011, R14=0x0000000000000001, R15=0x0000000002c5db30
RIP=0x0000000067b27631, EFLAGS=0x0000000000010a83

Top of Stack: (sp=0x000000001267f370)
0x000000001267f370:   000000000cfa3f4d 000000000cfa3f4d
0x000000001267f380:   0000000002d3b140 0000000000000011
0x000000001267f390:   0000000000000000 0000000067b279ad
0x000000001267f3a0:   00000000fa723c78 0000000002d3b140
0x000000001267f3b0:   0000000002d3b140 00000000fb3b2845
0x000000001267f3c0:   00000000f22f7cb0 0000000067b27edb
0x000000001267f3d0:   00000000c8205258 0000000000000400
0x000000001267f3e0:   0000000000000000 0000000002d3b100
0x000000001267f3f0:   0000000012140acd 0000000067b27b00
0x000000001267f400:   00000000c8206898 0000000012140b01
0x000000001267f410:   0000000002d3b140 00000000c6159c00
0x000000001267f420:   00000000c8206898 0000000067b286a5
0x000000001267f430:   00000000fa5fe9b0 0000000012140b01
0x000000001267f440:   0000000002d3b140 0000000000000003
0x000000001267f450:   0000000002d3b140 0000000002c62100
0x000000001267f460:   0000000000000000 000000006784e3c7 

Instructions: (pc=0x0000000067b27631)
0x0000000067b27611:   33 b0 38 00 eb 04 4c 8b 4b 08 41 81 79 08 00 00
0x0000000067b27621:   00 c0 73 12 49 8b 01 4c 8b c3 48 8b d6 49 8b c9
0x0000000067b27631:   ff 90 20 01 00 00 48 8b d7 48 8b cb e8 de 1a 00
0x0000000067b27641:   00 48 8b c3 48 8b 5c 24 30 48 8b 74 24 38 48 83 


Register to memory mapping:

RAX=0x0000000000000000 is an unknown value
RBX=0x00000000fa723c78 is an oop

[error occurred during error reporting (printing register info), id 0xc0000005]

Stack: [0x0000000012580000,0x0000000012680000],  sp=0x000000001267f370,  free space=1020k
Native frames: (J=compiled Java code, j=interpreted, Vv=VM code, C=native code)
V  [jvm.dll+0x3c7631]
V  [jvm.dll+0x3c79ad]
V  [jvm.dll+0x3c7b00]
V  [jvm.dll+0x3c86a5]
V  [jvm.dll+0x3b81af]
V  [jvm.dll+0x3ca692]
V  [jvm.dll+0x3b997e]
V  [jvm.dll+0x26b60a]
C  [msvcr100.dll+0x21d9f]
C  [msvcr100.dll+0x21e3b]
C  [KERNEL32.DLL+0x8364]
C  [ntdll.dll+0x65e91]


---------------  P R O C E S S  ---------------

Java Threads: ( => current thread )
  0x0000000016ede800 JavaThread "pool-1-thread-4" [_thread_blocked, id=4044, stack(0x00000000176d0000,0x00000000177d0000)]
  0x0000000016e40000 JavaThread "pool-1-thread-3" [_thread_blocked, id=13348, stack(0x00000000175d0000,0x00000000176d0000)]
  0x0000000016e3d800 JavaThread "pool-1-thread-2" [_thread_blocked, id=11504, stack(0x00000000174d0000,0x00000000175d0000)]
  0x0000000016e3b800 JavaThread "pool-2-thread-1" [_thread_blocked, id=13640, stack(0x00000000173d0000,0x00000000174d0000)]
  0x0000000016e3b000 JavaThread "pool-1-thread-1" [_thread_blocked, id=8376, stack(0x00000000172d0000,0x00000000173d0000)]
  0x0000000016d48800 JavaThread "Service Thread" daemon [_thread_blocked, id=7380, stack(0x00000000170d0000,0x00000000171d0000)]
  0x000000001547c000 JavaThread "C1 CompilerThread2" daemon [_thread_blocked, id=2528, stack(0x0000000016bd0000,0x0000000016cd0000)]
  0x000000001547b000 JavaThread "C2 CompilerThread1" daemon [_thread_blocked, id=9496, stack(0x0000000016ad0000,0x0000000016bd0000)]
  0x0000000015479000 JavaThread "C2 CompilerThread0" daemon [_thread_blocked, id=4588, stack(0x00000000169d0000,0x0000000016ad0000)]
  0x000000001542b000 JavaThread "Attach Listener" daemon [_thread_blocked, id=14232, stack(0x00000000168d0000,0x00000000169d0000)]
  0x0000000015478800 JavaThread "Signal Dispatcher" daemon [_thread_blocked, id=648, stack(0x00000000167d0000,0x00000000168d0000)]
  0x0000000002d4b000 JavaThread "Finalizer" daemon [_thread_blocked, id=8428, stack(0x0000000016670000,0x0000000016770000)]
  0x0000000002d40000 JavaThread "Reference Handler" daemon [_thread_blocked, id=14440, stack(0x0000000016570000,0x0000000016670000)]
  0x0000000002c52800 JavaThread "main" [_thread_blocked, id=13888, stack(0x0000000002b50000,0x0000000002c50000)]

Other Threads:
  0x00000000153e6000 VMThread [stack: 0x0000000016470000,0x0000000016570000] [id=7556]
  0x0000000016d51800 WatcherThread [stack: 0x00000000171d0000,0x00000000172d0000] [id=14884]

=>0x0000000002c68800 (exited) GCTaskThread [stack: 0x0000000012580000,0x0000000012680000] [id=11068]

VM state:at safepoint (normal execution)

VM Mutex/Monitor currently owned by a thread:  ([mutex/lock_event])
[0x0000000002b4cec0] Threads_lock - owner thread: 0x00000000153e6000
[0x0000000002b4cf40] Heap_lock - owner thread: 0x0000000016e40000

Heap:
 PSYoungGen      total 232960K, used 161728K [0x00000000eab00000, 0x0000000100000000, 0x0000000100000000)
  eden space 116736K, 100% used [0x00000000eab00000,0x00000000f1d00000,0x00000000f1d00000)
  from space 116224K, 38% used [0x00000000f8e80000,0x00000000fba70240,0x0000000100000000)
  to   space 116224K, 18% used [0x00000000f1d00000,0x00000000f31c2b58,0x00000000f8e80000)
 ParOldGen       total 699392K, used 145048K [0x00000000c0000000, 0x00000000eab00000, 0x00000000eab00000)
  object space 699392K, 20% used [0x00000000c0000000,0x00000000c8da6118,0x00000000eab00000)
 Metaspace       used 6232K, capacity 7152K, committed 7296K, reserved 1056768K
  class space    used 581K, capacity 616K, committed 640K, reserved 1048576K

Card table byte_map: [0x0000000012110000,0x0000000012320000] byte_map_base: 0x0000000011b10000

Marking Bits: (ParMarkBitMap*) 0x0000000067f19d00
 Begin Bits: [0x0000000012880000, 0x0000000013880000)
 End Bits:   [0x0000000013880000, 0x0000000014880000)

Polling page: 0x0000000001190000

CodeCache: size=245760Kb used=10474Kb max_used=10474Kb free=235286Kb
 bounds [0x0000000002d50000, 0x00000000037a0000, 0x0000000011d50000]
 total_blobs=2341 nmethods=2075 adapters=177
 compilation: enabled

Compilation events (10 events):
Event: 4.199 Thread 0x000000001547c000 2183       2       com.android.dx.rop.cst.CstString::<init> (42 bytes)
Event: 4.200 Thread 0x000000001547c000 nmethod 2183 0x00000000037809d0 code [0x0000000003780b60, 0x0000000003780e78]
Event: 4.203 Thread 0x000000001547c000 2184       3       com.android.dx.cf.code.SwitchList::removeSuperfluousDefaults (149 bytes)
Event: 4.204 Thread 0x000000001547c000 nmethod 2184 0x0000000003781050 code [0x0000000003781280, 0x0000000003781ef8]
Event: 4.238 Thread 0x000000001547c000 2185       2       com.android.dx.ssa.back.FirstFitLocalCombiningAllocator::ssaSetToSpecs (57 bytes)
Event: 4.239 Thread 0x000000001547c000 nmethod 2185 0x00000000037823d0 code [0x00000000037825e0, 0x0000000003782c68]
Event: 4.239 Thread 0x000000001547c000 2186       2       com.android.dx.util.BitIntSet::elements (8 bytes)
Event: 4.239 Thread 0x000000001547c000 nmethod 2186 0x0000000003783490 code [0x0000000003783600, 0x0000000003783808]
Event: 4.250 Thread 0x000000001547c000 2187       2       com.android.dx.cf.direct.MemberListParser::getCount (17 bytes)
Event: 4.250 Thread 0x000000001547c000 nmethod 2187 0x0000000003783950 code [0x0000000003783ac0, 0x0000000003783ce8]

GC Heap History (10 events):
Event: 2.850 GC heap after
Heap after GC invocations=11 (full 2):
 PSYoungGen      total 248832K, used 96742K [0x00000000eab00000, 0x0000000100000000, 0x0000000100000000)
  eden space 152064K, 0% used [0x00000000eab00000,0x00000000eab00000,0x00000000f3f80000)
  from space 96768K, 99% used [0x00000000f3f80000,0x00000000f9df9b18,0x00000000f9e00000)
  to   space 100352K, 0% used [0x00000000f9e00000,0x00000000f9e00000,0x0000000100000000)
 ParOldGen       total 166400K, used 97055K [0x00000000c0000000, 0x00000000ca280000, 0x00000000eab00000)
  object space 166400K, 58% used [0x00000000c0000000,0x00000000c5ec7d98,0x00000000ca280000)
 Metaspace       used 6113K, capacity 7088K, committed 7296K, reserved 1056768K
  class space    used 581K, capacity 616K, committed 640K, reserved 1048576K
}
Event: 3.185 GC heap before
{Heap before GC invocations=12 (full 2):
 PSYoungGen      total 248832K, used 248806K [0x00000000eab00000, 0x0000000100000000, 0x0000000100000000)
  eden space 152064K, 100% used [0x00000000eab00000,0x00000000f3f80000,0x00000000f3f80000)
  from space 96768K, 99% used [0x00000000f3f80000,0x00000000f9df9b18,0x00000000f9e00000)
  to   space 100352K, 0% used [0x00000000f9e00000,0x00000000f9e00000,0x0000000100000000)
 ParOldGen       total 166400K, used 97055K [0x00000000c0000000, 0x00000000ca280000, 0x00000000eab00000)
  object space 166400K, 58% used [0x00000000c0000000,0x00000000c5ec7d98,0x00000000ca280000)
 Metaspace       used 6164K, capacity 7152K, committed 7296K, reserved 1056768K
  class space    used 581K, capacity 616K, committed 640K, reserved 1048576K
Event: 3.283 GC heap after
Heap after GC invocations=12 (full 2):
 PSYoungGen      total 217088K, used 100331K [0x00000000eab00000, 0x0000000100000000, 0x0000000100000000)
  eden space 116736K, 0% used [0x00000000eab00000,0x00000000eab00000,0x00000000f1d00000)
  from space 100352K, 99% used [0x00000000f9e00000,0x00000000ffffac48,0x0000000100000000)
  to   space 116224K, 0% used [0x00000000f1d00000,0x00000000f1d00000,0x00000000f8e80000)
 ParOldGen       total 166400K, used 145106K [0x00000000c0000000, 0x00000000ca280000, 0x00000000eab00000)
  object space 166400K, 87% used [0x00000000c0000000,0x00000000c8db4a90,0x00000000ca280000)
 Metaspace       used 6164K, capacity 7152K, committed 7296K, reserved 1056768K
  class space    used 581K, capacity 616K, committed 640K, reserved 1048576K
}
Event: 3.283 GC heap before
{Heap before GC invocations=13 (full 3):
 PSYoungGen      total 217088K, used 100331K [0x00000000eab00000, 0x0000000100000000, 0x0000000100000000)
  eden space 116736K, 0% used [0x00000000eab00000,0x00000000eab00000,0x00000000f1d00000)
  from space 100352K, 99% used [0x00000000f9e00000,0x00000000ffffac48,0x0000000100000000)
  to   space 116224K, 0% used [0x00000000f1d00000,0x00000000f1d00000,0x00000000f8e80000)
 ParOldGen       total 166400K, used 145106K [0x00000000c0000000, 0x00000000ca280000, 0x00000000eab00000)
  object space 166400K, 87% used [0x00000000c0000000,0x00000000c8db4a90,0x00000000ca280000)
 Metaspace       used 6164K, capacity 7152K, committed 7296K, reserved 1056768K
  class space    used 581K, capacity 616K, committed 640K, reserved 1048576K
Event: 3.575 GC heap after
Heap after GC invocations=13 (full 3):
 PSYoungGen      total 217088K, used 0K [0x00000000eab00000, 0x0000000100000000, 0x0000000100000000)
  eden space 116736K, 0% used [0x00000000eab00000,0x00000000eab00000,0x00000000f1d00000)
  from space 100352K, 0% used [0x00000000f9e00000,0x00000000f9e00000,0x0000000100000000)
  to   space 116224K, 0% used [0x00000000f1d00000,0x00000000f1d00000,0x00000000f8e80000)
 ParOldGen       total 278016K, used 113425K [0x00000000c0000000, 0x00000000d0f80000, 0x00000000eab00000)
  object space 278016K, 40% used [0x00000000c0000000,0x00000000c6ec44b0,0x00000000d0f80000)
 Metaspace       used 6164K, capacity 7152K, committed 7296K, reserved 1056768K
  class space    used 581K, capacity 616K, committed 640K, reserved 1048576K
}
Event: 3.809 GC heap before
{Heap before GC invocations=14 (full 3):
 PSYoungGen      total 217088K, used 116736K [0x00000000eab00000, 0x0000000100000000, 0x0000000100000000)
  eden space 116736K, 100% used [0x00000000eab00000,0x00000000f1d00000,0x00000000f1d00000)
  from space 100352K, 0% used [0x00000000f9e00000,0x00000000f9e00000,0x0000000100000000)
  to   space 116224K, 0% used [0x00000000f1d00000,0x00000000f1d00000,0x00000000f8e80000)
 ParOldGen       total 278016K, used 113425K [0x00000000c0000000, 0x00000000d0f80000, 0x00000000eab00000)
  object space 278016K, 40% used [0x00000000c0000000,0x00000000c6ec44b0,0x00000000d0f80000)
 Metaspace       used 6188K, capacity 7152K, committed 7296K, reserved 1056768K
  class space    used 581K, capacity 616K, committed 640K, reserved 1048576K
Event: 3.832 GC heap after
Heap after GC invocations=14 (full 3):
 PSYoungGen      total 232960K, used 38480K [0x00000000eab00000, 0x0000000100000000, 0x0000000100000000)
  eden space 116736K, 0% used [0x00000000eab00000,0x00000000eab00000,0x00000000f1d00000)
  from space 116224K, 33% used [0x00000000f1d00000,0x00000000f4294000,0x00000000f8e80000)
  to   space 116224K, 0% used [0x00000000f8e80000,0x00000000f8e80000,0x0000000100000000)
 ParOldGen       total 278016K, used 113433K [0x00000000c0000000, 0x00000000d0f80000, 0x00000000eab00000)
  object space 278016K, 40% used [0x00000000c0000000,0x00000000c6ec64b0,0x00000000d0f80000)
 Metaspace       used 6188K, capacity 7152K, committed 7296K, reserved 1056768K
  class space    used 581K, capacity 616K, committed 640K, reserved 1048576K
}
Event: 4.028 GC heap before
{Heap before GC invocations=15 (full 3):
 PSYoungGen      total 232960K, used 155216K [0x00000000eab00000, 0x0000000100000000, 0x0000000100000000)
  eden space 116736K, 100% used [0x00000000eab00000,0x00000000f1d00000,0x00000000f1d00000)
  from space 116224K, 33% used [0x00000000f1d00000,0x00000000f4294000,0x00000000f8e80000)
  to   space 116224K, 0% used [0x00000000f8e80000,0x00000000f8e80000,0x0000000100000000)
 ParOldGen       total 278016K, used 113433K [0x00000000c0000000, 0x00000000d0f80000, 0x00000000eab00000)
  object space 278016K, 40% used [0x00000000c0000000,0x00000000c6ec64b0,0x00000000d0f80000)
 Metaspace       used 6194K, capacity 7152K, committed 7296K, reserved 1056768K
  class space    used 581K, capacity 616K, committed 640K, reserved 1048576K
Event: 4.060 GC heap after
Heap after GC invocations=15 (full 3):
 PSYoungGen      total 232960K, used 44992K [0x00000000eab00000, 0x0000000100000000, 0x0000000100000000)
  eden space 116736K, 0% used [0x00000000eab00000,0x00000000eab00000,0x00000000f1d00000)
  from space 116224K, 38% used [0x00000000f8e80000,0x00000000fba70240,0x0000000100000000)
  to   space 116224K, 0% used [0x00000000f1d00000,0x00000000f1d00000,0x00000000f8e80000)
 ParOldGen       total 278016K, used 113441K [0x00000000c0000000, 0x00000000d0f80000, 0x00000000eab00000)
  object space 278016K, 40% used [0x00000000c0000000,0x00000000c6ec84b0,0x00000000d0f80000)
 Metaspace       used 6194K, capacity 7152K, committed 7296K, reserved 1056768K
  class space    used 581K, capacity 616K, committed 640K, reserved 1048576K
}
Event: 4.279 GC heap before
{Heap before GC invocations=16 (full 3):
 PSYoungGen      total 232960K, used 161728K [0x00000000eab00000, 0x0000000100000000, 0x0000000100000000)
  eden space 116736K, 100% used [0x00000000eab00000,0x00000000f1d00000,0x00000000f1d00000)
  from space 116224K, 38% used [0x00000000f8e80000,0x00000000fba70240,0x0000000100000000)
  to   space 116224K, 0% used [0x00000000f1d00000,0x00000000f1d00000,0x00000000f8e80000)
 ParOldGen       total 278016K, used 113441K [0x00000000c0000000, 0x00000000d0f80000, 0x00000000eab00000)
  object space 278016K, 40% used [0x00000000c0000000,0x00000000c6ec84b0,0x00000000d0f80000)
 Metaspace       used 6232K, capacity 7152K, committed 7296K, reserved 1056768K
  class space    used 581K, capacity 616K, committed 640K, reserved 1048576K

Deoptimization events (10 events):
Event: 3.672 Thread 0x0000000002c52800 Uncommon trap: reason=bimorphic action=maybe_recompile pc=0x00000000035a0864 method=com.android.dx.rop.code.RegisterSpec.withSimpleType()Lcom/android/dx/rop/code/RegisterSpec; @ 21
Event: 3.791 Thread 0x0000000002c52800 Uncommon trap: reason=unloaded action=reinterpret pc=0x000000000328b6b4 method=com.android.dx.cf.cst.ConstantPoolParser.parse0(ILjava/util/BitSet;)Lcom/android/dx/rop/cst/Constant; @ 220
Event: 3.805 Thread 0x0000000016ede800 Uncommon trap: reason=unstable_if action=reinterpret pc=0x00000000032a97c8 method=com.android.dx.cf.code.Merger.isPossiblyAssignableFrom(Lcom/android/dx/rop/type/TypeBearer;Lcom/android/dx/rop/type/TypeBearer;)Z @ 131
Event: 3.805 Thread 0x0000000016ede800 Uncommon trap: reason=unstable_if action=reinterpret pc=0x00000000034df164 method=com.android.dx.cf.code.Merger.isPossiblyAssignableFrom(Lcom/android/dx/rop/type/TypeBearer;Lcom/android/dx/rop/type/TypeBearer;)Z @ 131
Event: 3.805 Thread 0x0000000016ede800 Uncommon trap: reason=unstable_if action=reinterpret pc=0x000000000367c700 method=com.android.dx.cf.code.Simulator$SimVisitor.visitNoArgs(IIILcom/android/dx/rop/type/Type;)V @ 1330
Event: 3.835 Thread 0x0000000016ede800 Uncommon trap: reason=unstable_if action=reinterpret pc=0x00000000034a1668 method=com.android.dx.rop.code.LocalVariableExtractor.processBlock(I)V @ 179
Event: 3.835 Thread 0x0000000016ede800 Uncommon trap: reason=unstable_if action=reinterpret pc=0x00000000032b38e0 method=com.android.dx.cf.code.Merger.isPossiblyAssignableFrom(Lcom/android/dx/rop/type/TypeBearer;Lcom/android/dx/rop/type/TypeBearer;)Z @ 131
Event: 3.894 Thread 0x0000000016e40000 Uncommon trap: reason=unstable_if action=reinterpret pc=0x0000000003701740 method=com.android.dx.rop.code.RegisterSpec.equals(ILcom/android/dx/rop/type/TypeBearer;Lcom/android/dx/rop/code/LocalItem;)Z @ 42
Event: 3.901 Thread 0x0000000016e3b000 Uncommon trap: reason=unstable_if action=reinterpret pc=0x0000000003441b0c method=com.android.dx.ssa.SCCP.simulateStmt(Lcom/android/dx/ssa/SsaInsn;)V @ 59
Event: 3.961 Thread 0x0000000016e40000 Uncommon trap: reason=unstable_if action=reinterpret pc=0x00000000031f02c4 method=com.android.dx.rop.code.RegisterSpec.equals(ILcom/android/dx/rop/type/TypeBearer;Lcom/android/dx/rop/code/LocalItem;)Z @ 42

Internal exceptions (6 events):
Event: 0.021 Thread 0x0000000002c52800 Exception <a 'java/lang/NoSuchMethodError': Method sun.misc.Unsafe.defineClass(Ljava/lang/String;[BII)Ljava/lang/Class; name or signature does not match> (0x00000000eab07cc0) thrown at [C:\src\android\AOSP-openjdk\external\jetbrains\jdk\hotspot\src\share\v8F—Q>æ•?
Event: 0.021 Thread 0x0000000002c52800 Exception <a 'java/lang/NoSuchMethodError': Method sun.misc.Unsafe.prefetchRead(Ljava/lang/Object;J)V name or signature does not match> (0x00000000eab07fa8) thrown at [C:\src\android\AOSP-openjdk\external\jetbrains\jdk\hotspot\src\share\vm\prims\jni.cpp, l?,LIÀÞ?
Event: 0.480 Thread 0x0000000016ede800 Implicit null exception at 0x00000000031416a2 to 0x000000000314179a
Event: 2.725 Thread 0x0000000016e3d800 Exception <a 'java/lang/ArrayIndexOutOfBoundsException': 18> (0x00000000f24c5ea8) thrown at [C:\src\android\AOSP-openjdk\external\jetbrains\jdk\hotspot\src\share\vm\interpreter\interpreterRuntime.cpp, line 366]
Event: 2.725 Thread 0x0000000016e3d800 Exception <a 'java/lang/ArrayIndexOutOfBoundsException': 145> (0x00000000f24c7a28) thrown at [C:\src\android\AOSP-openjdk\external\jetbrains\jdk\hotspot\src\share\vm\interpreter\interpreterRuntime.cpp, line 366]
Event: 2.725 Thread 0x0000000016e3d800 Exception <a 'java/lang/ArrayIndexOutOfBoundsException'> (0x00000000f24c8d10) thrown at [C:\src\android\AOSP-openjdk\external\jetbrains\jdk\hotspot\src\share\vm\runtime\sharedRuntime.cpp, line 605]

Events (10 events):
Event: 4.072 Executing VM operation: EnableBiasedLocking done
Event: 4.097 Thread 0x0000000002c52800 DEOPT PACKING pc=0x000000000309de3d sp=0x0000000002c4df60
Event: 4.097 Thread 0x0000000002c52800 DEOPT UNPACKING pc=0x0000000002d975bf sp=0x0000000002c4dd00 mode 0
Event: 4.176 Thread 0x0000000016ede800 DEOPT PACKING pc=0x000000000309de3d sp=0x00000000177ce690
Event: 4.176 Thread 0x0000000016ede800 DEOPT UNPACKING pc=0x0000000002d975bf sp=0x00000000177ce430 mode 0
Event: 4.190 Thread 0x0000000016ede800 DEOPT PACKING pc=0x0000000003456fd3 sp=0x00000000177ce0d0
Event: 4.190 Thread 0x0000000016ede800 DEOPT UNPACKING pc=0x0000000002d975bf sp=0x00000000177cde30 mode 0
Event: 4.204 Thread 0x0000000016e40000 DEOPT PACKING pc=0x000000000322b083 sp=0x00000000176ce6b0
Event: 4.204 Thread 0x0000000016e40000 DEOPT UNPACKING pc=0x0000000002d975bf sp=0x00000000176ce400 mode 0
Event: 4.278 Executing VM operation: ParallelGCFailedAllocation


Dynamic libraries:
0x00007ff7e6400000 - 0x00007ff7e6431000 	F:\android-studio\jre\bin\java.exe
0x00007ffe7a6e0000 - 0x00007ffe7a8b1000 	C:\WINDOWS\SYSTEM32\ntdll.dll
0x00007ffe7a260000 - 0x00007ffe7a30b000 	C:\WINDOWS\System32\KERNEL32.DLL
0x00007ffe76c00000 - 0x00007ffe76e1d000 	C:\WINDOWS\System32\KERNELBASE.dll
0x00007ffe7a1b0000 - 0x00007ffe7a252000 	C:\WINDOWS\System32\ADVAPI32.dll
0x00007ffe7a310000 - 0x00007ffe7a3ae000 	C:\WINDOWS\System32\msvcrt.dll
0x00007ffe7a150000 - 0x00007ffe7a1a9000 	C:\WINDOWS\System32\sechost.dll
0x00007ffe78090000 - 0x00007ffe781b1000 	C:\WINDOWS\System32\RPCRT4.dll
0x00007ffe79fe0000 - 0x00007ffe7a145000 	C:\WINDOWS\System32\USER32.dll
0x00007ffe77560000 - 0x00007ffe7757e000 	C:\WINDOWS\System32\win32u.dll
0x00007ffe7a4f0000 - 0x00007ffe7a524000 	C:\WINDOWS\System32\GDI32.dll
0x00007ffe77a10000 - 0x00007ffe77b92000 	C:\WINDOWS\System32\gdi32full.dll
0x00007ffe70740000 - 0x00007ffe709ba000 	C:\WINDOWS\WinSxS\amd64_microsoft.windows.common-controls_6595b64144ccf1df_6.0.14393.351_none_4213128bc687e6d3\COMCTL32.dll
0x00007ffe77d60000 - 0x00007ffe78027000 	C:\WINDOWS\System32\combase.dll
0x00007ffe77910000 - 0x00007ffe77a05000 	C:\WINDOWS\System32\ucrtbase.dll
0x00007ffe778a0000 - 0x00007ffe7790a000 	C:\WINDOWS\System32\bcryptPrimitives.dll
0x00007ffe78870000 - 0x00007ffe7889e000 	C:\WINDOWS\System32\IMM32.DLL
0x0000000067680000 - 0x0000000067752000 	F:\android-studio\jre\jre\bin\msvcr100.dll
0x0000000067760000 - 0x0000000067f94000 	F:\android-studio\jre\jre\bin\server\jvm.dll
0x00007ffe77c50000 - 0x00007ffe77c58000 	C:\WINDOWS\System32\PSAPI.DLL
0x00007ffe6a740000 - 0x00007ffe6a749000 	C:\WINDOWS\SYSTEM32\WSOCK32.dll
0x00007ffe75430000 - 0x00007ffe7543a000 	C:\WINDOWS\SYSTEM32\VERSION.dll
0x00007ffe74580000 - 0x00007ffe745a3000 	C:\WINDOWS\SYSTEM32\WINMM.dll
0x00007ffe79f70000 - 0x00007ffe79fda000 	C:\WINDOWS\System32\WS2_32.dll
0x0000000002ab0000 - 0x0000000002adb000 	C:\WINDOWS\SYSTEM32\WINMMBASE.dll
0x00007ffe76bb0000 - 0x00007ffe76bf2000 	C:\WINDOWS\System32\cfgmgr32.dll
0x00007ffe6bff0000 - 0x00007ffe6bfff000 	F:\android-studio\jre\jre\bin\verify.dll
0x00007ffe6b9a0000 - 0x00007ffe6b9c9000 	F:\android-studio\jre\jre\bin\java.dll
0x00007ffe6bf80000 - 0x00007ffe6bf96000 	F:\android-studio\jre\jre\bin\zip.dll
0x00007ffe788a0000 - 0x00007ffe79da9000 	C:\WINDOWS\System32\SHELL32.dll
0x00007ffe76e80000 - 0x00007ffe7755a000 	C:\WINDOWS\System32\windows.storage.dll
0x00007ffe76b30000 - 0x00007ffe76b7c000 	C:\WINDOWS\System32\powrprof.dll
0x00007ffe7a3d0000 - 0x00007ffe7a422000 	C:\WINDOWS\System32\shlwapi.dll
0x00007ffe76b20000 - 0x00007ffe76b2f000 	C:\WINDOWS\System32\kernel.appcore.dll
0x00007ffe77620000 - 0x00007ffe776c9000 	C:\WINDOWS\System32\shcore.dll
0x00007ffe76b90000 - 0x00007ffe76ba4000 	C:\WINDOWS\System32\profapi.dll
0x00007ffe766f0000 - 0x00007ffe76882000 	C:\WINDOWS\SYSTEM32\dbghelp.dll

VM Arguments:
jvm_args: -Djava.awt.headless=true -Xmx1024M -Dfile.encoding=GBK -Duser.country=CN -Duser.language=zh -Duser.variant 
java_command: com.android.dx.command.Main --dex --verbose --force-jumbo --num-threads=4 --output D:\ZQ_Android\branches\YDSP\YDSP_ya\yDSP\build\intermediates\pre-dexed\debug\main_186a733e5044b4a42cb05cf1fb7c4848188cc5db.jar D:\ZQ_Android\branches\YDSP\YDSP_ya\yDSP\build\intermediates\transforms\instantRun\debug\folders\1\5\main
java_class_path (initial): E:\AndroidSDK\build-tools\24.0.3\lib\dx.jar
Launcher Type: SUN_STANDARD

Environment Variables:
PATH=C:\ProgramData\Oracle\Java\javapath;C:\Program Files (x86)\Intel\iCLS Client\;C:\Program Files\Intel\iCLS Client\;C:\Program Files (x86)\NVIDIA Corporation\PhysX\Common;C:\WINDOWS\system32;C:\WINDOWS;C:\WINDOWS\System32\Wbem;C:\WINDOWS\System32\WindowsPowerShell\v1.0\;C:\Program Files\Intel\Intel(R) Management Engine Components\DAL;C:\Program Files\Intel\Intel(R) Management Engine Components\IPT;C:\Program Files (x86)\Intel\Intel(R) Management Engine Components\DAL;C:\Program Files (x86)\Intel\Intel(R) Management Engine Components\IPT;C:\Program Files (x86)\Microsoft SQL Server\100\Tools\Binn\;C:\Program Files\Microsoft SQL Server\100\Tools\Binn\;C:\Program Files\Microsoft SQL Server\100\DTS\Binn\;C:\Program Files (x86)\Microsoft SQL Server\100\Tools\Binn\VSShell\Common7\IDE\;C:\Program Files (x86)\Microsoft Visual Studio 9.0\Common7\IDE\PrivateAssemblies\;C:\Program Files (x86)\Microsoft SQL Server\100\DTS\Binn\;C:\Program Files (x86)\Microsoft SQL Server\90\Tools\binn\;C:\WINDOWS\system32\config\systemprofile\.dnx\bin;C:\Program Files\Microsoft DNX\Dnvm\;C:\Program Files\TortoiseSVN\bin;C:\Program Files (x86)\VisualSVN\bin;C:\Program Files\Java\jdk1.8.0_91\bin;E:\Android studio\android-studio\gradle\gradle-2.10\bin;C:\Users\Administrator\AppData\Local\Microsoft\WindowsApps;
USERNAME=Administrator
OS=Windows_NT
PROCESSOR_IDENTIFIER=Intel64 Family 6 Model 60 Stepping 3, GenuineIntel



---------------  S Y S T E M  ---------------

OS: Windows 10.0 , 64 bit Build 14393 (10.0.14393.0)

CPU:total 4 (4 cores per cpu, 1 threads per core) family 6 model 60 stepping 3, cmov, cx8, fxsr, mmx, sse, sse2, sse3, ssse3, sse4.1, sse4.2, popcnt, avx, avx2, aes, clmul, erms, lzcnt, tsc, tscinvbit, bmi1, bmi2

Memory: 4k page, physical 8325052k(3197416k free), swap 10028988k(1668516k free)

vm_info: OpenJDK 64-Bit Server VM (25.76-b03) for windows-amd64 JRE (1.8.0_76-release-b03), built on Jun 29 2016 19:09:20 by "ralucas" with MS VC++ 10.0 (VS2010)

time: Tue Dec 13 16:53:17 2016
elapsed time: 4 seconds (0d 0h 0m 4s)

