#
# A fatal error has been detected by the Java Runtime Environment:
#
#  EXCEPTION_ACCESS_VIOLATION (0xc0000005) at pc=0x0000000076b41b00, pid=11756, tid=0x0000000000002eb0
#
# JRE version: OpenJDK Runtime Environment (8.0_76-b03) (build 1.8.0_76-release-b03)
# Java VM: OpenJDK 64-Bit Server VM (25.76-b03 mixed mode windows-amd64 compressed oops)
# Problematic frame:
# V  [jvm.dll+0x4d1b00]
#
# Failed to write core dump. Minidumps are not enabled by default on client versions of Windows
#
# If you would like to submit a bug report, please visit:
#   http://bugreport.java.com/bugreport/crash.jsp
#

---------------  T H R E A D  ---------------

Current thread (0x00000000153dc800):  JavaThread "C2 CompilerThread0" daemon [_thread_in_native, id=11952, stack(0x0000000016960000,0x0000000016a60000)]

siginfo: ExceptionCode=0xc0000005, reading address 0x0000000000000068

Registers:
RAX=0x0000000000000000, RBX=0x0000000000000a56, RCX=0x0000000016a738e0, RDX=0x0000000016a5eef0
RSP=0x0000000016a5bee0, RBP=0x0000000016a5bf59, RSI=0x0000000016a5cb50, RDI=0x00000000000052b0
R8 =0x0000000017da8078, R9 =0x0000000000000000, R10=0x0000000000000fff, R11=0x0000000076ca0b68
R12=0x0000000016a70870, R13=0x0000000000000028, R14=0x0000000000000a03, R15=0x000000001942fe08
RIP=0x0000000076b41b00, EFLAGS=0x0000000000010202

Top of Stack: (sp=0x0000000016a5bee0)
0x0000000016a5bee0:   0000000000000a37 0000000016a5cb50
0x0000000016a5bef0:   0000000016ae7700 000000007fffffff
0x0000000016a5bf00:   0000000016a5cb50 0000000076aa73e6
0x0000000016a5bf10:   0000000016a5bf59 0000000000000a02
0x0000000016a5bf20:   0000000019427e20 0000000017e96808
0x0000000016a5bf30:   00000000153449e0 0000000000001000
0x0000000016a5bf40:   00000000185f3ea0 0000000000000a03
0x0000000016a5bf50:   0000000076c9f3f8 00000000153449e0
0x0000000016a5bf60:   0000000000000100 000000001942d330
0x0000000016a5bf70:   0000000000000000 0000000076b4280a
0x0000000016a5bf80:   000000001942fe08 000000001942cfa0
0x0000000016a5bf90:   0000000000020338 0000000019427e20
0x0000000016a5bfa0:   00000000153449e0 0000000016a5ec90
0x0000000016a5bfb0:   0000000016a5c0c0 0000000076aaa13f
0x0000000016a5bfc0:   0000000000020338 0000000016a5cb50
0x0000000016a5bfd0:   0000000000000028 0000000019427e20 

Instructions: (pc=0x0000000076b41b00)
0x0000000076b41ae0:   64 24 40 8b fb 66 66 66 0f 1f 84 00 00 00 00 00
0x0000000076b41af0:   48 8b 46 50 48 8b 0c 07 48 85 c9 74 21 48 8b 01
0x0000000076b41b00:   ff 50 68 4c 8b e0 3b 5e 48 72 0b 48 8d 4e 40 8b
0x0000000076b41b10:   d3 e8 4a e8 ff ff 48 8b 4e 50 4c 89 24 0f ff c3 


Register to memory mapping:

RAX=0x0000000000000000 is an unknown value
RBX=0x0000000000000a56 is an unknown value
RCX=0x0000000016a738e0 is an unknown value
RDX=0x0000000016a5eef0 is pointing into the stack for thread: 0x00000000153dc800
RSP=0x0000000016a5bee0 is pointing into the stack for thread: 0x00000000153dc800
RBP=0x0000000016a5bf59 is pointing into the stack for thread: 0x00000000153dc800
RSI=0x0000000016a5cb50 is pointing into the stack for thread: 0x00000000153dc800
RDI=0x00000000000052b0 is an unknown value
R8 =0x0000000017da8078 is an unknown value
R9 =0x0000000000000000 is an unknown value
R10=0x0000000000000fff is an unknown value
R11=0x0000000076ca0b68 is an unknown value
R12=0x0000000016a70870 is an unknown value
R13=0x0000000000000028 is an unknown value
R14=0x0000000000000a03 is an unknown value
R15=0x000000001942fe08 is an unknown value


Stack: [0x0000000016960000,0x0000000016a60000],  sp=0x0000000016a5bee0,  free space=1007k
Native frames: (J=compiled Java code, j=interpreted, Vv=VM code, C=native code)
V  [jvm.dll+0x4d1b00]
V  [jvm.dll+0x4373e6]
V  [jvm.dll+0x43a13f]
V  [jvm.dll+0x43ba43]
V  [jvm.dll+0x41f212]
V  [jvm.dll+0x806e9]
V  [jvm.dll+0x8101f]
V  [jvm.dll+0x21bc14]
V  [jvm.dll+0x26b60a]
C  [msvcr100.dll+0x21d9f]
C  [msvcr100.dll+0x21e3b]
C  [KERNEL32.DLL+0x8364]
C  [ntdll.dll+0x65e91]


Current CompileTask:
C2:   8460 2321       4       com.android.dx.dex.code.DalvCode::finishProcessingIfNecessary (69 bytes)


---------------  P R O C E S S  ---------------

Java Threads: ( => current thread )
  0x0000000016ac0000 JavaThread "Service Thread" daemon [_thread_blocked, id=14088, stack(0x0000000017060000,0x0000000017160000)]
  0x0000000016ab9000 JavaThread "C1 CompilerThread2" daemon [_thread_blocked, id=6816, stack(0x0000000016f60000,0x0000000017060000)]
  0x0000000016ab6000 JavaThread "C2 CompilerThread1" daemon [_thread_blocked, id=7664, stack(0x0000000016e60000,0x0000000016f60000)]
=>0x00000000153dc800 JavaThread "C2 CompilerThread0" daemon [_thread_in_native, id=11952, stack(0x0000000016960000,0x0000000016a60000)]
  0x00000000153db000 JavaThread "Attach Listener" daemon [_thread_blocked, id=9432, stack(0x0000000016860000,0x0000000016960000)]
  0x0000000015390000 JavaThread "Signal Dispatcher" daemon [_thread_blocked, id=13576, stack(0x0000000016760000,0x0000000016860000)]
  0x0000000015368000 JavaThread "Finalizer" daemon [_thread_blocked, id=7924, stack(0x0000000016600000,0x0000000016700000)]
  0x0000000015347000 JavaThread "Reference Handler" daemon [_thread_blocked, id=13844, stack(0x0000000016500000,0x0000000016600000)]
  0x0000000002bb2800 JavaThread "main" [_thread_in_vm, id=14100, stack(0x0000000002ab0000,0x0000000002bb0000)]

Other Threads:
  0x0000000015345000 VMThread [stack: 0x0000000016400000,0x0000000016500000] [id=12516]
  0x0000000016ac1000 WatcherThread [stack: 0x0000000017160000,0x0000000017260000] [id=14136]

VM state:not at safepoint (normal execution)

VM Mutex/Monitor currently owned by a thread: None

Heap:
 PSYoungGen      total 138240K, used 22901K [0x00000000eab00000, 0x00000000f3700000, 0x0000000100000000)
  eden space 133120K, 13% used [0x00000000eab00000,0x00000000ebc628c8,0x00000000f2d00000)
  from space 5120K, 99% used [0x00000000f3200000,0x00000000f36fadc0,0x00000000f3700000)
  to   space 5120K, 0% used [0x00000000f2d00000,0x00000000f2d00000,0x00000000f3200000)
 ParOldGen       total 87552K, used 25125K [0x00000000c0000000, 0x00000000c5580000, 0x00000000eab00000)
  object space 87552K, 28% used [0x00000000c0000000,0x00000000c1889790,0x00000000c5580000)
 Metaspace       used 6773K, capacity 7480K, committed 7552K, reserved 1056768K
  class space    used 617K, capacity 624K, committed 640K, reserved 1048576K

Card table byte_map: [0x0000000012070000,0x0000000012280000] byte_map_base: 0x0000000011a70000

Marking Bits: (ParMarkBitMap*) 0x0000000076e29d00
 Begin Bits: [0x00000000127e0000, 0x00000000137e0000)
 End Bits:   [0x00000000137e0000, 0x00000000147e0000)

Polling page: 0x0000000002a30000

CodeCache: size=245760Kb used=10084Kb max_used=10097Kb free=235675Kb
 bounds [0x0000000002cb0000, 0x00000000036a0000, 0x0000000011cb0000]
 total_blobs=2582 nmethods=2310 adapters=185
 compilation: enabled

Compilation events (10 events):
Event: 8.191 Thread 0x0000000016ab9000 nmethod 2372 0x000000000368da50 code [0x000000000368dbe0, 0x000000000368e188]
Event: 8.194 Thread 0x0000000016ab6000 nmethod 2328 0x0000000003691e50 code [0x0000000003692060, 0x0000000003692f50]
Event: 8.194 Thread 0x0000000016ab6000 2339       4       com.android.dx.util.ByteArrayAnnotatedOutput::writeUleb128 (34 bytes)
Event: 8.197 Thread 0x0000000016ab6000 nmethod 2339 0x000000000368e4d0 code [0x000000000368e640, 0x000000000368e9b8]
Event: 8.197 Thread 0x0000000016ab6000 2343       4       com.android.dx.dex.file.IndexedItem::getIndex (22 bytes)
Event: 8.197 Thread 0x0000000016ab6000 nmethod 2343 0x0000000003649210 code [0x0000000003649340, 0x00000000036493b8]
Event: 8.197 Thread 0x0000000016ab6000 2364       4       com.android.dx.util.ByteArrayAnnotatedOutput::annotates (13 bytes)
Event: 8.197 Thread 0x0000000016ab6000 nmethod 2364 0x0000000003670150 code [0x0000000003670280, 0x00000000036702f8]
Event: 8.197 Thread 0x0000000016ab6000 2332       4       com.android.dx.dex.file.DebugInfoEncoder::emitPosition (214 bytes)
Event: 8.203 Thread 0x0000000016ab6000 nmethod 2332 0x000000000368f390 code [0x000000000368f580, 0x000000000368fdb0]

GC Heap History (8 events):
Event: 1.971 GC heap before
{Heap before GC invocations=1 (full 0):
 PSYoungGen      total 38400K, used 33280K [0x00000000eab00000, 0x00000000ed580000, 0x0000000100000000)
  eden space 33280K, 100% used [0x00000000eab00000,0x00000000ecb80000,0x00000000ecb80000)
  from space 5120K, 0% used [0x00000000ed080000,0x00000000ed080000,0x00000000ed580000)
  to   space 5120K, 0% used [0x00000000ecb80000,0x00000000ecb80000,0x00000000ed080000)
 ParOldGen       total 87552K, used 0K [0x00000000c0000000, 0x00000000c5580000, 0x00000000eab00000)
  object space 87552K, 0% used [0x00000000c0000000,0x00000000c0000000,0x00000000c5580000)
 Metaspace       used 5988K, capacity 6960K, committed 7040K, reserved 1056768K
  class space    used 572K, capacity 616K, committed 640K, reserved 1048576K
Event: 2.148 GC heap after
Heap after GC invocations=1 (full 0):
 PSYoungGen      total 38400K, used 5115K [0x00000000eab00000, 0x00000000ef600000, 0x0000000100000000)
  eden space 33280K, 0% used [0x00000000eab00000,0x00000000eab00000,0x00000000ecb80000)
  from space 5120K, 99% used [0x00000000ecb80000,0x00000000ed07ee40,0x00000000ed080000)
  to   space 5120K, 0% used [0x00000000ef100000,0x00000000ef100000,0x00000000ef600000)
 ParOldGen       total 87552K, used 1238K [0x00000000c0000000, 0x00000000c5580000, 0x00000000eab00000)
  object space 87552K, 1% used [0x00000000c0000000,0x00000000c0135808,0x00000000c5580000)
 Metaspace       used 5988K, capacity 6960K, committed 7040K, reserved 1056768K
  class space    used 572K, capacity 616K, committed 640K, reserved 1048576K
}
Event: 3.321 GC heap before
{Heap before GC invocations=2 (full 0):
 PSYoungGen      total 38400K, used 38395K [0x00000000eab00000, 0x00000000ef600000, 0x0000000100000000)
  eden space 33280K, 100% used [0x00000000eab00000,0x00000000ecb80000,0x00000000ecb80000)
  from space 5120K, 99% used [0x00000000ecb80000,0x00000000ed07ee40,0x00000000ed080000)
  to   space 5120K, 0% used [0x00000000ef100000,0x00000000ef100000,0x00000000ef600000)
 ParOldGen       total 87552K, used 1238K [0x00000000c0000000, 0x00000000c5580000, 0x00000000eab00000)
  object space 87552K, 1% used [0x00000000c0000000,0x00000000c0135808,0x00000000c5580000)
 Metaspace       used 6165K, capacity 7088K, committed 7296K, reserved 1056768K
  class space    used 576K, capacity 616K, committed 640K, reserved 1048576K
Event: 4.132 GC heap after
Heap after GC invocations=2 (full 0):
 PSYoungGen      total 71680K, used 5114K [0x00000000eab00000, 0x00000000ef600000, 0x0000000100000000)
  eden space 66560K, 0% used [0x00000000eab00000,0x00000000eab00000,0x00000000eec00000)
  from space 5120K, 99% used [0x00000000ef100000,0x00000000ef5fe868,0x00000000ef600000)
  to   space 5120K, 0% used [0x00000000eec00000,0x00000000eec00000,0x00000000ef100000)
 ParOldGen       total 87552K, used 5202K [0x00000000c0000000, 0x00000000c5580000, 0x00000000eab00000)
  object space 87552K, 5% used [0x00000000c0000000,0x00000000c0514ba0,0x00000000c5580000)
 Metaspace       used 6165K, capacity 7088K, committed 7296K, reserved 1056768K
  class space    used 576K, capacity 616K, committed 640K, reserved 1048576K
}
Event: 5.798 GC heap before
{Heap before GC invocations=3 (full 0):
 PSYoungGen      total 71680K, used 71674K [0x00000000eab00000, 0x00000000ef600000, 0x0000000100000000)
  eden space 66560K, 100% used [0x00000000eab00000,0x00000000eec00000,0x00000000eec00000)
  from space 5120K, 99% used [0x00000000ef100000,0x00000000ef5fe868,0x00000000ef600000)
  to   space 5120K, 0% used [0x00000000eec00000,0x00000000eec00000,0x00000000ef100000)
 ParOldGen       total 87552K, used 5202K [0x00000000c0000000, 0x00000000c5580000, 0x00000000eab00000)
  object space 87552K, 5% used [0x00000000c0000000,0x00000000c0514ba0,0x00000000c5580000)
 Metaspace       used 6314K, capacity 7090K, committed 7296K, reserved 1056768K
  class space    used 595K, capacity 618K, committed 640K, reserved 1048576K
Event: 6.190 GC heap after
Heap after GC invocations=3 (full 0):
 PSYoungGen      total 71680K, used 5111K [0x00000000eab00000, 0x00000000f3700000, 0x0000000100000000)
  eden space 66560K, 0% used [0x00000000eab00000,0x00000000eab00000,0x00000000eec00000)
  from space 5120K, 99% used [0x00000000eec00000,0x00000000ef0fdcd0,0x00000000ef100000)
  to   space 5120K, 0% used [0x00000000f3200000,0x00000000f3200000,0x00000000f3700000)
 ParOldGen       total 87552K, used 15382K [0x00000000c0000000, 0x00000000c5580000, 0x00000000eab00000)
  object space 87552K, 17% used [0x00000000c0000000,0x00000000c0f05bb8,0x00000000c5580000)
 Metaspace       used 6314K, capacity 7090K, committed 7296K, reserved 1056768K
  class space    used 595K, capacity 618K, committed 640K, reserved 1048576K
}
Event: 6.975 GC heap before
{Heap before GC invocations=4 (full 0):
 PSYoungGen      total 71680K, used 71671K [0x00000000eab00000, 0x00000000f3700000, 0x0000000100000000)
  eden space 66560K, 100% used [0x00000000eab00000,0x00000000eec00000,0x00000000eec00000)
  from space 5120K, 99% used [0x00000000eec00000,0x00000000ef0fdcd0,0x00000000ef100000)
  to   space 5120K, 0% used [0x00000000f3200000,0x00000000f3200000,0x00000000f3700000)
 ParOldGen       total 87552K, used 15382K [0x00000000c0000000, 0x00000000c5580000, 0x00000000eab00000)
  object space 87552K, 17% used [0x00000000c0000000,0x00000000c0f05bb8,0x00000000c5580000)
 Metaspace       used 6346K, capacity 7090K, committed 7296K, reserved 1056768K
  class space    used 595K, capacity 618K, committed 640K, reserved 1048576K
Event: 7.149 GC heap after
Heap after GC invocations=4 (full 0):
 PSYoungGen      total 138240K, used 5099K [0x00000000eab00000, 0x00000000f3700000, 0x0000000100000000)
  eden space 133120K, 0% used [0x00000000eab00000,0x00000000eab00000,0x00000000f2d00000)
  from space 5120K, 99% used [0x00000000f3200000,0x00000000f36fadc0,0x00000000f3700000)
  to   space 5120K, 0% used [0x00000000f2d00000,0x00000000f2d00000,0x00000000f3200000)
 ParOldGen       total 87552K, used 25125K [0x00000000c0000000, 0x00000000c5580000, 0x00000000eab00000)
  object space 87552K, 28% used [0x00000000c0000000,0x00000000c1889790,0x00000000c5580000)
 Metaspace       used 6346K, capacity 7090K, committed 7296K, reserved 1056768K
  class space    used 595K, capacity 618K, committed 640K, reserved 1048576K
}

Deoptimization events (10 events):
Event: 7.610 Thread 0x0000000002bb2800 Uncommon trap: reason=speculate_class_check action=maybe_recompile pc=0x00000000030c72a4 method=com.android.dx.util.FixedSizeList.equals(Ljava/lang/Object;)Z @ 25
Event: 7.610 Thread 0x0000000002bb2800 Uncommon trap: reason=speculate_class_check action=maybe_recompile pc=0x00000000030c72a4 method=com.android.dx.util.FixedSizeList.equals(Ljava/lang/Object;)Z @ 25
Event: 7.687 Thread 0x0000000002bb2800 Uncommon trap: reason=unstable_if action=reinterpret pc=0x000000000339a320 method=java.util.TreeMap.put(Ljava/lang/Object;Ljava/lang/Object;)Ljava/lang/Object; @ 163
Event: 7.691 Thread 0x0000000002bb2800 Uncommon trap: reason=unstable_if action=reinterpret pc=0x0000000003552240 method=com.android.dx.dex.code.OutputFinisher.findOpcodeForInsn(Lcom/android/dx/dex/code/DalvInsn;Lcom/android/dx/dex/code/Dop;)Lcom/android/dx/dex/code/Dop; @ 1
Event: 7.903 Thread 0x0000000002bb2800 Uncommon trap: reason=unstable_if action=reinterpret pc=0x00000000035cfd44 method=com.android.dx.dex.code.OutputFinisher.align64bits([Lcom/android/dx/dex/code/Dop;)V @ 205
Event: 7.905 Thread 0x0000000002bb2800 Uncommon trap: reason=unstable_if action=reinterpret pc=0x00000000035c925c method=com.android.dx.dex.code.OutputFinisher.align64bits([Lcom/android/dx/dex/code/Dop;)V @ 130
Event: 7.971 Thread 0x0000000002bb2800 Uncommon trap: reason=unstable_if action=reinterpret pc=0x00000000035ca62c method=com.android.dx.rop.code.RegisterSpec.matchesVariable(Lcom/android/dx/rop/code/RegisterSpec;)Z @ 59
Event: 7.971 Thread 0x0000000002bb2800 Uncommon trap: reason=unstable_if action=reinterpret pc=0x0000000003571850 method=com.android.dx.rop.code.RegisterSpec.matchesVariable(Lcom/android/dx/rop/code/RegisterSpec;)Z @ 59
Event: 8.133 Thread 0x0000000002bb2800 Uncommon trap: reason=unstable_if action=reinterpret pc=0x000000000358299c method=java.util.ArrayList.<init>(I)V @ 5
Event: 8.179 Thread 0x0000000002bb2800 Uncommon trap: reason=unstable_if action=reinterpret pc=0x000000000362e584 method=com.android.dx.util.ByteArrayAnnotatedOutput.writeByte(I)V @ 13

Internal exceptions (6 events):
Event: 0.027 Thread 0x0000000002bb2800 Exception <a 'java/lang/NoSuchMethodError': Method sun.misc.Unsafe.defineClass(Ljava/lang/String;[BII)Ljava/lang/Class; name or signature does not match> (0x00000000eab07cc0) thrown at [C:\src\android\AOSP-openjdk\external\jetbrains\jdk\hotspot\src\share\v	»–PNö›?
Event: 0.027 Thread 0x0000000002bb2800 Exception <a 'java/lang/NoSuchMethodError': Method sun.misc.Unsafe.prefetchRead(Ljava/lang/Object;J)V name or signature does not match> (0x00000000eab07fa8) thrown at [C:\src\android\AOSP-openjdk\external\jetbrains\jdk\hotspot\src\share\vm\prims\jni.cpp, lú
Event: 0.799 Thread 0x0000000016d32000 Implicit null exception at 0x0000000002fdc875 to 0x0000000002fdf855
Event: 5.553 Thread 0x0000000002bb2800 Exception <a 'java/lang/ArrayIndexOutOfBoundsException': 18> (0x00000000ed9d36c0) thrown at [C:\src\android\AOSP-openjdk\external\jetbrains\jdk\hotspot\src\share\vm\interpreter\interpreterRuntime.cpp, line 366]
Event: 5.553 Thread 0x0000000002bb2800 Exception <a 'java/lang/ArrayIndexOutOfBoundsException': 145> (0x00000000ed9d5240) thrown at [C:\src\android\AOSP-openjdk\external\jetbrains\jdk\hotspot\src\share\vm\interpreter\interpreterRuntime.cpp, line 366]
Event: 5.554 Thread 0x0000000002bb2800 Exception <a 'java/lang/ArrayIndexOutOfBoundsException'> (0x00000000ed9d6528) thrown at [C:\src\android\AOSP-openjdk\external\jetbrains\jdk\hotspot\src\share\vm\runtime\sharedRuntime.cpp, line 605]

Events (10 events):
Event: 8.170 Executing VM operation: ForceSafepoint done
Event: 8.174 loading class com/android/dx/dex/file/MapItem
Event: 8.174 loading class com/android/dx/dex/file/MapItem done
Event: 8.175 loading class com/android/dx/dex/file/UniformListItem
Event: 8.175 loading class com/android/dx/dex/file/UniformListItem done
Event: 8.179 loading class com/android/dex/DexFormat
Event: 8.179 loading class com/android/dex/DexFormat done
Event: 8.179 Thread 0x0000000002bb2800 Uncommon trap: trap_request=0xffffff65 fr.pc=0x000000000362e584
Event: 8.179 Thread 0x0000000002bb2800 DEOPT PACKING pc=0x000000000362e584 sp=0x0000000002baee20
Event: 8.179 Thread 0x0000000002bb2800 DEOPT UNPACKING pc=0x0000000002cf556a sp=0x0000000002baedd8 mode 2


Dynamic libraries:
0x00007ff6830c0000 - 0x00007ff6830f1000 	F:\android-studio\jre\bin\java.exe
0x00007ff81bc90000 - 0x00007ff81be61000 	C:\WINDOWS\SYSTEM32\ntdll.dll
0x00007ff819220000 - 0x00007ff8192cb000 	C:\WINDOWS\System32\KERNEL32.DLL
0x00007ff818540000 - 0x00007ff81875d000 	C:\WINDOWS\System32\KERNELBASE.dll
0x00007ff81b970000 - 0x00007ff81ba12000 	C:\WINDOWS\System32\ADVAPI32.dll
0x00007ff819ec0000 - 0x00007ff819f5e000 	C:\WINDOWS\System32\msvcrt.dll
0x00007ff81ba90000 - 0x00007ff81bae9000 	C:\WINDOWS\System32\sechost.dll
0x00007ff81b570000 - 0x00007ff81b691000 	C:\WINDOWS\System32\RPCRT4.dll
0x00007ff819610000 - 0x00007ff819775000 	C:\WINDOWS\System32\USER32.dll
0x00007ff818ff0000 - 0x00007ff81900e000 	C:\WINDOWS\System32\win32u.dll
0x00007ff819e80000 - 0x00007ff819eb4000 	C:\WINDOWS\System32\GDI32.dll
0x00007ff819070000 - 0x00007ff8191f2000 	C:\WINDOWS\System32\gdi32full.dll
0x00007ff8134d0000 - 0x00007ff81374a000 	C:\WINDOWS\WinSxS\amd64_microsoft.windows.common-controls_6595b64144ccf1df_6.0.14393.351_none_4213128bc687e6d3\COMCTL32.dll
0x00007ff81b6a0000 - 0x00007ff81b967000 	C:\WINDOWS\System32\combase.dll
0x00007ff818760000 - 0x00007ff818855000 	C:\WINDOWS\System32\ucrtbase.dll
0x00007ff818160000 - 0x00007ff8181ca000 	C:\WINDOWS\System32\bcryptPrimitives.dll
0x00007ff819f60000 - 0x00007ff819f8e000 	C:\WINDOWS\System32\IMM32.DLL
0x0000000076590000 - 0x0000000076662000 	F:\android-studio\jre\jre\bin\msvcr100.dll
0x0000000076670000 - 0x0000000076ea4000 	F:\android-studio\jre\jre\bin\server\jvm.dll
0x00007ff81ba80000 - 0x00007ff81ba88000 	C:\WINDOWS\System32\PSAPI.DLL
0x00007ff80a1c0000 - 0x00007ff80a1c9000 	C:\WINDOWS\SYSTEM32\WSOCK32.dll
0x00007ff8194b0000 - 0x00007ff81951a000 	C:\WINDOWS\System32\WS2_32.dll
0x00007ff816590000 - 0x00007ff8165b3000 	C:\WINDOWS\SYSTEM32\WINMM.dll
0x00007ff816d10000 - 0x00007ff816d1a000 	C:\WINDOWS\SYSTEM32\VERSION.dll
0x00007ff816560000 - 0x00007ff81658b000 	C:\WINDOWS\SYSTEM32\WINMMBASE.dll
0x00007ff818450000 - 0x00007ff818492000 	C:\WINDOWS\System32\cfgmgr32.dll
0x00007ff80d460000 - 0x00007ff80d46f000 	F:\android-studio\jre\jre\bin\verify.dll
0x00007ff80ae30000 - 0x00007ff80ae59000 	F:\android-studio\jre\jre\bin\java.dll
0x00007ff809b90000 - 0x00007ff809ba6000 	F:\android-studio\jre\jre\bin\zip.dll
0x00007ff81a060000 - 0x00007ff81b569000 	C:\WINDOWS\System32\SHELL32.dll
0x00007ff818860000 - 0x00007ff818f3a000 	C:\WINDOWS\System32\windows.storage.dll
0x00007ff818110000 - 0x00007ff81815c000 	C:\WINDOWS\System32\powrprof.dll
0x00007ff819790000 - 0x00007ff8197e2000 	C:\WINDOWS\System32\shlwapi.dll
0x00007ff8180d0000 - 0x00007ff8180df000 	C:\WINDOWS\System32\kernel.appcore.dll
0x00007ff818f40000 - 0x00007ff818fe9000 	C:\WINDOWS\System32\shcore.dll
0x00007ff8180e0000 - 0x00007ff8180f4000 	C:\WINDOWS\System32\profapi.dll
0x00007ff80ed30000 - 0x00007ff80eec2000 	C:\WINDOWS\SYSTEM32\dbghelp.dll

VM Arguments:
jvm_args: -Djava.awt.headless=true -Xmx1024M -Dfile.encoding=GBK -Duser.country=CN -Duser.language=zh -Duser.variant 
java_command: com.android.dx.command.Main --dex --num-threads=4 --output D:\AndroidStudioProject\YDSP\yDSP\build\intermediates\pre-dexed\release\com.android.support-appcompat-v7-19.1.0_472142413ab9be0dd88fac641179be54ed69a893.jar D:\AndroidStudioProject\YDSP\yDSP\build\intermediates\exploded-aar\com.android.support\appcompat-v7\19.1.0\jars\classes.jar
java_class_path (initial): E:\AndroidSDK\build-tools\24.0.3\lib\dx.jar
Launcher Type: SUN_STANDARD

Environment Variables:
PATH=C:\ProgramData\Oracle\Java\javapath;C:\Program Files (x86)\Intel\iCLS Client\;C:\Program Files\Intel\iCLS Client\;C:\Program Files (x86)\NVIDIA Corporation\PhysX\Common;C:\WINDOWS\system32;C:\WINDOWS;C:\WINDOWS\System32\Wbem;C:\WINDOWS\System32\WindowsPowerShell\v1.0\;C:\Program Files\Intel\Intel(R) Management Engine Components\DAL;C:\Program Files\Intel\Intel(R) Management Engine Components\IPT;C:\Program Files (x86)\Intel\Intel(R) Management Engine Components\DAL;C:\Program Files (x86)\Intel\Intel(R) Management Engine Components\IPT;C:\Program Files (x86)\Microsoft SQL Server\100\Tools\Binn\;C:\Program Files\Microsoft SQL Server\100\Tools\Binn\;C:\Program Files\Microsoft SQL Server\100\DTS\Binn\;C:\Program Files (x86)\Microsoft SQL Server\100\Tools\Binn\VSShell\Common7\IDE\;C:\Program Files (x86)\Microsoft Visual Studio 9.0\Common7\IDE\PrivateAssemblies\;C:\Program Files (x86)\Microsoft SQL Server\100\DTS\Binn\;C:\Program Files (x86)\Microsoft SQL Server\90\Tools\binn\;C:\WINDOWS\system32\config\systemprofile\.dnx\bin;C:\Program Files\Microsoft DNX\Dnvm\;C:\Program Files\TortoiseSVN\bin;C:\Program Files (x86)\VisualSVN\bin;C:\Program Files\Java\jdk1.8.0_91\bin;E:\Android studio\android-studio\gradle\gradle-2.10\bin;C:\Users\Administrator\AppData\Local\Microsoft\WindowsApps;
USERNAME=Administrator
OS=Windows_NT
PROCESSOR_IDENTIFIER=Intel64 Family 6 Model 60 Stepping 3, GenuineIntel



---------------  S Y S T E M  ---------------

OS: Windows 10.0 , 64 bit Build 14393 (10.0.14393.0)

CPU:total 4 (4 cores per cpu, 1 threads per core) family 6 model 60 stepping 3, cmov, cx8, fxsr, mmx, sse, sse2, sse3, ssse3, sse4.1, sse4.2, popcnt, avx, avx2, aes, clmul, erms, lzcnt, tsc, tscinvbit, bmi1, bmi2

Memory: 4k page, physical 8325052k(1975656k free), swap 11615696k(1799768k free)

vm_info: OpenJDK 64-Bit Server VM (25.76-b03) for windows-amd64 JRE (1.8.0_76-release-b03), built on Jun 29 2016 19:09:20 by "ralucas" with MS VC++ 10.0 (VS2010)

time: Tue Nov 01 14:59:22 2016
elapsed time: 8 seconds (0d 0h 0m 8s)

