#
# A fatal error has been detected by the Java Runtime Environment:
#
#  EXCEPTION_ACCESS_VIOLATION (0xc0000005) at pc=0x0000000076b2da8b, pid=11364, tid=0x0000000000002944
#
# JRE version: OpenJDK Runtime Environment (8.0_76-b03) (build 1.8.0_76-release-b03)
# Java VM: OpenJDK 64-Bit Server VM (25.76-b03 mixed mode windows-amd64 compressed oops)
# Problematic frame:
# V  [jvm.dll+0x4bda8b]
#
# Failed to write core dump. Minidumps are not enabled by default on client versions of Windows
#
# If you would like to submit a bug report, please visit:
#   http://bugreport.java.com/bugreport/crash.jsp
#

---------------  T H R E A D  ---------------

Current thread (0x0000000015ac8800):  JavaThread "C2 CompilerThread1" daemon [_thread_in_native, id=10564, stack(0x0000000017180000,0x0000000017280000)]

siginfo: ExceptionCode=0xc0000005, reading address 0x0000000000000000

Registers:
RAX=0x000000000000001c, RBX=0x000000001901bb10, RCX=0x000000001727e5f0, RDX=0x000000000000001c
RSP=0x000000001727bdf0, RBP=0x000000001727e5f0, RSI=0x00000000ffffe000, RDI=0x0000000000000000
R8 =0x0000000018736cb8, R9 =0x0000000000000000, R10=0x0000000000000000, R11=0x000000001727bd40
R12=0x000000001915fc70, R13=0x000000001727e5f0, R14=0x000000001901b970, R15=0x000000001901bb10
RIP=0x0000000076b2da8b, EFLAGS=0x0000000000010246

Top of Stack: (sp=0x000000001727bdf0)
0x000000001727bdf0:   0000000000000000 000000001901bb10
0x000000001727be00:   00000000000000de 00000000766de25b
0x000000001727be10:   0000000000000202 000000001555cad8
0x000000001727be20:   0000000017f84ee0 00000000766de0c6
0x000000001727be30:   0000000000000000 0000000000000000
0x000000001727be40:   0000000015a84270 00000000ffffe000
0x000000001727be50:   0000000000002003 0000000018736cb8
0x000000001727be60:   000000000000001c 0000000076b2e399
0x000000001727be70:   000000001727e5f0 0000000018736cb8
0x000000001727be80:   0000000018736cb8 0000000000000000
0x000000001727be90:   000000001901bb10 000000001901b970
0x000000001727bea0:   0000000000000000 0000000000004999
0x000000001727beb0:   00000000000049b1 0000000000000000
0x000000001727bec0:   0000000000000000 0000000200000000
0x000000001727bed0:   000000001915fc70 0000000000000006
0x000000001727bee0:   000000001901bab0 000000001915fb70 

Instructions: (pc=0x0000000076b2da8b)
0x0000000076b2da6b:   00 00 00 49 8b f9 48 8b e9 8b 03 3b c2 74 11 4c
0x0000000076b2da7b:   3b 89 f8 01 00 00 0f 84 7d 06 00 00 ff c8 89 03
0x0000000076b2da8b:   49 8b 01 49 8b c9 48 89 74 24 58 ff 50 28 80 7f
0x0000000076b2da9b:   2c 84 48 8b f0 0f 85 9f 01 00 00 48 8b ac 24 a8 


Register to memory mapping:

RAX=0x000000000000001c is an unknown value
RBX=0x000000001901bb10 is an unknown value
RCX=0x000000001727e5f0 is pointing into the stack for thread: 0x0000000015ac8800
RDX=0x000000000000001c is an unknown value
RSP=0x000000001727bdf0 is pointing into the stack for thread: 0x0000000015ac8800
RBP=0x000000001727e5f0 is pointing into the stack for thread: 0x0000000015ac8800
RSI=0x00000000ffffe000 is an unallocated location in the heap
RDI=0x0000000000000000 is an unknown value
R8 =0x0000000018736cb8 is an unknown value
R9 =0x0000000000000000 is an unknown value
R10=0x0000000000000000 is an unknown value
R11=0x000000001727bd40 is pointing into the stack for thread: 0x0000000015ac8800
R12=0x000000001915fc70 is an unknown value
R13=0x000000001727e5f0 is pointing into the stack for thread: 0x0000000015ac8800
R14=0x000000001901b970 is an unknown value
R15=0x000000001901bb10 is an unknown value


Stack: [0x0000000017180000,0x0000000017280000],  sp=0x000000001727bdf0,  free space=1007k
Native frames: (J=compiled Java code, j=interpreted, Vv=VM code, C=native code)
V  [jvm.dll+0x4bda8b]
V  [jvm.dll+0x4be399]
V  [jvm.dll+0x4bf117]
V  [jvm.dll+0x4c047a]
V  [jvm.dll+0x439452]
V  [jvm.dll+0x43badf]
V  [jvm.dll+0x41f212]
V  [jvm.dll+0x806e9]
V  [jvm.dll+0x8101f]
V  [jvm.dll+0x21bc14]
V  [jvm.dll+0x26b60a]
C  [msvcr100.dll+0x21d9f]
C  [msvcr100.dll+0x21e3b]
C  [KERNEL32.DLL+0x8364]
C  [ntdll.dll+0x65e91]


Current CompileTask:
C2:   2513 1619   !   4       com.android.dx.cf.cst.ConstantPoolParser::parse0 (731 bytes)


---------------  P R O C E S S  ---------------

Java Threads: ( => current thread )
  0x00000000173e1000 JavaThread "pool-1-thread-4" [_thread_in_Java, id=12876, stack(0x0000000017d80000,0x0000000017e80000)]
  0x00000000173d7800 JavaThread "pool-1-thread-3" [_thread_in_vm, id=10852, stack(0x0000000017c80000,0x0000000017d80000)]
  0x00000000173ea000 JavaThread "pool-1-thread-2" [_thread_in_Java, id=11444, stack(0x0000000017b80000,0x0000000017c80000)]
  0x00000000173e7000 JavaThread "pool-2-thread-1" [_thread_blocked, id=10332, stack(0x0000000017a80000,0x0000000017b80000)]
  0x00000000173e4800 JavaThread "pool-1-thread-1" [_thread_in_Java, id=7808, stack(0x0000000017980000,0x0000000017a80000)]
  0x00000000172df800 JavaThread "Service Thread" daemon [_thread_blocked, id=14172, stack(0x0000000017780000,0x0000000017880000)]
  0x00000000172d8000 JavaThread "C1 CompilerThread2" daemon [_thread_blocked, id=2892, stack(0x0000000017680000,0x0000000017780000)]
=>0x0000000015ac8800 JavaThread "C2 CompilerThread1" daemon [_thread_in_native, id=10564, stack(0x0000000017180000,0x0000000017280000)]
  0x0000000015ac5000 JavaThread "C2 CompilerThread0" daemon [_thread_blocked, id=11420, stack(0x0000000017080000,0x0000000017180000)]
  0x0000000015ac3800 JavaThread "Attach Listener" daemon [_thread_blocked, id=12764, stack(0x0000000016f80000,0x0000000017080000)]
  0x0000000015b1e000 JavaThread "Signal Dispatcher" daemon [_thread_blocked, id=1660, stack(0x0000000016e80000,0x0000000016f80000)]
  0x00000000033c5800 JavaThread "Finalizer" daemon [_thread_blocked, id=12968, stack(0x0000000016d10000,0x0000000016e10000)]
  0x00000000033c0000 JavaThread "Reference Handler" daemon [_thread_blocked, id=9392, stack(0x0000000016c10000,0x0000000016d10000)]
  0x00000000032d0800 JavaThread "main" [_thread_in_Java, id=6552, stack(0x00000000031d0000,0x00000000032d0000)]

Other Threads:
  0x0000000015a85000 VMThread [stack: 0x0000000016b10000,0x0000000016c10000] [id=10028]
  0x00000000172e0800 WatcherThread [stack: 0x0000000017880000,0x0000000017980000] [id=6200]

VM state:not at safepoint (normal execution)

VM Mutex/Monitor currently owned by a thread: None

Heap:
 PSYoungGen      total 71680K, used 59965K [0x00000000eab00000, 0x00000000f3700000, 0x0000000100000000)
  eden space 66560K, 82% used [0x00000000eab00000,0x00000000ee093ec8,0x00000000eec00000)
  from space 5120K, 99% used [0x00000000eec00000,0x00000000ef0fb548,0x00000000ef100000)
  to   space 5120K, 0% used [0x00000000f3200000,0x00000000f3200000,0x00000000f3700000)
 ParOldGen       total 87552K, used 26915K [0x00000000c0000000, 0x00000000c5580000, 0x00000000eab00000)
  object space 87552K, 30% used [0x00000000c0000000,0x00000000c1a48c30,0x00000000c5580000)
 Metaspace       used 6017K, capacity 7088K, committed 7296K, reserved 1056768K
  class space    used 557K, capacity 616K, committed 640K, reserved 1048576K

Card table byte_map: [0x0000000012790000,0x00000000129a0000] byte_map_base: 0x0000000012190000

Marking Bits: (ParMarkBitMap*) 0x0000000076e29d00
 Begin Bits: [0x0000000012f00000, 0x0000000013f00000)
 End Bits:   [0x0000000013f00000, 0x0000000014f00000)

Polling page: 0x0000000003190000

CodeCache: size=245760Kb used=7656Kb max_used=7670Kb free=238103Kb
 bounds [0x00000000033d0000, 0x0000000003b60000, 0x00000000123d0000]
 total_blobs=2012 nmethods=1747 adapters=177
 compilation: enabled

Compilation events (10 events):
Event: 2.284 Thread 0x0000000015ac5000 nmethod 1737 0x0000000003b37610 code [0x0000000003b37800, 0x0000000003b38258]
Event: 2.284 Thread 0x0000000015ac5000 1687       4       com.android.dx.cf.code.BaseMachine::storeResults (90 bytes)
Event: 2.288 Thread 0x0000000015ac5000 nmethod 1687 0x0000000003b39150 code [0x0000000003b392e0, 0x0000000003b397f8]
Event: 2.288 Thread 0x0000000015ac5000 1738   !   4       com.android.dx.cf.code.RopperMachine::run (1550 bytes)
Event: 2.414 Thread 0x0000000015ac5000 nmethod 1738 0x0000000003b404d0 code [0x0000000003b40a20, 0x0000000003b45838]
Event: 2.414 Thread 0x0000000015ac5000 1720       4       com.android.dx.ssa.SsaInsn::mapRegisters (35 bytes)
Event: 2.417 Thread 0x0000000015ac5000 nmethod 1720 0x0000000003b3fa10 code [0x0000000003b3fba0, 0x0000000003b3ff68]
Event: 2.417 Thread 0x0000000015ac5000 1634       4       com.android.dx.ssa.back.FirstFitLocalCombiningAllocator::getAlignment (32 bytes)
Event: 2.417 Thread 0x0000000015ac5000 nmethod 1634 0x0000000003b32310 code [0x0000000003b32460, 0x0000000003b32508]
Event: 2.502 Thread 0x0000000015ac5000 1787       4       com.android.dx.cf.code.ByteCatchList::toTargetList (114 bytes)

GC Heap History (6 events):
Event: 0.684 GC heap before
{Heap before GC invocations=1 (full 0):
 PSYoungGen      total 38400K, used 33280K [0x00000000eab00000, 0x00000000ed580000, 0x0000000100000000)
  eden space 33280K, 100% used [0x00000000eab00000,0x00000000ecb80000,0x00000000ecb80000)
  from space 5120K, 0% used [0x00000000ed080000,0x00000000ed080000,0x00000000ed580000)
  to   space 5120K, 0% used [0x00000000ecb80000,0x00000000ecb80000,0x00000000ed080000)
 ParOldGen       total 87552K, used 0K [0x00000000c0000000, 0x00000000c5580000, 0x00000000eab00000)
  object space 87552K, 0% used [0x00000000c0000000,0x00000000c0000000,0x00000000c5580000)
 Metaspace       used 5785K, capacity 6896K, committed 7040K, reserved 1056768K
  class space    used 557K, capacity 616K, committed 640K, reserved 1048576K
Event: 0.692 GC heap after
Heap after GC invocations=1 (full 0):
 PSYoungGen      total 38400K, used 5109K [0x00000000eab00000, 0x00000000ef600000, 0x0000000100000000)
  eden space 33280K, 0% used [0x00000000eab00000,0x00000000eab00000,0x00000000ecb80000)
  from space 5120K, 99% used [0x00000000ecb80000,0x00000000ed07d4b0,0x00000000ed080000)
  to   space 5120K, 0% used [0x00000000ef100000,0x00000000ef100000,0x00000000ef600000)
 ParOldGen       total 87552K, used 5740K [0x00000000c0000000, 0x00000000c5580000, 0x00000000eab00000)
  object space 87552K, 6% used [0x00000000c0000000,0x00000000c059b200,0x00000000c5580000)
 Metaspace       used 5785K, capacity 6896K, committed 7040K, reserved 1056768K
  class space    used 557K, capacity 616K, committed 640K, reserved 1048576K
}
Event: 0.856 GC heap before
{Heap before GC invocations=2 (full 0):
 PSYoungGen      total 38400K, used 38389K [0x00000000eab00000, 0x00000000ef600000, 0x0000000100000000)
  eden space 33280K, 100% used [0x00000000eab00000,0x00000000ecb80000,0x00000000ecb80000)
  from space 5120K, 99% used [0x00000000ecb80000,0x00000000ed07d4b0,0x00000000ed080000)
  to   space 5120K, 0% used [0x00000000ef100000,0x00000000ef100000,0x00000000ef600000)
 ParOldGen       total 87552K, used 5740K [0x00000000c0000000, 0x00000000c5580000, 0x00000000eab00000)
  object space 87552K, 6% used [0x00000000c0000000,0x00000000c059b200,0x00000000c5580000)
 Metaspace       used 5875K, capacity 6960K, committed 7040K, reserved 1056768K
  class space    used 557K, capacity 616K, committed 640K, reserved 1048576K
Event: 0.868 GC heap after
Heap after GC invocations=2 (full 0):
 PSYoungGen      total 71680K, used 5114K [0x00000000eab00000, 0x00000000ef600000, 0x0000000100000000)
  eden space 66560K, 0% used [0x00000000eab00000,0x00000000eab00000,0x00000000eec00000)
  from space 5120K, 99% used [0x00000000ef100000,0x00000000ef5fe930,0x00000000ef600000)
  to   space 5120K, 0% used [0x00000000eec00000,0x00000000eec00000,0x00000000ef100000)
 ParOldGen       total 87552K, used 13666K [0x00000000c0000000, 0x00000000c5580000, 0x00000000eab00000)
  object space 87552K, 15% used [0x00000000c0000000,0x00000000c0d58938,0x00000000c5580000)
 Metaspace       used 5875K, capacity 6960K, committed 7040K, reserved 1056768K
  class space    used 557K, capacity 616K, committed 640K, reserved 1048576K
}
Event: 1.958 GC heap before
{Heap before GC invocations=3 (full 0):
 PSYoungGen      total 71680K, used 71674K [0x00000000eab00000, 0x00000000ef600000, 0x0000000100000000)
  eden space 66560K, 100% used [0x00000000eab00000,0x00000000eec00000,0x00000000eec00000)
  from space 5120K, 99% used [0x00000000ef100000,0x00000000ef5fe930,0x00000000ef600000)
  to   space 5120K, 0% used [0x00000000eec00000,0x00000000eec00000,0x00000000ef100000)
 ParOldGen       total 87552K, used 13666K [0x00000000c0000000, 0x00000000c5580000, 0x00000000eab00000)
  object space 87552K, 15% used [0x00000000c0000000,0x00000000c0d58938,0x00000000c5580000)
 Metaspace       used 5918K, capacity 7024K, committed 7296K, reserved 1056768K
  class space    used 557K, capacity 616K, committed 640K, reserved 1048576K
Event: 2.083 GC heap after
Heap after GC invocations=3 (full 0):
 PSYoungGen      total 71680K, used 5101K [0x00000000eab00000, 0x00000000f3700000, 0x0000000100000000)
  eden space 66560K, 0% used [0x00000000eab00000,0x00000000eab00000,0x00000000eec00000)
  from space 5120K, 99% used [0x00000000eec00000,0x00000000ef0fb548,0x00000000ef100000)
  to   space 5120K, 0% used [0x00000000f3200000,0x00000000f3200000,0x00000000f3700000)
 ParOldGen       total 87552K, used 26915K [0x00000000c0000000, 0x00000000c5580000, 0x00000000eab00000)
  object space 87552K, 30% used [0x00000000c0000000,0x00000000c1a48c30,0x00000000c5580000)
 Metaspace       used 5918K, capacity 7024K, committed 7296K, reserved 1056768K
  class space    used 557K, capacity 616K, committed 640K, reserved 1048576K
}

Deoptimization events (10 events):
Event: 2.227 Thread 0x00000000173d7800 Uncommon trap: reason=bimorphic action=maybe_recompile pc=0x000000000366979c method=java.util.HashMap.getNode(ILjava/lang/Object;)Ljava/util/HashMap$Node; @ 126
Event: 2.248 Thread 0x00000000173ea000 Uncommon trap: reason=unstable_if action=reinterpret pc=0x0000000003aa77cc method=com.android.dx.cf.code.ExecutionStack.<init>(I)V @ 2
Event: 2.249 Thread 0x00000000173ea000 Uncommon trap: reason=bimorphic action=maybe_recompile pc=0x00000000039b5478 method=com.android.dx.ssa.SCCP.setLatticeValueTo(IILcom/android/dx/rop/cst/Constant;)Z @ 43
Event: 2.249 Thread 0x00000000173ea000 Uncommon trap: reason=bimorphic action=maybe_recompile pc=0x00000000039b5478 method=com.android.dx.ssa.SCCP.setLatticeValueTo(IILcom/android/dx/rop/cst/Constant;)Z @ 43
Event: 2.249 Thread 0x00000000173ea000 Uncommon trap: reason=bimorphic action=maybe_recompile pc=0x00000000039b5478 method=com.android.dx.ssa.SCCP.setLatticeValueTo(IILcom/android/dx/rop/cst/Constant;)Z @ 43
Event: 2.258 Thread 0x00000000173e4800 Uncommon trap: reason=unstable_if action=reinterpret pc=0x00000000039327ac method=com.android.dx.rop.code.RegisterSpecSet.put(Lcom/android/dx/rop/code/RegisterSpec;)V @ 77
Event: 2.258 Thread 0x00000000173e4800 Uncommon trap: reason=unstable_if action=reinterpret pc=0x00000000037869a0 method=com.android.dx.rop.code.RegisterSpecSet.put(Lcom/android/dx/rop/code/RegisterSpec;)V @ 77
Event: 2.258 Thread 0x00000000173e4800 Uncommon trap: reason=unstable_if action=reinterpret pc=0x0000000003a435a0 method=com.android.dx.rop.code.RegisterSpecSet.put(Lcom/android/dx/rop/code/RegisterSpec;)V @ 77
Event: 2.258 Thread 0x00000000032d0800 Uncommon trap: reason=unstable_if action=reinterpret pc=0x0000000003977014 method=com.android.dx.ssa.DeadCodeRemover.isCircularNoSideEffect(ILjava/util/BitSet;)Z @ 130
Event: 2.261 Thread 0x00000000173ea000 Uncommon trap: reason=unstable_if action=reinterpret pc=0x0000000003997524 method=com.android.dx.cf.code.ByteCatchList.typeNotFound(Lcom/android/dx/cf/code/ByteCatchList$Item;[Lcom/android/dx/cf/code/ByteCatchList$Item;I)Z @ 11

Internal exceptions (2 events):
Event: 0.030 Thread 0x00000000032d0800 Exception <a 'java/lang/NoSuchMethodError': Method sun.misc.Unsafe.defineClass(Ljava/lang/String;[BII)Ljava/lang/Class; name or signature does not match> (0x00000000eab07cc0) thrown at [C:\src\android\AOSP-openjdk\external\jetbrains\jdk\hotspot\src\share\vòd4—“þž?
Event: 0.030 Thread 0x00000000032d0800 Exception <a 'java/lang/NoSuchMethodError': Method sun.misc.Unsafe.prefetchRead(Ljava/lang/Object;J)V name or signature does not match> (0x00000000eab07fa8) thrown at [C:\src\android\AOSP-openjdk\external\jetbrains\jdk\hotspot\src\share\vm\prims\jni.cpp, l

Events (10 events):
Event: 2.258 Thread 0x00000000173e4800 DEOPT UNPACKING pc=0x000000000341556a sp=0x0000000017a7e658 mode 2
Event: 2.258 Thread 0x00000000173e4800 Uncommon trap: trap_request=0xffffff65 fr.pc=0x0000000003a435a0
Event: 2.258 Thread 0x00000000173e4800 DEOPT PACKING pc=0x0000000003a435a0 sp=0x0000000017a7e990
Event: 2.258 Thread 0x00000000173e4800 DEOPT UNPACKING pc=0x000000000341556a sp=0x0000000017a7e8c0 mode 2
Event: 2.258 Thread 0x00000000032d0800 Uncommon trap: trap_request=0xffffff65 fr.pc=0x0000000003977014
Event: 2.258 Thread 0x00000000032d0800 DEOPT PACKING pc=0x0000000003977014 sp=0x00000000032cdc80
Event: 2.258 Thread 0x00000000032d0800 DEOPT UNPACKING pc=0x000000000341556a sp=0x00000000032cdc98 mode 2
Event: 2.261 Thread 0x00000000173ea000 Uncommon trap: trap_request=0xffffff65 fr.pc=0x0000000003997524
Event: 2.261 Thread 0x00000000173ea000 DEOPT PACKING pc=0x0000000003997524 sp=0x0000000017c7e870
Event: 2.261 Thread 0x00000000173ea000 DEOPT UNPACKING pc=0x000000000341556a sp=0x0000000017c7e638 mode 2


Dynamic libraries:
0x00007ff6830c0000 - 0x00007ff6830f1000 	F:\android-studio\jre\bin\java.exe
0x00007ff81bc90000 - 0x00007ff81be61000 	C:\WINDOWS\SYSTEM32\ntdll.dll
0x00007ff819220000 - 0x00007ff8192cb000 	C:\WINDOWS\System32\KERNEL32.DLL
0x00007ff818540000 - 0x00007ff81875d000 	C:\WINDOWS\System32\KERNELBASE.dll
0x00007ff81b970000 - 0x00007ff81ba12000 	C:\WINDOWS\System32\ADVAPI32.dll
0x00007ff819ec0000 - 0x00007ff819f5e000 	C:\WINDOWS\System32\msvcrt.dll
0x00007ff81ba90000 - 0x00007ff81bae9000 	C:\WINDOWS\System32\sechost.dll
0x00007ff81b570000 - 0x00007ff81b691000 	C:\WINDOWS\System32\RPCRT4.dll
0x00007ff819610000 - 0x00007ff819775000 	C:\WINDOWS\System32\USER32.dll
0x00007ff818ff0000 - 0x00007ff81900e000 	C:\WINDOWS\System32\win32u.dll
0x00007ff819e80000 - 0x00007ff819eb4000 	C:\WINDOWS\System32\GDI32.dll
0x00007ff819070000 - 0x00007ff8191f2000 	C:\WINDOWS\System32\gdi32full.dll
0x00007ff8134d0000 - 0x00007ff81374a000 	C:\WINDOWS\WinSxS\amd64_microsoft.windows.common-controls_6595b64144ccf1df_6.0.14393.351_none_4213128bc687e6d3\COMCTL32.dll
0x00007ff81b6a0000 - 0x00007ff81b967000 	C:\WINDOWS\System32\combase.dll
0x00007ff818760000 - 0x00007ff818855000 	C:\WINDOWS\System32\ucrtbase.dll
0x00007ff818160000 - 0x00007ff8181ca000 	C:\WINDOWS\System32\bcryptPrimitives.dll
0x00007ff819f60000 - 0x00007ff819f8e000 	C:\WINDOWS\System32\IMM32.DLL
0x0000000076590000 - 0x0000000076662000 	F:\android-studio\jre\jre\bin\msvcr100.dll
0x0000000076670000 - 0x0000000076ea4000 	F:\android-studio\jre\jre\bin\server\jvm.dll
0x00007ff81ba80000 - 0x00007ff81ba88000 	C:\WINDOWS\System32\PSAPI.DLL
0x00007ff80a1c0000 - 0x00007ff80a1c9000 	C:\WINDOWS\SYSTEM32\WSOCK32.dll
0x00007ff8194b0000 - 0x00007ff81951a000 	C:\WINDOWS\System32\WS2_32.dll
0x00007ff816590000 - 0x00007ff8165b3000 	C:\WINDOWS\SYSTEM32\WINMM.dll
0x00007ff816d10000 - 0x00007ff816d1a000 	C:\WINDOWS\SYSTEM32\VERSION.dll
0x00007ff816560000 - 0x00007ff81658b000 	C:\WINDOWS\SYSTEM32\WINMMBASE.dll
0x00007ff818450000 - 0x00007ff818492000 	C:\WINDOWS\System32\cfgmgr32.dll
0x00007ff80d460000 - 0x00007ff80d46f000 	F:\android-studio\jre\jre\bin\verify.dll
0x00007ff80ae30000 - 0x00007ff80ae59000 	F:\android-studio\jre\jre\bin\java.dll
0x00007ff809b90000 - 0x00007ff809ba6000 	F:\android-studio\jre\jre\bin\zip.dll
0x00007ff81a060000 - 0x00007ff81b569000 	C:\WINDOWS\System32\SHELL32.dll
0x00007ff818860000 - 0x00007ff818f3a000 	C:\WINDOWS\System32\windows.storage.dll
0x00007ff818110000 - 0x00007ff81815c000 	C:\WINDOWS\System32\powrprof.dll
0x00007ff819790000 - 0x00007ff8197e2000 	C:\WINDOWS\System32\shlwapi.dll
0x00007ff8180d0000 - 0x00007ff8180df000 	C:\WINDOWS\System32\kernel.appcore.dll
0x00007ff818f40000 - 0x00007ff818fe9000 	C:\WINDOWS\System32\shcore.dll
0x00007ff8180e0000 - 0x00007ff8180f4000 	C:\WINDOWS\System32\profapi.dll
0x00007ff80ed30000 - 0x00007ff80eec2000 	C:\WINDOWS\SYSTEM32\dbghelp.dll

VM Arguments:
jvm_args: -Djava.awt.headless=true -Xmx1024M -Dfile.encoding=GBK -Duser.country=CN -Duser.language=zh -Duser.variant 
java_command: com.android.dx.command.Main --dex --num-threads=4 --output D:\AndroidStudioProject\YDSP\yDSP\build\intermediates\pre-dexed\release\release_261fb2935ab7c9d41316405a05b6ff4132641942.jar D:\AndroidStudioProject\YDSP\yDSP\build\intermediates\classes\release
java_class_path (initial): E:\AndroidSDK\build-tools\24.0.3\lib\dx.jar
Launcher Type: SUN_STANDARD

Environment Variables:
PATH=C:\ProgramData\Oracle\Java\javapath;C:\Program Files (x86)\Intel\iCLS Client\;C:\Program Files\Intel\iCLS Client\;C:\Program Files (x86)\NVIDIA Corporation\PhysX\Common;C:\WINDOWS\system32;C:\WINDOWS;C:\WINDOWS\System32\Wbem;C:\WINDOWS\System32\WindowsPowerShell\v1.0\;C:\Program Files\Intel\Intel(R) Management Engine Components\DAL;C:\Program Files\Intel\Intel(R) Management Engine Components\IPT;C:\Program Files (x86)\Intel\Intel(R) Management Engine Components\DAL;C:\Program Files (x86)\Intel\Intel(R) Management Engine Components\IPT;C:\Program Files (x86)\Microsoft SQL Server\100\Tools\Binn\;C:\Program Files\Microsoft SQL Server\100\Tools\Binn\;C:\Program Files\Microsoft SQL Server\100\DTS\Binn\;C:\Program Files (x86)\Microsoft SQL Server\100\Tools\Binn\VSShell\Common7\IDE\;C:\Program Files (x86)\Microsoft Visual Studio 9.0\Common7\IDE\PrivateAssemblies\;C:\Program Files (x86)\Microsoft SQL Server\100\DTS\Binn\;C:\Program Files (x86)\Microsoft SQL Server\90\Tools\binn\;C:\WINDOWS\system32\config\systemprofile\.dnx\bin;C:\Program Files\Microsoft DNX\Dnvm\;C:\Program Files\TortoiseSVN\bin;C:\Program Files (x86)\VisualSVN\bin;C:\Program Files\Java\jdk1.8.0_91\bin;E:\Android studio\android-studio\gradle\gradle-2.10\bin;C:\Users\Administrator\AppData\Local\Microsoft\WindowsApps;
USERNAME=Administrator
OS=Windows_NT
PROCESSOR_IDENTIFIER=Intel64 Family 6 Model 60 Stepping 3, GenuineIntel



---------------  S Y S T E M  ---------------

OS: Windows 10.0 , 64 bit Build 14393 (10.0.14393.0)

CPU:total 4 (4 cores per cpu, 1 threads per core) family 6 model 60 stepping 3, cmov, cx8, fxsr, mmx, sse, sse2, sse3, ssse3, sse4.1, sse4.2, popcnt, avx, avx2, aes, clmul, erms, lzcnt, tsc, tscinvbit, bmi1, bmi2

Memory: 4k page, physical 8325052k(2440372k free), swap 10673464k(1232628k free)

vm_info: OpenJDK 64-Bit Server VM (25.76-b03) for windows-amd64 JRE (1.8.0_76-release-b03), built on Jun 29 2016 19:09:20 by "ralucas" with MS VC++ 10.0 (VS2010)

time: Tue Nov 01 15:05:17 2016
elapsed time: 2 seconds (0d 0h 0m 2s)

