#
# A fatal error has been detected by the Java Runtime Environment:
#
#  EXCEPTION_ACCESS_VIOLATION (0xc0000005) at pc=0x0000000051c4e03b, pid=5868, tid=0x0000000000002f88
#
# JRE version: OpenJDK Runtime Environment (8.0_76-b03) (build 1.8.0_76-release-b03)
# Java VM: OpenJDK 64-Bit Server VM (25.76-b03 mixed mode windows-amd64 compressed oops)
# Problematic frame:
# V  [jvm.dll+0xee03b]
#
# Failed to write core dump. Minidumps are not enabled by default on client versions of Windows
#
# If you would like to submit a bug report, please visit:
#   http://bugreport.java.com/bugreport/crash.jsp
#

---------------  T H R E A D  ---------------

Current thread (0x0000000003037000):  GCTaskThread [stack: 0x0000000012850000,0x0000000012950000] [id=12168]

siginfo: ExceptionCode=0xc0000005, reading address 0x0000000000000070

Registers:
RAX=0x0000000012c50000, RBX=0x00000000c6747c88, RCX=0x0000000000000003, RDX=0x0000000000000001
RSP=0x000000001294f4d0, RBP=0x00000000c6745c80, RSI=0x000000000310aaa0, RDI=0x000000000310aaa0
R8 =0x0000000000000068, R9 =0x000000010007efc0, R10=0x000000000000000c, R11=0x000000005211fa68
R12=0x00000000c6745c84, R13=0x000000010007f228, R14=0x000000010007f230, R15=0x00000000c6745c70
RIP=0x0000000051c4e03b, EFLAGS=0x0000000000010202

Top of Stack: (sp=0x000000001294f4d0)
0x000000001294f4d0:   000000010007efc0 00000000c6745c60
0x000000001294f4e0:   0000000000000003 0000000051d541f2
0x000000001294f4f0:   0000000000000000 0000000003037360
0x000000001294f500:   0000000003032470 00000000c670ae10
0x000000001294f510:   000000000000060c 0000000051f1eb00
0x000000001294f520:   0000000015dac0a0 0000000000002000
0x000000001294f530:   000000000310aaa0 000000005216ba18
0x000000001294f540:   000013d3000005ea 000013d4000005ea
0x000000001294f550:   0000000052319d00 00000000c670ae10
0x000000001294f560:   0000000000002000 0000164c000004ab
0x000000001294f570:   00000000c4e2dbdc 0000000051c4e0d6
0x000000001294f580:   00000000c756c988 0000000003032470
0x000000001294f590:   0000000003037370 0000000003037360
0x000000001294f5a0:   000000005216ba18 0000000000000000
0x000000001294f5b0:   0000000017c14a20 0000000000000000
0x000000001294f5c0:   000000000310aaa0 0000000051f1c47f 

Instructions: (pc=0x0000000051c4e03b)
0x0000000051c4e01b:   6c 00 84 d2 74 16 44 8b 43 08 8b 0d 25 46 66 00
0x0000000051c4e02b:   49 d3 e0 4c 03 05 13 46 66 00 eb 04 4c 8b 43 08
0x0000000051c4e03b:   45 8b 48 08 45 85 c9 7e 0c 41 f6 c1 01 75 4b 41
0x0000000051c4e04b:   c1 f9 03 eb 57 79 43 84 d2 41 8b c9 b8 10 00 00 


Register to memory mapping:

RAX=0x0000000012c50000 is an unknown value
RBX=0x00000000c6747c88 is pointing into object: 0x00000000c6747c70
com.android.dx.dex.code.CodeAddress 
 - klass: 'com/android/dx/dex/code/CodeAddress'
RCX=0x0000000000000003 is an unknown value
RDX=0x0000000000000001 is an unknown value
RSP=0x000000001294f4d0 is an unknown value
RBP=0x00000000c6745c80 is pointing into object: 0x00000000c6745c70
com.android.dx.rop.code.RegisterSpecList 
 - klass: 'com/android/dx/rop/code/RegisterSpecList'
RSI=0x000000000310aaa0 is an unknown value
RDI=0x000000000310aaa0 is an unknown value
R8 =0x0000000000000068 is an unknown value
R9 =0x000000010007efc0 is pointing into metadata
R10=0x000000000000000c is an unknown value
R11=0x000000005211fa68 is an unknown value
R12=0x00000000c6745c84 is pointing into object: 0x00000000c6745c70
com.android.dx.rop.code.RegisterSpecList 
 - klass: 'com/android/dx/rop/code/RegisterSpecList'
R13=0x000000010007f228 is pointing into metadata
R14=0x000000010007f230 is pointing into metadata
R15=0x00000000c6745c70 is an oop
com.android.dx.rop.code.RegisterSpecList 
 - klass: 'com/android/dx/rop/code/RegisterSpecList'


Stack: [0x0000000012850000,0x0000000012950000],  sp=0x000000001294f4d0,  free space=1021k
Native frames: (J=compiled Java code, j=interpreted, Vv=VM code, C=native code)
V  [jvm.dll+0xee03b]
V  [jvm.dll+0x3beb00]
V  [jvm.dll+0x3bc47f]
V  [jvm.dll+0x3b997e]
V  [jvm.dll+0x26b60a]
C  [msvcr100.dll+0x21d9f]
C  [msvcr100.dll+0x21e3b]
C  [KERNEL32.DLL+0x8364]
C  [ntdll.dll+0x65e91]


---------------  P R O C E S S  ---------------

Java Threads: ( => current thread )
  0x00000000171f1000 JavaThread "pool-1-thread-4" [_thread_blocked, id=6656, stack(0x0000000017ab0000,0x0000000017bb0000)]
  0x0000000017158800 JavaThread "pool-1-thread-3" [_thread_blocked, id=7768, stack(0x00000000179b0000,0x0000000017ab0000)]
  0x0000000017127000 JavaThread "pool-1-thread-2" [_thread_blocked, id=12444, stack(0x00000000178b0000,0x00000000179b0000)]
  0x0000000017124800 JavaThread "pool-2-thread-1" [_thread_blocked, id=11928, stack(0x00000000177b0000,0x00000000178b0000)]
  0x0000000017121000 JavaThread "pool-1-thread-1" [_thread_blocked, id=10596, stack(0x00000000176b0000,0x00000000177b0000)]
  0x000000001700a000 JavaThread "Service Thread" daemon [_thread_blocked, id=11648, stack(0x00000000174b0000,0x00000000175b0000)]
  0x000000001584e000 JavaThread "C1 CompilerThread2" daemon [_thread_blocked, id=6736, stack(0x00000000173b0000,0x00000000174b0000)]
  0x000000001584a800 JavaThread "C2 CompilerThread1" daemon [_thread_blocked, id=5944, stack(0x0000000016eb0000,0x0000000016fb0000)]
  0x00000000157fe000 JavaThread "C2 CompilerThread0" daemon [_thread_blocked, id=9660, stack(0x0000000016db0000,0x0000000016eb0000)]
  0x00000000157fc000 JavaThread "Attach Listener" daemon [_thread_blocked, id=12680, stack(0x0000000016cb0000,0x0000000016db0000)]
  0x00000000157fb000 JavaThread "Signal Dispatcher" daemon [_thread_blocked, id=13132, stack(0x0000000016bb0000,0x0000000016cb0000)]
  0x00000000157d8000 JavaThread "Finalizer" daemon [_thread_blocked, id=3532, stack(0x0000000016a50000,0x0000000016b50000)]
  0x00000000157b7000 JavaThread "Reference Handler" daemon [_thread_blocked, id=6212, stack(0x0000000016950000,0x0000000016a50000)]
  0x0000000003022800 JavaThread "main" [_thread_blocked, id=9988, stack(0x0000000002f20000,0x0000000003020000)]

Other Threads:
  0x00000000157b5000 VMThread [stack: 0x0000000016850000,0x0000000016950000] [id=9776]
  0x000000001700b000 WatcherThread [stack: 0x00000000175b0000,0x00000000176b0000] [id=4492]

=>0x0000000003037000 (exited) GCTaskThread [stack: 0x0000000012850000,0x0000000012950000] [id=12168]

VM state:at safepoint (normal execution)

VM Mutex/Monitor currently owned by a thread:  ([mutex/lock_event])
[0x0000000002f1ce40] Threads_lock - owner thread: 0x00000000157b5000
[0x0000000002f1c1c0] Heap_lock - owner thread: 0x0000000003022800

Heap:
 PSYoungGen      total 170496K, used 52944K [0x00000000eab00000, 0x00000000ff680000, 0x0000000100000000)
  eden space 117248K, 0% used [0x00000000eab00000,0x00000000eab00000,0x00000000f1d80000)
  from space 53248K, 99% used [0x00000000f1d80000,0x00000000f5134000,0x00000000f5180000)
  to   space 111104K, 0% used [0x00000000f8a00000,0x00000000f8a00000,0x00000000ff680000)
 ParOldGen       total 282624K, used 279865K [0x00000000c0000000, 0x00000000d1400000, 0x00000000eab00000)
  object space 282624K, 99% used [0x00000000c0000000,0x00000000d114e580,0x00000000d1400000)
 Metaspace       used 6321K, capacity 7216K, committed 7296K, reserved 1056768K
  class space    used 582K, capacity 616K, committed 640K, reserved 1048576K

Card table byte_map: [0x00000000124e0000,0x00000000126f0000] byte_map_base: 0x0000000011ee0000

Marking Bits: (ParMarkBitMap*) 0x0000000052319d00
 Begin Bits: [0x0000000012c50000, 0x0000000013c50000)
 End Bits:   [0x0000000013c50000, 0x0000000014c50000)

Polling page: 0x0000000002b40000

CodeCache: size=245760Kb used=10024Kb max_used=10141Kb free=235735Kb
 bounds [0x0000000003120000, 0x0000000003b20000, 0x0000000012120000]
 total_blobs=2274 nmethods=2010 adapters=177
 compilation: enabled

Compilation events (10 events):
Event: 11.912 Thread 0x000000001584e000 2544       3       com.android.dx.cf.cst.ConstantPoolParser::<init> (41 bytes)
Event: 11.912 Thread 0x000000001584a800 2545       4       com.android.dx.cf.iface.StdAttributeList::findNext (85 bytes)
Event: 11.912 Thread 0x000000001584e000 nmethod 2544 0x00000000036708d0 code [0x0000000003670a80, 0x0000000003671018]
Event: 11.913 Thread 0x000000001584e000 2546       3       com.android.dx.rop.type.Type::getClassName (94 bytes)
Event: 11.913 Thread 0x000000001584e000 nmethod 2546 0x0000000003669e90 code [0x000000000366a0c0, 0x000000000366ae58]
Event: 11.914 Thread 0x000000001584a800 nmethod 2545 0x00000000035f0b90 code [0x00000000035f0d00, 0x00000000035f1158]
Event: 11.918 Thread 0x00000000157fe000 2547       4       com.android.dx.cf.code.Simulator$SimVisitor::visitBranch (341 bytes)
Event: 11.938 Thread 0x00000000157fe000 nmethod 2547 0x0000000003664110 code [0x0000000003664460, 0x0000000003665d90]
Event: 11.939 Thread 0x000000001584e000 2548       3       java.util.concurrent.locks.LockSupport::unpark (12 bytes)
Event: 11.939 Thread 0x000000001584e000 nmethod 2548 0x0000000003669a50 code [0x0000000003669bc0, 0x0000000003669de8]

GC Heap History (10 events):
Event: 11.491 GC heap after
Heap after GC invocations=24 (full 3):
 PSYoungGen      total 168960K, used 51763K [0x00000000eab00000, 0x00000000ffc00000, 0x0000000100000000)
  eden space 116736K, 0% used [0x00000000eab00000,0x00000000eab00000,0x00000000f1d00000)
  from space 52224K, 99% used [0x00000000f1d00000,0x00000000f4f8ced0,0x00000000f5000000)
  to   space 114176K, 0% used [0x00000000f8c80000,0x00000000f8c80000,0x00000000ffc00000)
 ParOldGen       total 282624K, used 215417K [0x00000000c0000000, 0x00000000d1400000, 0x00000000eab00000)
  object space 282624K, 76% used [0x00000000c0000000,0x00000000cd25e5f0,0x00000000d1400000)
 Metaspace       used 6287K, capacity 7216K, committed 7296K, reserved 1056768K
  class space    used 582K, capacity 616K, committed 640K, reserved 1048576K
}
Event: 11.571 GC heap before
{Heap before GC invocations=25 (full 3):
 PSYoungGen      total 168960K, used 168499K [0x00000000eab00000, 0x00000000ffc00000, 0x0000000100000000)
  eden space 116736K, 100% used [0x00000000eab00000,0x00000000f1d00000,0x00000000f1d00000)
  from space 52224K, 99% used [0x00000000f1d00000,0x00000000f4f8ced0,0x00000000f5000000)
  to   space 114176K, 0% used [0x00000000f8c80000,0x00000000f8c80000,0x00000000ffc00000)
 ParOldGen       total 282624K, used 215417K [0x00000000c0000000, 0x00000000d1400000, 0x00000000eab00000)
  object space 282624K, 76% used [0x00000000c0000000,0x00000000cd25e5f0,0x00000000d1400000)
 Metaspace       used 6308K, capacity 7216K, committed 7296K, reserved 1056768K
  class space    used 582K, capacity 616K, committed 640K, reserved 1048576K
Event: 11.602 GC heap after
Heap after GC invocations=25 (full 3):
 PSYoungGen      total 232960K, used 64580K [0x00000000eab00000, 0x0000000100000000, 0x0000000100000000)
  eden space 118784K, 0% used [0x00000000eab00000,0x00000000eab00000,0x00000000f1f00000)
  from space 114176K, 56% used [0x00000000f8c80000,0x00000000fcb91050,0x00000000ffc00000)
  to   space 112128K, 0% used [0x00000000f1f00000,0x00000000f1f00000,0x00000000f8c80000)
 ParOldGen       total 282624K, used 215425K [0x00000000c0000000, 0x00000000d1400000, 0x00000000eab00000)
  object space 282624K, 76% used [0x00000000c0000000,0x00000000cd2605f0,0x00000000d1400000)
 Metaspace       used 6308K, capacity 7216K, committed 7296K, reserved 1056768K
  class space    used 582K, capacity 616K, committed 640K, reserved 1048576K
}
Event: 11.663 GC heap before
{Heap before GC invocations=26 (full 3):
 PSYoungGen      total 232960K, used 183364K [0x00000000eab00000, 0x0000000100000000, 0x0000000100000000)
  eden space 118784K, 100% used [0x00000000eab00000,0x00000000f1f00000,0x00000000f1f00000)
  from space 114176K, 56% used [0x00000000f8c80000,0x00000000fcb91050,0x00000000ffc00000)
  to   space 112128K, 0% used [0x00000000f1f00000,0x00000000f1f00000,0x00000000f8c80000)
 ParOldGen       total 282624K, used 215425K [0x00000000c0000000, 0x00000000d1400000, 0x00000000eab00000)
  object space 282624K, 76% used [0x00000000c0000000,0x00000000cd2605f0,0x00000000d1400000)
 Metaspace       used 6312K, capacity 7216K, committed 7296K, reserved 1056768K
  class space    used 582K, capacity 616K, committed 640K, reserved 1048576K
Event: 11.705 GC heap after
Heap after GC invocations=26 (full 3):
 PSYoungGen      total 230912K, used 80531K [0x00000000eab00000, 0x0000000100000000, 0x0000000100000000)
  eden space 118784K, 0% used [0x00000000eab00000,0x00000000eab00000,0x00000000f1f00000)
  from space 112128K, 71% used [0x00000000f1f00000,0x00000000f6da4e10,0x00000000f8c80000)
  to   space 116224K, 0% used [0x00000000f8e80000,0x00000000f8e80000,0x0000000100000000)
 ParOldGen       total 282624K, used 225961K [0x00000000c0000000, 0x00000000d1400000, 0x00000000eab00000)
  object space 282624K, 79% used [0x00000000c0000000,0x00000000cdcaa660,0x00000000d1400000)
 Metaspace       used 6312K, capacity 7216K, committed 7296K, reserved 1056768K
  class space    used 582K, capacity 616K, committed 640K, reserved 1048576K
}
Event: 11.797 GC heap before
{Heap before GC invocations=27 (full 3):
 PSYoungGen      total 230912K, used 199315K [0x00000000eab00000, 0x0000000100000000, 0x0000000100000000)
  eden space 118784K, 100% used [0x00000000eab00000,0x00000000f1f00000,0x00000000f1f00000)
  from space 112128K, 71% used [0x00000000f1f00000,0x00000000f6da4e10,0x00000000f8c80000)
  to   space 116224K, 0% used [0x00000000f8e80000,0x00000000f8e80000,0x0000000100000000)
 ParOldGen       total 282624K, used 225961K [0x00000000c0000000, 0x00000000d1400000, 0x00000000eab00000)
  object space 282624K, 79% used [0x00000000c0000000,0x00000000cdcaa660,0x00000000d1400000)
 Metaspace       used 6315K, capacity 7216K, committed 7296K, reserved 1056768K
  class space    used 582K, capacity 616K, committed 640K, reserved 1048576K
Event: 11.844 GC heap after
Heap after GC invocations=27 (full 3):
 PSYoungGen      total 233472K, used 72629K [0x00000000eab00000, 0x0000000100000000, 0x0000000100000000)
  eden space 117248K, 0% used [0x00000000eab00000,0x00000000eab00000,0x00000000f1d80000)
  from space 116224K, 62% used [0x00000000f8e80000,0x00000000fd56d5b8,0x0000000100000000)
  to   space 115712K, 0% used [0x00000000f1d80000,0x00000000f1d80000,0x00000000f8e80000)
 ParOldGen       total 282624K, used 240844K [0x00000000c0000000, 0x00000000d1400000, 0x00000000eab00000)
  object space 282624K, 85% used [0x00000000c0000000,0x00000000ceb33260,0x00000000d1400000)
 Metaspace       used 6315K, capacity 7216K, committed 7296K, reserved 1056768K
  class space    used 582K, capacity 616K, committed 640K, reserved 1048576K
}
Event: 11.945 GC heap before
{Heap before GC invocations=28 (full 3):
 PSYoungGen      total 233472K, used 189877K [0x00000000eab00000, 0x0000000100000000, 0x0000000100000000)
  eden space 117248K, 100% used [0x00000000eab00000,0x00000000f1d80000,0x00000000f1d80000)
  from space 116224K, 62% used [0x00000000f8e80000,0x00000000fd56d5b8,0x0000000100000000)
  to   space 115712K, 0% used [0x00000000f1d80000,0x00000000f1d80000,0x00000000f8e80000)
 ParOldGen       total 282624K, used 240844K [0x00000000c0000000, 0x00000000d1400000, 0x00000000eab00000)
  object space 282624K, 85% used [0x00000000c0000000,0x00000000ceb33260,0x00000000d1400000)
 Metaspace       used 6321K, capacity 7216K, committed 7296K, reserved 1056768K
  class space    used 582K, capacity 616K, committed 640K, reserved 1048576K
Event: 11.995 GC heap after
Heap after GC invocations=28 (full 3):
 PSYoungGen      total 170496K, used 52944K [0x00000000eab00000, 0x00000000ff680000, 0x0000000100000000)
  eden space 117248K, 0% used [0x00000000eab00000,0x00000000eab00000,0x00000000f1d80000)
  from space 53248K, 99% used [0x00000000f1d80000,0x00000000f5134000,0x00000000f5180000)
  to   space 111104K, 0% used [0x00000000f8a00000,0x00000000f8a00000,0x00000000ff680000)
 ParOldGen       total 282624K, used 279865K [0x00000000c0000000, 0x00000000d1400000, 0x00000000eab00000)
  object space 282624K, 99% used [0x00000000c0000000,0x00000000d114e580,0x00000000d1400000)
 Metaspace       used 6321K, capacity 7216K, committed 7296K, reserved 1056768K
  class space    used 582K, capacity 616K, committed 640K, reserved 1048576K
}
Event: 11.995 GC heap before
{Heap before GC invocations=29 (full 4):
 PSYoungGen      total 170496K, used 52944K [0x00000000eab00000, 0x00000000ff680000, 0x0000000100000000)
  eden space 117248K, 0% used [0x00000000eab00000,0x00000000eab00000,0x00000000f1d80000)
  from space 53248K, 99% used [0x00000000f1d80000,0x00000000f5134000,0x00000000f5180000)
  to   space 111104K, 0% used [0x00000000f8a00000,0x00000000f8a00000,0x00000000ff680000)
 ParOldGen       total 282624K, used 279865K [0x00000000c0000000, 0x00000000d1400000, 0x00000000eab00000)
  object space 282624K, 99% used [0x00000000c0000000,0x00000000d114e580,0x00000000d1400000)
 Metaspace       used 6321K, capacity 7216K, committed 7296K, reserved 1056768K
  class space    used 582K, capacity 616K, committed 640K, reserved 1048576K

Deoptimization events (10 events):
Event: 10.229 Thread 0x0000000003022800 Uncommon trap: reason=bimorphic action=maybe_recompile pc=0x000000000345b364 method=com.android.dx.cf.code.BytecodeArray.parseInstruction(ILcom/android/dx/cf/code/BytecodeArray$Visitor;)I @ 1597
Event: 10.569 Thread 0x0000000017158800 Uncommon trap: reason=unstable_if action=reinterpret pc=0x00000000033cefb8 method=com.android.dx.cf.code.Simulator$SimVisitor.visitNoArgs(IIILcom/android/dx/rop/type/Type;)V @ 1291
Event: 11.200 Thread 0x0000000003022800 Uncommon trap: reason=class_check action=maybe_recompile pc=0x00000000036c1ec8 method=com.android.dx.cf.code.Ropper.processBlock(Lcom/android/dx/cf/code/ByteBlock;Lcom/android/dx/cf/code/Frame;[I)V @ 711
Event: 11.201 Thread 0x0000000003022800 Uncommon trap: reason=class_check action=maybe_recompile pc=0x000000000390fac4 method=com.android.dx.cf.code.BaseMachine.localArg(Lcom/android/dx/cf/code/Frame;I)V @ 17
Event: 11.204 Thread 0x0000000003022800 Uncommon trap: reason=class_check action=maybe_recompile pc=0x00000000036a04ac method=com.android.dx.cf.code.BaseMachine.addResult(Lcom/android/dx/rop/type/TypeBearer;)V @ 23
Event: 11.204 Thread 0x0000000003022800 Uncommon trap: reason=class_check action=maybe_recompile pc=0x00000000037362ac method=com.android.dx.cf.code.RopperMachine.run(Lcom/android/dx/cf/code/Frame;II)V @ 310
Event: 11.204 Thread 0x0000000003022800 Uncommon trap: reason=class_check action=maybe_recompile pc=0x000000000390fac4 method=com.android.dx.cf.code.BaseMachine.localArg(Lcom/android/dx/cf/code/Frame;I)V @ 17
Event: 11.204 Thread 0x0000000003022800 Uncommon trap: reason=class_check action=maybe_recompile pc=0x000000000376789c method=com.android.dx.cf.code.OneLocalsArray.set(ILcom/android/dx/rop/type/TypeBearer;)V @ 85
Event: 11.204 Thread 0x0000000003022800 Uncommon trap: reason=class_check action=maybe_recompile pc=0x000000000390fac4 method=com.android.dx.cf.code.BaseMachine.localArg(Lcom/android/dx/cf/code/Frame;I)V @ 17
Event: 11.933 Thread 0x0000000017158800 Uncommon trap: reason=unstable_if action=reinterpret pc=0x00000000035eb2dc method=com.android.dx.ssa.back.FirstFitLocalCombiningAllocator.handleCheckCastResults()V @ 369

Internal exceptions (7 events):
Event: 0.037 Thread 0x0000000003022800 Exception <a 'java/lang/NoSuchMethodError': Method sun.misc.Unsafe.defineClass(Ljava/lang/String;[BII)Ljava/lang/Class; name or signature does not match> (0x00000000eab07cc0) thrown at [C:\src\android\AOSP-openjdk\external\jetbrains\jdk\hotspot\src\share\v?y•ç≈'£?
Event: 0.037 Thread 0x0000000003022800 Exception <a 'java/lang/NoSuchMethodError': Method sun.misc.Unsafe.prefetchRead(Ljava/lang/Object;J)V name or signature does not match> (0x00000000eab07fa8) thrown at [C:\src\android\AOSP-openjdk\external\jetbrains\jdk\hotspot\src\share\vm\prims\jni.cpp, l1hYÚ?
Event: 1.147 Thread 0x0000000017121000 Implicit null exception at 0x00000000033f1822 to 0x00000000033f1929
Event: 1.429 Thread 0x00000000171f1000 Implicit null exception at 0x000000000360455d to 0x00000000036060e9
Event: 6.518 Thread 0x00000000171f1000 Exception <a 'java/lang/ArrayIndexOutOfBoundsException': 18> (0x00000000ecd69fd8) thrown at [C:\src\android\AOSP-openjdk\external\jetbrains\jdk\hotspot\src\share\vm\interpreter\interpreterRuntime.cpp, line 366]
Event: 6.518 Thread 0x00000000171f1000 Exception <a 'java/lang/ArrayIndexOutOfBoundsException': 145> (0x00000000ecd6bb58) thrown at [C:\src\android\AOSP-openjdk\external\jetbrains\jdk\hotspot\src\share\vm\interpreter\interpreterRuntime.cpp, line 366]
Event: 6.519 Thread 0x00000000171f1000 Exception <a 'java/lang/ArrayIndexOutOfBoundsException'> (0x00000000ecd6ce40) thrown at [C:\src\android\AOSP-openjdk\external\jetbrains\jdk\hotspot\src\share\vm\runtime\sharedRuntime.cpp, line 605]

Events (10 events):
Event: 11.909 Thread 0x000000001584e000 flushing nmethod 0x0000000003668b50
Event: 11.910 Thread 0x000000001584e000 flushing nmethod 0x0000000003669710
Event: 11.910 Thread 0x000000001584e000 flushing nmethod 0x000000000366c2d0
Event: 11.910 Thread 0x000000001584e000 flushing nmethod 0x00000000036708d0
Event: 11.910 Thread 0x000000001584e000 flushing nmethod 0x00000000036878d0
Event: 11.913 Thread 0x000000001584e000 flushing nmethod 0x0000000003866310
Event: 11.933 Thread 0x0000000017158800 Uncommon trap: trap_request=0xffffff65 fr.pc=0x00000000035eb2dc
Event: 11.933 Thread 0x0000000017158800 DEOPT PACKING pc=0x00000000035eb2dc sp=0x0000000017aaebb0
Event: 11.933 Thread 0x0000000017158800 DEOPT UNPACKING pc=0x000000000316556a sp=0x0000000017aaeb48 mode 2
Event: 11.945 Executing VM operation: ParallelGCFailedAllocation


Dynamic libraries:
0x00007ff696e70000 - 0x00007ff696ea1000 	F:\android-studio\jre\bin\java.exe
0x00007ffc4c8e0000 - 0x00007ffc4cab1000 	C:\WINDOWS\SYSTEM32\ntdll.dll
0x00007ffc49e50000 - 0x00007ffc49efb000 	C:\WINDOWS\System32\KERNEL32.DLL
0x00007ffc499f0000 - 0x00007ffc49c0d000 	C:\WINDOWS\System32\KERNELBASE.dll
0x00007ffc4a2e0000 - 0x00007ffc4a382000 	C:\WINDOWS\System32\ADVAPI32.dll
0x00007ffc4c5a0000 - 0x00007ffc4c63e000 	C:\WINDOWS\System32\msvcrt.dll
0x00007ffc4be70000 - 0x00007ffc4bec9000 	C:\WINDOWS\System32\sechost.dll
0x00007ffc4c470000 - 0x00007ffc4c591000 	C:\WINDOWS\System32\RPCRT4.dll
0x00007ffc4bb90000 - 0x00007ffc4bcf5000 	C:\WINDOWS\System32\USER32.dll
0x00007ffc49dc0000 - 0x00007ffc49dde000 	C:\WINDOWS\System32\win32u.dll
0x00007ffc4c640000 - 0x00007ffc4c674000 	C:\WINDOWS\System32\GDI32.dll
0x00007ffc49860000 - 0x00007ffc499e2000 	C:\WINDOWS\System32\gdi32full.dll
0x00007ffc442e0000 - 0x00007ffc44559000 	C:\WINDOWS\WinSxS\amd64_microsoft.windows.common-controls_6595b64144ccf1df_6.0.14393.0_none_2d0f50fcbdb171b8\COMCTL32.dll
0x00007ffc49fb0000 - 0x00007ffc4a277000 	C:\WINDOWS\System32\combase.dll
0x00007ffc49cc0000 - 0x00007ffc49db5000 	C:\WINDOWS\System32\ucrtbase.dll
0x00007ffc49de0000 - 0x00007ffc49e4a000 	C:\WINDOWS\System32\bcryptPrimitives.dll
0x00007ffc4a390000 - 0x00007ffc4a3be000 	C:\WINDOWS\System32\IMM32.DLL
0x0000000052450000 - 0x0000000052522000 	F:\android-studio\jre\jre\bin\msvcr100.dll
0x0000000051b60000 - 0x0000000052394000 	F:\android-studio\jre\jre\bin\server\jvm.dll
0x00007ffc4be40000 - 0x00007ffc4be48000 	C:\WINDOWS\System32\PSAPI.DLL
0x00007ffc3d5c0000 - 0x00007ffc3d5c9000 	C:\WINDOWS\SYSTEM32\WSOCK32.dll
0x00007ffc46860000 - 0x00007ffc46883000 	C:\WINDOWS\SYSTEM32\WINMM.dll
0x00007ffc4c400000 - 0x00007ffc4c46a000 	C:\WINDOWS\System32\WS2_32.dll
0x00007ffc47960000 - 0x00007ffc4796a000 	C:\WINDOWS\SYSTEM32\VERSION.dll
0x00007ffc46830000 - 0x00007ffc4685b000 	C:\WINDOWS\SYSTEM32\WINMMBASE.dll
0x00007ffc49710000 - 0x00007ffc49752000 	C:\WINDOWS\System32\cfgmgr32.dll
0x00007ffc377a0000 - 0x00007ffc377af000 	F:\android-studio\jre\jre\bin\verify.dll
0x00007ffc36fc0000 - 0x00007ffc36fe9000 	F:\android-studio\jre\jre\bin\java.dll
0x00007ffc31110000 - 0x00007ffc31126000 	F:\android-studio\jre\jre\bin\zip.dll
0x00007ffc4a510000 - 0x00007ffc4ba18000 	C:\WINDOWS\System32\SHELL32.dll
0x00007ffc48db0000 - 0x00007ffc4948a000 	C:\WINDOWS\System32\windows.storage.dll
0x00007ffc48d30000 - 0x00007ffc48d7c000 	C:\WINDOWS\System32\powrprof.dll
0x00007ffc4a450000 - 0x00007ffc4a4a2000 	C:\WINDOWS\System32\shlwapi.dll
0x00007ffc48d20000 - 0x00007ffc48d2f000 	C:\WINDOWS\System32\kernel.appcore.dll
0x00007ffc49c10000 - 0x00007ffc49cb9000 	C:\WINDOWS\System32\shcore.dll
0x00007ffc48d80000 - 0x00007ffc48d94000 	C:\WINDOWS\System32\profapi.dll
0x00007ffc382e0000 - 0x00007ffc38472000 	C:\WINDOWS\SYSTEM32\dbghelp.dll

VM Arguments:
jvm_args: -Djava.awt.headless=true -Xmx1024M -Dfile.encoding=GBK -Duser.country=CN -Duser.language=zh -Duser.variant 
java_command: com.android.dx.command.Main --dex --verbose --force-jumbo --num-threads=4 --output D:\AndroidStudioProject\YDSP\yDSP\build\intermediates\pre-dexed\debug\main_99edbee1a33bdfe890528b8e607abb1c5cd13aef.jar D:\AndroidStudioProject\YDSP\yDSP\build\intermediates\transforms\instantRun\debug\folders\1\5\main
java_class_path (initial): E:\AndroidSDK\build-tools\24.0.3\lib\dx.jar
Launcher Type: SUN_STANDARD

Environment Variables:
PATH=C:\ProgramData\Oracle\Java\javapath;C:\Program Files (x86)\Intel\iCLS Client\;C:\Program Files\Intel\iCLS Client\;C:\Program Files (x86)\NVIDIA Corporation\PhysX\Common;C:\WINDOWS\system32;C:\WINDOWS;C:\WINDOWS\System32\Wbem;C:\WINDOWS\System32\WindowsPowerShell\v1.0\;C:\Program Files\Intel\Intel(R) Management Engine Components\DAL;C:\Program Files\Intel\Intel(R) Management Engine Components\IPT;C:\Program Files (x86)\Intel\Intel(R) Management Engine Components\DAL;C:\Program Files (x86)\Intel\Intel(R) Management Engine Components\IPT;C:\Program Files (x86)\Microsoft SQL Server\100\Tools\Binn\;C:\Program Files\Microsoft SQL Server\100\Tools\Binn\;C:\Program Files\Microsoft SQL Server\100\DTS\Binn\;C:\Program Files (x86)\Microsoft SQL Server\100\Tools\Binn\VSShell\Common7\IDE\;C:\Program Files (x86)\Microsoft Visual Studio 9.0\Common7\IDE\PrivateAssemblies\;C:\Program Files (x86)\Microsoft SQL Server\100\DTS\Binn\;C:\Program Files (x86)\Microsoft SQL Server\90\Tools\binn\;C:\WINDOWS\system32\config\systemprofile\.dnx\bin;C:\Program Files\Microsoft DNX\Dnvm\;C:\Program Files\TortoiseSVN\bin;C:\Program Files (x86)\VisualSVN\bin;C:\Program Files\Java\jdk1.8.0_91\bin;E:\Android studio\android-studio\gradle\gradle-2.10\bin;C:\Users\Administrator\AppData\Local\Microsoft\WindowsApps;
USERNAME=Administrator
OS=Windows_NT
PROCESSOR_IDENTIFIER=Intel64 Family 6 Model 60 Stepping 3, GenuineIntel



---------------  S Y S T E M  ---------------

OS: Windows 10.0 , 64 bit Build 14393 (10.0.14393.0)

CPU:total 4 (4 cores per cpu, 1 threads per core) family 6 model 60 stepping 3, cmov, cx8, fxsr, mmx, sse, sse2, sse3, ssse3, sse4.1, sse4.2, popcnt, avx, avx2, aes, clmul, erms, lzcnt, tsc, tscinvbit, bmi1, bmi2

Memory: 4k page, physical 8325052k(3151540k free), swap 10553276k(3360532k free)

vm_info: OpenJDK 64-Bit Server VM (25.76-b03) for windows-amd64 JRE (1.8.0_76-release-b03), built on Jun 29 2016 19:09:20 by "ralucas" with MS VC++ 10.0 (VS2010)

time: Mon Oct 24 10:07:31 2016
elapsed time: 12 seconds (0d 0h 0m 12s)

