#
# A fatal error has been detected by the Java Runtime Environment:
#
#  EXCEPTION_ACCESS_VIOLATION (0xc0000005) at pc=0x000000005e35b4b9, pid=11944, tid=0x0000000000002fcc
#
# JRE version: OpenJDK Runtime Environment (8.0_112-b06) (build 1.8.0_112-release-b06)
# Java VM: OpenJDK 64-Bit Server VM (25.112-b06 mixed mode windows-amd64 compressed oops)
# Problematic frame:
# V  [jvm.dll+0x3bb4b9]
#
# Failed to write core dump. Minidumps are not enabled by default on client versions of Windows
#
# If you would like to submit a bug report, please visit:
#   http://bugreport.java.com/bugreport/crash.jsp
#

---------------  T H R E A D  ---------------

Current thread (0x0000000003058800):  GCTaskThread [stack: 0x0000000012970000,0x0000000012a70000] [id=12236]

siginfo: ExceptionCode=0xc0000005, reading address 0x0000000000000120

Registers:
RAX=0x0000000000000000, RBX=0x000000001250286c, RCX=0x000000010006ada0, RDX=0x000000000312b880
RSP=0x0000000012a6f8e0, RBP=0x0000000012502881, RSI=0x00000000c050d800, RDI=0x00000000c050bc78
R8 =0x00000000c050bc78, R9 =0x000000010006ada0, R10=0x000000000000000c, R11=0x000000000000000c
R12=0x000000001250285d, R13=0x000000000312b880, R14=0x000000000304da40, R15=0x000000000000000c
RIP=0x000000005e35b4b9, EFLAGS=0x0000000000010207

Top of Stack: (sp=0x0000000012a6f8e0)
0x0000000012a6f8e0:   000000001250286c 00000000c050d800
0x0000000012a6f8f0:   00000000c050d800 00000000c0502f9d
0x0000000012a6f900:   0000000012502800 0000000012502eb9
0x0000000012a6f910:   0000000000000200 0000000000000000
0x0000000012a6f920:   0000000003040e50 0000000003052cb0
0x0000000012a6f930:   000000005e5b2780 0000000000000000
0x0000000012a6f940:   0000000000000000 00000000156e5540
0x0000000012a6f950:   0000000003058d60 0000000003058d50
0x0000000012a6f960:   000000000312b880 000000005e36db12
0x0000000012a6f970:   0000000012502800 000000000304dc00
0x0000000012a6f980:   00000000c0510000 00000000c05d7010
0x0000000012a6f990:   000000000312b880 0000000000000000
0x0000000012a6f9a0:   0000000000000004 0000000003054f00
0x0000000012a6f9b0:   00000000156e5540 000000005e35ce6e
0x0000000012a6f9c0:   0000000003058800 0000000000000000
0x0000000012a6f9d0:   0000000000000000 0000000000000000 

Instructions: (pc=0x000000005e35b4b9)
0x000000005e35b499:   b3 d1 39 00 eb 04 4c 8b 4f 08 41 81 79 08 00 00
0x000000005e35b4a9:   00 c0 73 12 49 8b 01 4c 8b c7 49 8b d5 49 8b c9
0x000000005e35b4b9:   ff 90 20 01 00 00 80 3d ab c3 3f 00 00 74 16 44
0x000000005e35b4c9:   8b 47 08 8b 0d 86 d1 39 00 49 d3 e0 4c 03 05 74 


Register to memory mapping:

RAX=0x0000000000000000 is an unknown value
RBX=0x000000001250286c is an unknown value
RCX=0x000000010006ada0 is pointing into metadata
RDX=0x000000000312b880 is an unknown value
RSP=0x0000000012a6f8e0 is an unknown value
RBP=0x0000000012502881 is an unknown value
RSI=0x00000000c050d800 is pointing into object: 0x00000000c050cd48
[I 
 - klass: {type array int}
 - length: 771
RDI=
[error occurred during error reporting (printing register info), id 0xc0000005]

Stack: [0x0000000012970000,0x0000000012a70000],  sp=0x0000000012a6f8e0,  free space=1022k
Native frames: (J=compiled Java code, j=interpreted, Vv=VM code, C=native code)
V  [jvm.dll+0x3bb4b9]
V  [jvm.dll+0x3cdb12]
V  [jvm.dll+0x3bce6e]
V  [jvm.dll+0x26c13a]
C  [msvcr100.dll+0x21d9f]
C  [msvcr100.dll+0x21e3b]
C  [KERNEL32.DLL+0x8364]
C  [ntdll.dll+0x65e91]


---------------  P R O C E S S  ---------------

Java Threads: ( => current thread )
  0x0000000016dd4800 JavaThread "pool-1-thread-4" [_thread_blocked, id=5768, stack(0x0000000017a60000,0x0000000017b60000)]
  0x0000000016e10800 JavaThread "pool-1-thread-3" [_thread_blocked, id=10484, stack(0x0000000017960000,0x0000000017a60000)]
  0x0000000016e0f800 JavaThread "pool-1-thread-2" [_thread_blocked, id=11428, stack(0x0000000017860000,0x0000000017960000)]
  0x0000000016df6800 JavaThread "pool-2-thread-1" [_thread_blocked, id=11448, stack(0x0000000017760000,0x0000000017860000)]
  0x0000000016df4800 JavaThread "pool-1-thread-1" [_thread_blocked, id=828, stack(0x0000000017660000,0x0000000017760000)]
  0x0000000016bc0800 JavaThread "Service Thread" daemon [_thread_blocked, id=13700, stack(0x0000000017460000,0x0000000017560000)]
  0x0000000016bb9000 JavaThread "C1 CompilerThread2" daemon [_thread_blocked, id=11496, stack(0x0000000017360000,0x0000000017460000)]
  0x0000000016bb6800 JavaThread "C2 CompilerThread1" daemon [_thread_blocked, id=11504, stack(0x0000000017260000,0x0000000017360000)]
  0x000000001586c000 JavaThread "C2 CompilerThread0" daemon [_thread_blocked, id=13768, stack(0x0000000017160000,0x0000000017260000)]
  0x0000000015820800 JavaThread "Attach Listener" daemon [_thread_blocked, id=2096, stack(0x0000000017060000,0x0000000017160000)]
  0x0000000016b68800 JavaThread "Signal Dispatcher" daemon [_thread_blocked, id=14120, stack(0x0000000016f60000,0x0000000017060000)]
  0x0000000003134800 JavaThread "Finalizer" daemon [_thread_blocked, id=8460, stack(0x0000000016a60000,0x0000000016b60000)]
  0x0000000003131000 JavaThread "Reference Handler" daemon [_thread_blocked, id=13732, stack(0x0000000016960000,0x0000000016a60000)]
  0x000000000303d800 JavaThread "main" [_thread_blocked, id=13396, stack(0x0000000002f30000,0x0000000003030000)]

Other Threads:
  0x00000000157d5800 VMThread [stack: 0x0000000016860000,0x0000000016960000] [id=14260]
  0x0000000016bc1000 WatcherThread [stack: 0x0000000017560000,0x0000000017660000] [id=11120]

=>0x0000000003058800 (exited) GCTaskThread [stack: 0x0000000012970000,0x0000000012a70000] [id=12236]

VM state:at safepoint (normal execution)

VM Mutex/Monitor currently owned by a thread:  ([mutex/lock_event])
[0x000000000303c7e0] Threads_lock - owner thread: 0x00000000157d5800
[0x000000000303c160] Heap_lock - owner thread: 0x0000000016e0f800

Heap:
 PSYoungGen      total 71680K, used 71662K [0x00000000eab00000, 0x00000000ef600000, 0x0000000100000000)
  eden space 66560K, 100% used [0x00000000eab00000,0x00000000eec00000,0x00000000eec00000)
  from space 5120K, 99% used [0x00000000ef100000,0x00000000ef5fb980,0x00000000ef600000)
  to   space 5120K, 99% used [0x00000000eec00000,0x00000000ef0f9c90,0x00000000ef100000)
 ParOldGen       total 87552K, used 14471K [0x00000000c0000000, 0x00000000c5580000, 0x00000000eab00000)
  object space 87552K, 16% used [0x00000000c0000000,0x00000000c0e21f88,0x00000000c5580000)
 Metaspace       used 6199K, capacity 7088K, committed 7296K, reserved 1056768K
  class space    used 586K, capacity 616K, committed 640K, reserved 1048576K

Card table byte_map: [0x0000000012500000,0x0000000012710000] byte_map_base: 0x0000000011f00000

Marking Bits: (ParMarkBitMap*) 0x000000005e7618f0
 Begin Bits: [0x0000000012c70000, 0x0000000013c70000)
 End Bits:   [0x0000000013c70000, 0x0000000014c70000)

Polling page: 0x00000000013f0000

CodeCache: size=245760Kb used=6938Kb max_used=6938Kb free=238821Kb
 bounds [0x0000000003140000, 0x0000000003810000, 0x0000000012140000]
 total_blobs=1907 nmethods=1643 adapters=178
 compilation: enabled

Compilation events (10 events):
Event: 2.615 Thread 0x0000000016bb9000 1681   !   2       com.android.dx.cf.cst.ConstantPoolParser::determineOffsets (285 bytes)
Event: 2.616 Thread 0x0000000016bb9000 nmethod 1681 0x0000000003806790 code [0x0000000003806a60, 0x0000000003807698]
Event: 2.616 Thread 0x0000000016bb9000 1682       2       com.android.dx.cf.cst.ConstantPoolParser::parse (365 bytes)
Event: 2.617 Thread 0x0000000016bb9000 nmethod 1682 0x0000000003808550 code [0x0000000003808920, 0x0000000003809ce8]
Event: 2.622 Thread 0x0000000016bb9000 1683       2       com.android.dx.dex.file.ClassDefItem::addDirectMethod (9 bytes)
Event: 2.622 Thread 0x0000000016bb9000 nmethod 1683 0x00000000037d3710 code [0x00000000037d38a0, 0x00000000037d3bd8]
Event: 2.622 Thread 0x0000000016bb9000 1684       2       com.android.dx.dex.file.ClassDataItem::addDirectMethod (24 bytes)
Event: 2.622 Thread 0x0000000016bb9000 nmethod 1684 0x00000000037d2f90 code [0x00000000037d3120, 0x00000000037d3478]
Event: 2.624 Thread 0x0000000016bb9000 1685       2       java.lang.String::lastIndexOf (151 bytes)
Event: 2.624 Thread 0x0000000016bb9000 nmethod 1685 0x000000000380b350 code [0x000000000380b4e0, 0x000000000380b890]

GC Heap History (5 events):
Event: 1.642 GC heap before
{Heap before GC invocations=1 (full 0):
 PSYoungGen      total 38400K, used 33280K [0x00000000eab00000, 0x00000000ed580000, 0x0000000100000000)
  eden space 33280K, 100% used [0x00000000eab00000,0x00000000ecb80000,0x00000000ecb80000)
  from space 5120K, 0% used [0x00000000ed080000,0x00000000ed080000,0x00000000ed580000)
  to   space 5120K, 0% used [0x00000000ecb80000,0x00000000ecb80000,0x00000000ed080000)
 ParOldGen       total 87552K, used 0K [0x00000000c0000000, 0x00000000c5580000, 0x00000000eab00000)
  object space 87552K, 0% used [0x00000000c0000000,0x00000000c0000000,0x00000000c5580000)
 Metaspace       used 5875K, capacity 6960K, committed 7040K, reserved 1056768K
  class space    used 567K, capacity 616K, committed 640K, reserved 1048576K
Event: 1.741 GC heap after
Heap after GC invocations=1 (full 0):
 PSYoungGen      total 38400K, used 5113K [0x00000000eab00000, 0x00000000ef600000, 0x0000000100000000)
  eden space 33280K, 0% used [0x00000000eab00000,0x00000000eab00000,0x00000000ecb80000)
  from space 5120K, 99% used [0x00000000ecb80000,0x00000000ed07e600,0x00000000ed080000)
  to   space 5120K, 0% used [0x00000000ef100000,0x00000000ef100000,0x00000000ef600000)
 ParOldGen       total 87552K, used 1609K [0x00000000c0000000, 0x00000000c5580000, 0x00000000eab00000)
  object space 87552K, 1% used [0x00000000c0000000,0x00000000c01926e8,0x00000000c5580000)
 Metaspace       used 5875K, capacity 6960K, committed 7040K, reserved 1056768K
  class space    used 567K, capacity 616K, committed 640K, reserved 1048576K
}
Event: 1.954 GC heap before
{Heap before GC invocations=2 (full 0):
 PSYoungGen      total 38400K, used 38393K [0x00000000eab00000, 0x00000000ef600000, 0x0000000100000000)
  eden space 33280K, 100% used [0x00000000eab00000,0x00000000ecb80000,0x00000000ecb80000)
  from space 5120K, 99% used [0x00000000ecb80000,0x00000000ed07e600,0x00000000ed080000)
  to   space 5120K, 0% used [0x00000000ef100000,0x00000000ef100000,0x00000000ef600000)
 ParOldGen       total 87552K, used 1609K [0x00000000c0000000, 0x00000000c5580000, 0x00000000eab00000)
  object space 87552K, 1% used [0x00000000c0000000,0x00000000c01926e8,0x00000000c5580000)
 Metaspace       used 6108K, capacity 7024K, committed 7296K, reserved 1056768K
  class space    used 585K, capacity 616K, committed 640K, reserved 1048576K
Event: 2.052 GC heap after
Heap after GC invocations=2 (full 0):
 PSYoungGen      total 71680K, used 5102K [0x00000000eab00000, 0x00000000ef600000, 0x0000000100000000)
  eden space 66560K, 0% used [0x00000000eab00000,0x00000000eab00000,0x00000000eec00000)
  from space 5120K, 99% used [0x00000000ef100000,0x00000000ef5fb980,0x00000000ef600000)
  to   space 5120K, 0% used [0x00000000eec00000,0x00000000eec00000,0x00000000ef100000)
 ParOldGen       total 87552K, used 5980K [0x00000000c0000000, 0x00000000c5580000, 0x00000000eab00000)
  object space 87552K, 6% used [0x00000000c0000000,0x00000000c05d7010,0x00000000c5580000)
 Metaspace       used 6108K, capacity 7024K, committed 7296K, reserved 1056768K
  class space    used 585K, capacity 616K, committed 640K, reserved 1048576K
}
Event: 2.624 GC heap before
{Heap before GC invocations=3 (full 0):
 PSYoungGen      total 71680K, used 71662K [0x00000000eab00000, 0x00000000ef600000, 0x0000000100000000)
  eden space 66560K, 100% used [0x00000000eab00000,0x00000000eec00000,0x00000000eec00000)
  from space 5120K, 99% used [0x00000000ef100000,0x00000000ef5fb980,0x00000000ef600000)
  to   space 5120K, 0% used [0x00000000eec00000,0x00000000eec00000,0x00000000ef100000)
 ParOldGen       total 87552K, used 5980K [0x00000000c0000000, 0x00000000c5580000, 0x00000000eab00000)
  object space 87552K, 6% used [0x00000000c0000000,0x00000000c05d7010,0x00000000c5580000)
 Metaspace       used 6199K, capacity 7088K, committed 7296K, reserved 1056768K
  class space    used 586K, capacity 616K, committed 640K, reserved 1048576K

Deoptimization events (10 events):
Event: 1.871 Thread 0x0000000016e0f800 Uncommon trap: reason=null_check action=make_not_entrant pc=0x000000000341d2c4 method=com.android.dx.ssa.SsaRenamer.getLocalForNewReg(I)Lcom/android/dx/rop/code/LocalItem; @ 19
Event: 1.950 Thread 0x000000000303d800 Uncommon trap: reason=null_check action=make_not_entrant pc=0x00000000034577e8 method=com.android.dx.rop.type.Type.equals(Ljava/lang/Object;)Z @ 8
Event: 2.262 Thread 0x000000000303d800 Uncommon trap: reason=class_check action=maybe_recompile pc=0x000000000374a17c method=com.android.dx.cf.code.BytecodeArray.parseInstruction(ILcom/android/dx/cf/code/BytecodeArray$Visitor;)I @ 987
Event: 2.262 Thread 0x000000000303d800 Uncommon trap: reason=class_check action=maybe_recompile pc=0x000000000374a17c method=com.android.dx.cf.code.BytecodeArray.parseInstruction(ILcom/android/dx/cf/code/BytecodeArray$Visitor;)I @ 987
Event: 2.284 Thread 0x000000000303d800 Uncommon trap: reason=class_check action=maybe_recompile pc=0x000000000374a17c method=com.android.dx.cf.code.BytecodeArray.parseInstruction(ILcom/android/dx/cf/code/BytecodeArray$Visitor;)I @ 987
Event: 2.285 Thread 0x000000000303d800 Uncommon trap: reason=class_check action=maybe_recompile pc=0x000000000374a17c method=com.android.dx.cf.code.BytecodeArray.parseInstruction(ILcom/android/dx/cf/code/BytecodeArray$Visitor;)I @ 987
Event: 2.463 Thread 0x0000000016dd4800 Uncommon trap: reason=unstable_if action=reinterpret pc=0x000000000362b290 method=com.android.dx.ssa.SCCP.simulateStmt(Lcom/android/dx/ssa/SsaInsn;)V @ 59
Event: 2.582 Thread 0x0000000016df4800 Uncommon trap: reason=bimorphic action=maybe_recompile pc=0x00000000037e0ec0 method=com.android.dx.cf.code.BytecodeArray.parseInstruction(ILcom/android/dx/cf/code/BytecodeArray$Visitor;)I @ 1357
Event: 2.582 Thread 0x0000000016df4800 Uncommon trap: reason=bimorphic action=maybe_recompile pc=0x00000000037e0ec0 method=com.android.dx.cf.code.BytecodeArray.parseInstruction(ILcom/android/dx/cf/code/BytecodeArray$Visitor;)I @ 1357
Event: 2.613 Thread 0x0000000016e10800 Uncommon trap: reason=unstable_if action=reinterpret pc=0x000000000347521c method=com.android.dx.ssa.SsaMethod.updateOneDefinition(Lcom/android/dx/ssa/SsaInsn;Lcom/android/dx/rop/code/RegisterSpec;)V @ 4

Internal exceptions (7 events):
Event: 0.051 Thread 0x000000000303d800 Exception <a 'java/lang/NoSuchMethodError': Method sun.misc.Unsafe.defineClass(Ljava/lang/String;[BII)Ljava/lang/Class; name or signature does not match> (0x00000000eab07c78) thrown at [C:\src\android\AOSP-openjdk\external\jetbrains\jdk\hotspot\src\share\vé8Ýµï©?
Event: 0.051 Thread 0x000000000303d800 Exception <a 'java/lang/NoSuchMethodError': Method sun.misc.Unsafe.prefetchRead(Ljava/lang/Object;J)V name or signature does not match> (0x00000000eab07f60) thrown at [C:\src\android\AOSP-openjdk\external\jetbrains\jdk\hotspot\src\share\vm\prims\jni.cpp, l> ã"&•ý?
Event: 1.849 Thread 0x0000000016dd4800 Exception <a 'java/lang/ArrayIndexOutOfBoundsException': 18> (0x00000000eb7f4538) thrown at [C:\src\android\AOSP-openjdk\external\jetbrains\jdk\hotspot\src\share\vm\interpreter\interpreterRuntime.cpp, line 366]
Event: 1.850 Thread 0x0000000016dd4800 Exception <a 'java/lang/ArrayIndexOutOfBoundsException': 145> (0x00000000eb7f60b8) thrown at [C:\src\android\AOSP-openjdk\external\jetbrains\jdk\hotspot\src\share\vm\interpreter\interpreterRuntime.cpp, line 366]
Event: 1.851 Thread 0x0000000016dd4800 Exception <a 'java/lang/ArrayIndexOutOfBoundsException': 40> (0x00000000eb7f73a0) thrown at [C:\src\android\AOSP-openjdk\external\jetbrains\jdk\hotspot\src\share\vm\interpreter\interpreterRuntime.cpp, line 366]
Event: 1.871 Thread 0x0000000016e0f800 Implicit null exception at 0x000000000341acd4 to 0x000000000341d27d
Event: 1.950 Thread 0x000000000303d800 Implicit null exception at 0x00000000034576e2 to 0x00000000034577da

Events (10 events):
Event: 2.607 Thread 0x0000000016e10800 DEOPT PACKING pc=0x00000000034f5535 sp=0x0000000017a5e930
Event: 2.607 Thread 0x0000000016e10800 DEOPT UNPACKING pc=0x00000000031875bf sp=0x0000000017a5e668 mode 0
Event: 2.609 Executing VM operation: ForceSafepoint
Event: 2.609 Executing VM operation: ForceSafepoint done
Event: 2.613 loading class com/android/dx/rop/code/RegOps
Event: 2.613 loading class com/android/dx/rop/code/RegOps done
Event: 2.613 Thread 0x0000000016e10800 Uncommon trap: trap_request=0xffffff65 fr.pc=0x000000000347521c
Event: 2.613 Thread 0x0000000016e10800 DEOPT PACKING pc=0x000000000347521c sp=0x0000000017a5e770
Event: 2.613 Thread 0x0000000016e10800 DEOPT UNPACKING pc=0x000000000318556a sp=0x0000000017a5e718 mode 2
Event: 2.624 Executing VM operation: ParallelGCFailedAllocation


Dynamic libraries:
0x00007ff77de30000 - 0x00007ff77de61000 	F:\android-studio\jre\bin\java.exe
0x00007ffdd2770000 - 0x00007ffdd2941000 	C:\WINDOWS\SYSTEM32\ntdll.dll
0x00007ffdcfe50000 - 0x00007ffdcfefb000 	C:\WINDOWS\System32\KERNEL32.DLL
0x00007ffdcf2c0000 - 0x00007ffdcf4dd000 	C:\WINDOWS\System32\KERNELBASE.dll
0x00007ffdd2410000 - 0x00007ffdd24b2000 	C:\WINDOWS\System32\ADVAPI32.dll
0x00007ffdd2310000 - 0x00007ffdd23ae000 	C:\WINDOWS\System32\msvcrt.dll
0x00007ffdd2710000 - 0x00007ffdd2769000 	C:\WINDOWS\System32\sechost.dll
0x00007ffdd24e0000 - 0x00007ffdd2601000 	C:\WINDOWS\System32\RPCRT4.dll
0x00007ffdd0160000 - 0x00007ffdd02c5000 	C:\WINDOWS\System32\USER32.dll
0x00007ffdcfbc0000 - 0x00007ffdcfbde000 	C:\WINDOWS\System32\win32u.dll
0x00007ffdd2610000 - 0x00007ffdd2644000 	C:\WINDOWS\System32\GDI32.dll
0x00007ffdced40000 - 0x00007ffdceec2000 	C:\WINDOWS\System32\gdi32full.dll
0x00007ffdca590000 - 0x00007ffdca80a000 	C:\WINDOWS\WinSxS\amd64_microsoft.windows.common-controls_6595b64144ccf1df_6.0.14393.351_none_4213128bc687e6d3\COMCTL32.dll
0x00007ffdd1e70000 - 0x00007ffdd2137000 	C:\WINDOWS\System32\combase.dll
0x00007ffdcf110000 - 0x00007ffdcf205000 	C:\WINDOWS\System32\ucrtbase.dll
0x00007ffdceed0000 - 0x00007ffdcef3a000 	C:\WINDOWS\System32\bcryptPrimitives.dll
0x00007ffdd1e40000 - 0x00007ffdd1e6e000 	C:\WINDOWS\System32\IMM32.DLL
0x000000005dec0000 - 0x000000005df92000 	F:\android-studio\jre\jre\bin\msvcr100.dll
0x000000005dfa0000 - 0x000000005e7dc000 	F:\android-studio\jre\jre\bin\server\jvm.dll
0x00007ffdd24d0000 - 0x00007ffdd24d8000 	C:\WINDOWS\System32\PSAPI.DLL
0x00007ffdbfab0000 - 0x00007ffdbfab9000 	C:\WINDOWS\SYSTEM32\WSOCK32.dll
0x00007ffdd22a0000 - 0x00007ffdd230a000 	C:\WINDOWS\System32\WS2_32.dll
0x00007ffdcc9d0000 - 0x00007ffdcc9f3000 	C:\WINDOWS\SYSTEM32\WINMM.dll
0x00007ffdcd7f0000 - 0x00007ffdcd7fa000 	C:\WINDOWS\SYSTEM32\VERSION.dll
0x00007ffdcc9a0000 - 0x00007ffdcc9cb000 	C:\WINDOWS\SYSTEM32\WINMMBASE.dll
0x00007ffdcfc90000 - 0x00007ffdcfcd2000 	C:\WINDOWS\System32\cfgmgr32.dll
0x00007ffdba350000 - 0x00007ffdba35f000 	F:\android-studio\jre\jre\bin\verify.dll
0x00007ffdb8440000 - 0x00007ffdb8469000 	F:\android-studio\jre\jre\bin\java.dll
0x00007ffdb8420000 - 0x00007ffdb8436000 	F:\android-studio\jre\jre\bin\zip.dll
0x00007ffdd02d0000 - 0x00007ffdd17d9000 	C:\WINDOWS\System32\SHELL32.dll
0x00007ffdcf4e0000 - 0x00007ffdcfbba000 	C:\WINDOWS\System32\windows.storage.dll
0x00007ffdcebb0000 - 0x00007ffdcebfc000 	C:\WINDOWS\System32\powrprof.dll
0x00007ffdd2650000 - 0x00007ffdd26a2000 	C:\WINDOWS\System32\shlwapi.dll
0x00007ffdcec30000 - 0x00007ffdcec3f000 	C:\WINDOWS\System32\kernel.appcore.dll
0x00007ffdcfbe0000 - 0x00007ffdcfc89000 	C:\WINDOWS\System32\shcore.dll
0x00007ffdcec00000 - 0x00007ffdcec14000 	C:\WINDOWS\System32\profapi.dll
0x00007ffdbd880000 - 0x00007ffdbda12000 	C:\WINDOWS\SYSTEM32\dbghelp.dll

VM Arguments:
jvm_args: -Djava.awt.headless=true -Xmx1024M -Dfile.encoding=GBK -Duser.country=CN -Duser.language=zh -Duser.variant 
java_command: com.android.dx.command.Main --dex --num-threads=4 --output D:\ZQ_Android\branches\YDSP\YDSP_heyang_ya\yDSP\build\intermediates\pre-dexed\debug\com.android.support-support-core-ui-25.0.0_850672296cd0746910351bce8fe73c97eea44b74.jar D:\ZQ_Android\branches\YDSP\YDSP_heyang_ya\yDSP\build\intermediates\exploded-aar\com.android.support\support-core-ui\25.0.0\jars\classes.jar
java_class_path (initial): E:\AndroidSDK\build-tools\25.0.0\lib\dx.jar
Launcher Type: SUN_STANDARD

Environment Variables:
PATH=C:\ProgramData\Oracle\Java\javapath;C:\Program Files (x86)\Intel\iCLS Client\;C:\Program Files\Intel\iCLS Client\;C:\Program Files (x86)\NVIDIA Corporation\PhysX\Common;C:\WINDOWS\system32;C:\WINDOWS;C:\WINDOWS\System32\Wbem;C:\WINDOWS\System32\WindowsPowerShell\v1.0\;C:\Program Files\Intel\Intel(R) Management Engine Components\DAL;C:\Program Files\Intel\Intel(R) Management Engine Components\IPT;C:\Program Files (x86)\Intel\Intel(R) Management Engine Components\DAL;C:\Program Files (x86)\Intel\Intel(R) Management Engine Components\IPT;C:\Program Files (x86)\Microsoft SQL Server\100\Tools\Binn\;C:\Program Files\Microsoft SQL Server\100\Tools\Binn\;C:\Program Files\Microsoft SQL Server\100\DTS\Binn\;C:\Program Files (x86)\Microsoft SQL Server\100\Tools\Binn\VSShell\Common7\IDE\;C:\Program Files (x86)\Microsoft Visual Studio 9.0\Common7\IDE\PrivateAssemblies\;C:\Program Files (x86)\Microsoft SQL Server\100\DTS\Binn\;C:\Program Files (x86)\Microsoft SQL Server\90\Tools\binn\;C:\WINDOWS\system32\config\systemprofile\.dnx\bin;C:\Program Files\Microsoft DNX\Dnvm\;C:\Program Files\TortoiseSVN\bin;C:\Program Files (x86)\VisualSVN\bin;C:\Program Files\Java\jdk1.8.0_91\bin;E:\Android studio\android-studio\gradle\gradle-2.10\bin;C:\Program Files\Microsoft SQL Server\120\Tools\Binn\;C:\Users\Administrator\AppData\Local\Microsoft\WindowsApps;
USERNAME=Administrator
OS=Windows_NT
PROCESSOR_IDENTIFIER=Intel64 Family 6 Model 60 Stepping 3, GenuineIntel



---------------  S Y S T E M  ---------------

OS: Windows 10.0 , 64 bit Build 14393 (10.0.14393.0)

CPU:total 4 (4 cores per cpu, 1 threads per core) family 6 model 60 stepping 3, cmov, cx8, fxsr, mmx, sse, sse2, sse3, ssse3, sse4.1, sse4.2, popcnt, avx, avx2, aes, clmul, erms, lzcnt, tsc, tscinvbit, bmi1, bmi2

Memory: 4k page, physical 8325052k(1038808k free), swap 13079924k(2141672k free)

vm_info: OpenJDK 64-Bit Server VM (25.112-b06) for windows-amd64 JRE (1.8.0_112-release-b06), built on Dec  8 2016 00:54:26 by "builder" with MS VC++ 10.0 (VS2010)

time: Thu Sep 14 15:21:44 2017
elapsed time: 2 seconds (0d 0h 0m 2s)

