#
# A fatal error has been detected by the Java Runtime Environment:
#
#  EXCEPTION_ACCESS_VIOLATION (0xc0000005) at pc=0x0000000100000001, pid=1356, tid=0x0000000000002c6c
#
# JRE version: OpenJDK Runtime Environment (8.0_76-b03) (build 1.8.0_76-release-b03)
# Java VM: OpenJDK 64-Bit Server VM (25.76-b03 mixed mode windows-amd64 compressed oops)
# Problematic frame:
# C  0x0000000100000001
#
# Failed to write core dump. Minidumps are not enabled by default on client versions of Windows
#
# If you would like to submit a bug report, please visit:
#   http://bugreport.java.com/bugreport/crash.jsp
#

---------------  T H R E A D  ---------------

Current thread (0x000000000273a000):  GCTaskThread [stack: 0x0000000012150000,0x0000000012250000] [id=11372]

siginfo: ExceptionCode=0xc0000005, ExceptionInformation=0x0000000000000008 0x0000000100000001

Registers:
RAX=0x0000000000340000, RBX=0x00000000ecec4c78, RCX=0x0000000100010b08, RDX=0x000000000280b340
RSP=0x000000001224f298, RBP=0x00000000004e4100, RSI=0x000000000280b340, RDI=0x00000000c025e8a0
R8 =0x00000000c025e8a0, R9 =0x0000000100010b08, R10=0xef5e4348ef1bfa08, R11=0x00000000c025e8a0
R12=0x0000000076c4fd68, R13=0x0000000000000009, R14=0x0000000000000001, R15=0x000000000273a550
RIP=0x0000000100000001, EFLAGS=0x0000000000010207

Top of Stack: (sp=0x000000001224f298)
0x000000001224f298:   0000000076a37a11 00000000ecec4c78
0x000000001224f2a8:   0000000000000004 000000000280b340
0x000000001224f2b8:   0000000002732800 00000000ef5f6038
0x000000001224f2c8:   0000000076a37edb 00000000c025b050
0x000000001224f2d8:   0000000000000400 0000000000000000
0x000000001224f2e8:   0000000002732800 0000000076c4fd68
0x000000001224f2f8:   0000000076a37b00 00000000c025bac8
0x000000001224f308:   0000000000000000 000000000280b340
0x000000001224f318:   000000000280b340 00000000c025bac8
0x000000001224f328:   0000000076a386a5 00000000ecec4570
0x000000001224f338:   0000000000000000 000000000280b340
0x000000001224f348:   0000000076a3a476 0000000014e12e10
0x000000001224f358:   00000000fffffcff 0000000000000000
0x000000001224f368:   0000000000000000 000000000273a500
0x000000001224f378:   000000001683c000 0000000076c7d101
0x000000001224f388:   000000007685de01 0000341cc3af607a 

Instructions: (pc=0x0000000100000001)
0x00000000ffffffe1:   
[error occurred during error reporting (printing registers, top of stack, instructions near pc), id 0xc0000005]

Register to memory mapping:

RAX=0x0000000000340000 is an unknown value
RBX=0x00000000ecec4c78 is an oop

[error occurred during error reporting (printing register info), id 0xc0000005]

Stack: [0x0000000012150000,0x0000000012250000],  sp=0x000000001224f298,  free space=1020k
Native frames: (J=compiled Java code, j=interpreted, Vv=VM code, C=native code)
C  0x0000000100000001


---------------  P R O C E S S  ---------------

Java Threads: ( => current thread )
  0x000000001683c000 JavaThread "pool-1-thread-4" [_thread_blocked, id=9660, stack(0x00000000171b0000,0x00000000172b0000)]
  0x0000000016827000 JavaThread "pool-1-thread-3" [_thread_blocked, id=11896, stack(0x00000000170b0000,0x00000000171b0000)]
  0x00000000167b1800 JavaThread "pool-1-thread-2" [_thread_blocked, id=12968, stack(0x0000000016fb0000,0x00000000170b0000)]
  0x00000000167ae800 JavaThread "pool-2-thread-1" [_thread_blocked, id=9392, stack(0x0000000016eb0000,0x0000000016fb0000)]
  0x00000000167ae000 JavaThread "pool-1-thread-1" [_thread_blocked, id=7376, stack(0x0000000016db0000,0x0000000016eb0000)]
  0x0000000016617800 JavaThread "Service Thread" daemon [_thread_blocked, id=2808, stack(0x0000000016bb0000,0x0000000016cb0000)]
  0x0000000016609000 JavaThread "C1 CompilerThread2" daemon [_thread_blocked, id=3120, stack(0x0000000016ab0000,0x0000000016bb0000)]
  0x0000000016606000 JavaThread "C2 CompilerThread1" daemon [_thread_blocked, id=10604, stack(0x00000000169b0000,0x0000000016ab0000)]
  0x0000000014f00000 JavaThread "C2 CompilerThread0" daemon [_thread_blocked, id=1880, stack(0x00000000164b0000,0x00000000165b0000)]
  0x0000000014efe800 JavaThread "Attach Listener" daemon [_thread_blocked, id=10204, stack(0x00000000163b0000,0x00000000164b0000)]
  0x0000000014f4d800 JavaThread "Signal Dispatcher" daemon [_thread_blocked, id=10028, stack(0x00000000162b0000,0x00000000163b0000)]
  0x0000000002815800 JavaThread "Finalizer" daemon [_thread_blocked, id=12720, stack(0x0000000016150000,0x0000000016250000)]
  0x0000000002810000 JavaThread "Reference Handler" daemon [_thread_blocked, id=10292, stack(0x0000000016050000,0x0000000016150000)]
  0x0000000002720800 JavaThread "main" [_thread_blocked, id=11716, stack(0x0000000002620000,0x0000000002720000)]

Other Threads:
  0x0000000014eb5000 VMThread [stack: 0x0000000015f50000,0x0000000016050000] [id=13676]
  0x000000001660c800 WatcherThread [stack: 0x0000000016cb0000,0x0000000016db0000] [id=4568]

=>0x000000000273a000 (exited) GCTaskThread [stack: 0x0000000012150000,0x0000000012250000] [id=11372]

VM state:at safepoint (normal execution)

VM Mutex/Monitor currently owned by a thread:  ([mutex/lock_event])
[0x00000000007ac4c0] Threads_lock - owner thread: 0x0000000014eb5000
[0x00000000007abfc0] Heap_lock - owner thread: 0x00000000167b1800

Heap:
 PSYoungGen      total 38400K, used 38377K [0x00000000eab00000, 0x00000000ef600000, 0x0000000100000000)
  eden space 33280K, 100% used [0x00000000eab00000,0x00000000ecb80000,0x00000000ecb80000)
  from space 5120K, 99% used [0x00000000ecb80000,0x00000000ed07a460,0x00000000ed080000)
  to   space 5120K, 99% used [0x00000000ef100000,0x00000000ef5fe038,0x00000000ef600000)
 ParOldGen       total 87552K, used 45513K [0x00000000c0000000, 0x00000000c5580000, 0x00000000eab00000)
  object space 87552K, 51% used [0x00000000c0000000,0x00000000c2c725a0,0x00000000c5580000)
 Metaspace       used 6104K, capacity 7024K, committed 7296K, reserved 1056768K
  class space    used 575K, capacity 616K, committed 640K, reserved 1048576K

Card table byte_map: [0x0000000011be0000,0x0000000011df0000] byte_map_base: 0x00000000115e0000

Marking Bits: (ParMarkBitMap*) 0x0000000076e29d00
 Begin Bits: [0x0000000012350000, 0x0000000013350000)
 End Bits:   [0x0000000013350000, 0x0000000014350000)

Polling page: 0x0000000000750000

CodeCache: size=245760Kb used=5837Kb max_used=5837Kb free=239923Kb
 bounds [0x0000000002820000, 0x0000000002de0000, 0x0000000011820000]
 total_blobs=1742 nmethods=1472 adapters=184
 compilation: enabled

Compilation events (10 events):
Event: 0.901 Thread 0x0000000016609000 1485       2       com.android.dx.cf.code.BytecodeArray::byteLength (10 bytes)
Event: 0.901 Thread 0x0000000016609000 nmethod 1485 0x0000000002dd3110 code [0x0000000002dd3260, 0x0000000002dd33b0]
Event: 0.901 Thread 0x0000000016609000 1486       2       com.android.dx.cf.code.ByteCatchList::byteLength (10 bytes)
Event: 0.901 Thread 0x0000000016609000 nmethod 1486 0x0000000002dd3450 code [0x0000000002dd35a0, 0x0000000002dd36f0]
Event: 0.902 Thread 0x0000000016609000 1487       2       com.android.dx.dex.file.AnnotationUtils::makeSignature (251 bytes)
Event: 0.904 Thread 0x0000000016609000 nmethod 1487 0x0000000002dd3790 code [0x0000000002dd3aa0, 0x0000000002dd4b88]
Event: 0.904 Thread 0x0000000016609000 1488       2       com.android.dx.cf.code.LocalVariableList$Item::matchesAllButType (53 bytes)
Event: 0.904 Thread 0x0000000016609000 nmethod 1488 0x0000000002dd6350 code [0x0000000002dd64c0, 0x0000000002dd66e8]
Event: 0.904 Thread 0x0000000016609000 1489       1       com.android.dx.cf.attrib.InnerClassList$Item::getInnerClass (5 bytes)
Event: 0.904 Thread 0x0000000016609000 nmethod 1489 0x0000000002dd6850 code [0x0000000002dd69a0, 0x0000000002dd6ab0]

GC Heap History (3 events):
Event: 0.604 GC heap before
{Heap before GC invocations=1 (full 0):
 PSYoungGen      total 38400K, used 33280K [0x00000000eab00000, 0x00000000ed580000, 0x0000000100000000)
  eden space 33280K, 100% used [0x00000000eab00000,0x00000000ecb80000,0x00000000ecb80000)
  from space 5120K, 0% used [0x00000000ed080000,0x00000000ed080000,0x00000000ed580000)
  to   space 5120K, 0% used [0x00000000ecb80000,0x00000000ecb80000,0x00000000ed080000)
 ParOldGen       total 87552K, used 0K [0x00000000c0000000, 0x00000000c5580000, 0x00000000eab00000)
  object space 87552K, 0% used [0x00000000c0000000,0x00000000c0000000,0x00000000c5580000)
 Metaspace       used 5868K, capacity 6832K, committed 7040K, reserved 1056768K
  class space    used 572K, capacity 616K, committed 640K, reserved 1048576K
Event: 0.668 GC heap after
Heap after GC invocations=1 (full 0):
 PSYoungGen      total 38400K, used 5097K [0x00000000eab00000, 0x00000000ef600000, 0x0000000100000000)
  eden space 33280K, 0% used [0x00000000eab00000,0x00000000eab00000,0x00000000ecb80000)
  from space 5120K, 99% used [0x00000000ecb80000,0x00000000ed07a460,0x00000000ed080000)
  to   space 5120K, 0% used [0x00000000ef100000,0x00000000ef100000,0x00000000ef600000)
 ParOldGen       total 87552K, used 1287K [0x00000000c0000000, 0x00000000c5580000, 0x00000000eab00000)
  object space 87552K, 1% used [0x00000000c0000000,0x00000000c0141f78,0x00000000c5580000)
 Metaspace       used 5868K, capacity 6832K, committed 7040K, reserved 1056768K
  class space    used 572K, capacity 616K, committed 640K, reserved 1048576K
}
Event: 0.916 GC heap before
{Heap before GC invocations=2 (full 0):
 PSYoungGen      total 38400K, used 38377K [0x00000000eab00000, 0x00000000ef600000, 0x0000000100000000)
  eden space 33280K, 100% used [0x00000000eab00000,0x00000000ecb80000,0x00000000ecb80000)
  from space 5120K, 99% used [0x00000000ecb80000,0x00000000ed07a460,0x00000000ed080000)
  to   space 5120K, 0% used [0x00000000ef100000,0x00000000ef100000,0x00000000ef600000)
 ParOldGen       total 87552K, used 1287K [0x00000000c0000000, 0x00000000c5580000, 0x00000000eab00000)
  object space 87552K, 1% used [0x00000000c0000000,0x00000000c0141f78,0x00000000c5580000)
 Metaspace       used 6104K, capacity 7024K, committed 7296K, reserved 1056768K
  class space    used 575K, capacity 616K, committed 640K, reserved 1048576K

Deoptimization events (10 events):
Event: 0.382 Thread 0x0000000002720800 Uncommon trap: reason=class_check action=maybe_recompile pc=0x0000000002a52a30 method=com.android.dx.ssa.NormalSsaInsn.accept(Lcom/android/dx/ssa/SsaInsn$Visitor;)V @ 9
Event: 0.382 Thread 0x0000000002720800 Uncommon trap: reason=class_check action=maybe_recompile pc=0x0000000002a52a30 method=com.android.dx.ssa.NormalSsaInsn.accept(Lcom/android/dx/ssa/SsaInsn$Visitor;)V @ 9
Event: 0.383 Thread 0x0000000002720800 Uncommon trap: reason=class_check action=maybe_recompile pc=0x0000000002a52a30 method=com.android.dx.ssa.NormalSsaInsn.accept(Lcom/android/dx/ssa/SsaInsn$Visitor;)V @ 9
Event: 0.384 Thread 0x0000000002720800 Uncommon trap: reason=class_check action=maybe_recompile pc=0x0000000002a52a30 method=com.android.dx.ssa.NormalSsaInsn.accept(Lcom/android/dx/ssa/SsaInsn$Visitor;)V @ 9
Event: 0.439 Thread 0x000000001683c000 Uncommon trap: reason=class_check action=maybe_recompile pc=0x0000000002b51fd8 method=com.android.dx.ssa.NormalSsaInsn.accept(Lcom/android/dx/ssa/SsaInsn$Visitor;)V @ 9
Event: 0.717 Thread 0x000000001683c000 Uncommon trap: reason=null_check action=make_not_entrant pc=0x0000000002b3b7d4 method=com.android.dx.ssa.SsaRenamer.getLocalForNewReg(I)Lcom/android/dx/rop/code/LocalItem; @ 19
Event: 0.741 Thread 0x00000000167ae000 Uncommon trap: reason=bimorphic action=maybe_recompile pc=0x0000000002bec944 method=java.util.HashMap.putVal(ILjava/lang/Object;Ljava/lang/Object;ZZ)Ljava/lang/Object; @ 203
Event: 0.746 Thread 0x00000000167ae000 Uncommon trap: reason=bimorphic action=maybe_recompile pc=0x0000000002bc3f20 method=java.util.HashMap.putVal(ILjava/lang/Object;Ljava/lang/Object;ZZ)Ljava/lang/Object; @ 203
Event: 0.853 Thread 0x0000000016827000 Uncommon trap: reason=unstable_if action=reinterpret pc=0x0000000002bdf9bc method=com.android.dx.util.IntList.binarysearch(I)I @ 105
Event: 0.860 Thread 0x00000000167b1800 Uncommon trap: reason=unstable_if action=reinterpret pc=0x0000000002ac09fc method=com.android.dx.rop.code.RegisterSpec.equals(ILcom/android/dx/rop/type/TypeBearer;Lcom/android/dx/rop/code/LocalItem;)Z @ 42

Internal exceptions (3 events):
Event: 0.029 Thread 0x0000000002720800 Exception <a 'java/lang/NoSuchMethodError': Method sun.misc.Unsafe.defineClass(Ljava/lang/String;[BII)Ljava/lang/Class; name or signature does not match> (0x00000000eab07cc0) thrown at [C:\src\android\AOSP-openjdk\external\jetbrains\jdk\hotspot\src\share\v˜Po©#ž?
Event: 0.029 Thread 0x0000000002720800 Exception <a 'java/lang/NoSuchMethodError': Method sun.misc.Unsafe.prefetchRead(Ljava/lang/Object;J)V name or signature does not match> (0x00000000eab07fa8) thrown at [C:\src\android\AOSP-openjdk\external\jetbrains\jdk\hotspot\src\share\vm\prims\jni.cpp, la¯HK‹òæ?
Event: 0.717 Thread 0x000000001683c000 Implicit null exception at 0x0000000002b3a253 to 0x0000000002b3b7a1

Events (10 events):
Event: 0.858 loading class com/android/dx/cf/code/SwitchList
Event: 0.858 loading class com/android/dx/cf/code/SwitchList done
Event: 0.860 Thread 0x00000000167b1800 Uncommon trap: trap_request=0xffffff65 fr.pc=0x0000000002ac09fc
Event: 0.860 Thread 0x00000000167b1800 DEOPT PACKING pc=0x0000000002ac09fc sp=0x00000000170ae5f0
Event: 0.860 Thread 0x00000000167b1800 DEOPT UNPACKING pc=0x000000000286556a sp=0x00000000170ae578 mode 2
Event: 0.902 loading class java/util/HashMap$KeySet
Event: 0.902 loading class java/util/HashMap$KeySet done
Event: 0.902 loading class java/util/HashMap$KeyIterator
Event: 0.902 loading class java/util/HashMap$KeyIterator done
Event: 0.905 Executing VM operation: ParallelGCFailedAllocation


Dynamic libraries:
0x00007ff6830c0000 - 0x00007ff6830f1000 	F:\android-studio\jre\bin\java.exe
0x00007ff81bc90000 - 0x00007ff81be61000 	C:\WINDOWS\SYSTEM32\ntdll.dll
0x00007ff819220000 - 0x00007ff8192cb000 	C:\WINDOWS\System32\KERNEL32.DLL
0x00007ff818540000 - 0x00007ff81875d000 	C:\WINDOWS\System32\KERNELBASE.dll
0x00007ff81b970000 - 0x00007ff81ba12000 	C:\WINDOWS\System32\ADVAPI32.dll
0x00007ff819ec0000 - 0x00007ff819f5e000 	C:\WINDOWS\System32\msvcrt.dll
0x00007ff81ba90000 - 0x00007ff81bae9000 	C:\WINDOWS\System32\sechost.dll
0x00007ff81b570000 - 0x00007ff81b691000 	C:\WINDOWS\System32\RPCRT4.dll
0x00007ff819610000 - 0x00007ff819775000 	C:\WINDOWS\System32\USER32.dll
0x00007ff818ff0000 - 0x00007ff81900e000 	C:\WINDOWS\System32\win32u.dll
0x00007ff819e80000 - 0x00007ff819eb4000 	C:\WINDOWS\System32\GDI32.dll
0x00007ff819070000 - 0x00007ff8191f2000 	C:\WINDOWS\System32\gdi32full.dll
0x00007ff8134d0000 - 0x00007ff81374a000 	C:\WINDOWS\WinSxS\amd64_microsoft.windows.common-controls_6595b64144ccf1df_6.0.14393.351_none_4213128bc687e6d3\COMCTL32.dll
0x00007ff81b6a0000 - 0x00007ff81b967000 	C:\WINDOWS\System32\combase.dll
0x00007ff818760000 - 0x00007ff818855000 	C:\WINDOWS\System32\ucrtbase.dll
0x00007ff818160000 - 0x00007ff8181ca000 	C:\WINDOWS\System32\bcryptPrimitives.dll
0x00007ff819f60000 - 0x00007ff819f8e000 	C:\WINDOWS\System32\IMM32.DLL
0x0000000076590000 - 0x0000000076662000 	F:\android-studio\jre\jre\bin\msvcr100.dll
0x0000000076670000 - 0x0000000076ea4000 	F:\android-studio\jre\jre\bin\server\jvm.dll
0x00007ff81ba80000 - 0x00007ff81ba88000 	C:\WINDOWS\System32\PSAPI.DLL
0x00007ff80a1c0000 - 0x00007ff80a1c9000 	C:\WINDOWS\SYSTEM32\WSOCK32.dll
0x00007ff8194b0000 - 0x00007ff81951a000 	C:\WINDOWS\System32\WS2_32.dll
0x00007ff816590000 - 0x00007ff8165b3000 	C:\WINDOWS\SYSTEM32\WINMM.dll
0x00007ff816d10000 - 0x00007ff816d1a000 	C:\WINDOWS\SYSTEM32\VERSION.dll
0x00007ff816560000 - 0x00007ff81658b000 	C:\WINDOWS\SYSTEM32\WINMMBASE.dll
0x00007ff818450000 - 0x00007ff818492000 	C:\WINDOWS\System32\cfgmgr32.dll
0x00007ff80d460000 - 0x00007ff80d46f000 	F:\android-studio\jre\jre\bin\verify.dll
0x00007ff80ae30000 - 0x00007ff80ae59000 	F:\android-studio\jre\jre\bin\java.dll
0x00007ff809b90000 - 0x00007ff809ba6000 	F:\android-studio\jre\jre\bin\zip.dll
0x00007ff81a060000 - 0x00007ff81b569000 	C:\WINDOWS\System32\SHELL32.dll
0x00007ff818860000 - 0x00007ff818f3a000 	C:\WINDOWS\System32\windows.storage.dll
0x00007ff818110000 - 0x00007ff81815c000 	C:\WINDOWS\System32\powrprof.dll
0x00007ff819790000 - 0x00007ff8197e2000 	C:\WINDOWS\System32\shlwapi.dll
0x00007ff8180d0000 - 0x00007ff8180df000 	C:\WINDOWS\System32\kernel.appcore.dll
0x00007ff818f40000 - 0x00007ff818fe9000 	C:\WINDOWS\System32\shcore.dll
0x00007ff8180e0000 - 0x00007ff8180f4000 	C:\WINDOWS\System32\profapi.dll
0x00007ff80ed30000 - 0x00007ff80eec2000 	C:\WINDOWS\SYSTEM32\dbghelp.dll

VM Arguments:
jvm_args: -Djava.awt.headless=true -Xmx1024M -Dfile.encoding=GBK -Duser.country=CN -Duser.language=zh -Duser.variant 
java_command: com.android.dx.command.Main --dex --num-threads=4 --output D:\AndroidStudioProject\YDSP\yDSP\build\intermediates\pre-dexed\release\nineoldandroids-2.4.0_91f23bc94bb37341438b54e2bc77415e2e46fefe.jar D:\AndroidStudioProject\YDSP\yDSP\libs\nineoldandroids-2.4.0.jar
java_class_path (initial): E:\AndroidSDK\build-tools\24.0.3\lib\dx.jar
Launcher Type: SUN_STANDARD

Environment Variables:
PATH=C:\ProgramData\Oracle\Java\javapath;C:\Program Files (x86)\Intel\iCLS Client\;C:\Program Files\Intel\iCLS Client\;C:\Program Files (x86)\NVIDIA Corporation\PhysX\Common;C:\WINDOWS\system32;C:\WINDOWS;C:\WINDOWS\System32\Wbem;C:\WINDOWS\System32\WindowsPowerShell\v1.0\;C:\Program Files\Intel\Intel(R) Management Engine Components\DAL;C:\Program Files\Intel\Intel(R) Management Engine Components\IPT;C:\Program Files (x86)\Intel\Intel(R) Management Engine Components\DAL;C:\Program Files (x86)\Intel\Intel(R) Management Engine Components\IPT;C:\Program Files (x86)\Microsoft SQL Server\100\Tools\Binn\;C:\Program Files\Microsoft SQL Server\100\Tools\Binn\;C:\Program Files\Microsoft SQL Server\100\DTS\Binn\;C:\Program Files (x86)\Microsoft SQL Server\100\Tools\Binn\VSShell\Common7\IDE\;C:\Program Files (x86)\Microsoft Visual Studio 9.0\Common7\IDE\PrivateAssemblies\;C:\Program Files (x86)\Microsoft SQL Server\100\DTS\Binn\;C:\Program Files (x86)\Microsoft SQL Server\90\Tools\binn\;C:\WINDOWS\system32\config\systemprofile\.dnx\bin;C:\Program Files\Microsoft DNX\Dnvm\;C:\Program Files\TortoiseSVN\bin;C:\Program Files (x86)\VisualSVN\bin;C:\Program Files\Java\jdk1.8.0_91\bin;E:\Android studio\android-studio\gradle\gradle-2.10\bin;C:\Users\Administrator\AppData\Local\Microsoft\WindowsApps;
USERNAME=Administrator
OS=Windows_NT
PROCESSOR_IDENTIFIER=Intel64 Family 6 Model 60 Stepping 3, GenuineIntel



---------------  S Y S T E M  ---------------

OS: Windows 10.0 , 64 bit Build 14393 (10.0.14393.0)

CPU:total 4 (4 cores per cpu, 1 threads per core) family 6 model 60 stepping 3, cmov, cx8, fxsr, mmx, sse, sse2, sse3, ssse3, sse4.1, sse4.2, popcnt, avx, avx2, aes, clmul, erms, lzcnt, tsc, tscinvbit, bmi1, bmi2

Memory: 4k page, physical 8325052k(2347012k free), swap 10616564k(1360276k free)

vm_info: OpenJDK 64-Bit Server VM (25.76-b03) for windows-amd64 JRE (1.8.0_76-release-b03), built on Jun 29 2016 19:09:20 by "ralucas" with MS VC++ 10.0 (VS2010)

time: Tue Nov 01 15:02:48 2016
elapsed time: 1 seconds (0d 0h 0m 1s)

