#
# A fatal error has been detected by the Java Runtime Environment:
#
#  Internal Error (chaitin.cpp:904), pid=2800, tid=0x0000000000001548
#  Error: ShouldNotReachHere()
#
# JRE version: OpenJDK Runtime Environment (8.0_76-b03) (build 1.8.0_76-release-b03)
# Java VM: OpenJDK 64-Bit Server VM (25.76-b03 mixed mode windows-amd64 compressed oops)
# Failed to write core dump. Minidumps are not enabled by default on client versions of Windows
#
# If you would like to submit a bug report, please visit:
#   http://bugreport.java.com/bugreport/crash.jsp
#

---------------  T H R E A D  ---------------

Current thread (0x0000000002a0d800):  JavaThread "C2 CompilerThread1" daemon [_thread_in_native, id=5448, stack(0x0000000016b30000,0x0000000016c30000)]

Stack: [0x0000000016b30000,0x0000000016c30000]
[error occurred during error reporting (printing stack bounds), id 0xc0000005]

Native frames: (J=compiled Java code, j=interpreted, Vv=VM code, C=native code)


Current CompileTask:
C2:   6177 1220   !   4       com.android.dx.cf.code.BytecodeArray::parseInstruction (2764 bytes)


---------------  P R O C E S S  ---------------

Java Threads: ( => current thread )
  0x00000000168c1800 JavaThread "pool-1-thread-4" [_thread_blocked, id=9340, stack(0x0000000017330000,0x0000000017430000)]
  0x00000000168bf800 JavaThread "pool-1-thread-3" [_thread_blocked, id=12368, stack(0x0000000017230000,0x0000000017330000)]
  0x000000001687e800 JavaThread "pool-1-thread-2" [_thread_in_Java, id=9248, stack(0x0000000017130000,0x0000000017230000)]
  0x00000000168b4800 JavaThread "pool-2-thread-1" [_thread_blocked, id=12636, stack(0x0000000017030000,0x0000000017130000)]
  0x00000000168af000 JavaThread "pool-1-thread-1" [_thread_in_Java, id=11920, stack(0x0000000016f30000,0x0000000017030000)]
  0x0000000016798000 JavaThread "Service Thread" daemon [_thread_blocked, id=6236, stack(0x0000000016d30000,0x0000000016e30000)]
  0x0000000016791000 JavaThread "C1 CompilerThread2" daemon [_thread_in_vm, id=12608, stack(0x0000000016c30000,0x0000000016d30000)]
=>0x0000000002a0d800 JavaThread "C2 CompilerThread1" daemon [_thread_in_native, id=5448, stack(0x0000000016b30000,0x0000000016c30000)]
  0x000000001513c800 JavaThread "C2 CompilerThread0" daemon [_thread_in_native, id=9400, stack(0x0000000016630000,0x0000000016730000)]
  0x00000000150f1000 JavaThread "Attach Listener" daemon [_thread_blocked, id=13332, stack(0x0000000016530000,0x0000000016630000)]
  0x00000000150f0000 JavaThread "Signal Dispatcher" daemon [_thread_blocked, id=7500, stack(0x0000000016430000,0x0000000016530000)]
  0x00000000150c8000 JavaThread "Finalizer" daemon [_thread_blocked, id=11172, stack(0x0000000016330000,0x0000000016430000)]
  0x00000000150a7000 JavaThread "Reference Handler" daemon [_thread_blocked, id=7512, stack(0x0000000016230000,0x0000000016330000)]
  0x0000000002912800 JavaThread "main" [_thread_blocked, id=14144, stack(0x0000000002400000,0x0000000002500000)]

Other Threads:
  0x00000000150a5000 VMThread [stack: 0x0000000016130000,0x0000000016230000] [id=13836]
  0x0000000016799000 WatcherThread [stack: 0x0000000016e30000,0x0000000016f30000] [id=14288]

VM state:not at safepoint (normal execution)

VM Mutex/Monitor currently owned by a thread: None

Heap:
 PSYoungGen      total 38400K, used 33280K [0x00000000eab00000, 0x00000000ed580000, 0x0000000100000000)
  eden space 33280K, 100% used [0x00000000eab00000,0x00000000ecb80000,0x00000000ecb80000)
  from space 5120K, 0% used [0x00000000ed080000,0x00000000ed080000,0x00000000ed580000)
  to   space 5120K, 0% used [0x00000000ecb80000,0x00000000ecb80000,0x00000000ed080000)
 ParOldGen       total 87552K, used 0K [0x00000000c0000000, 0x00000000c5580000, 0x00000000eab00000)
  object space 87552K, 0% used [0x00000000c0000000,0x00000000c0000000,0x00000000c5580000)
 Metaspace       used 5896K, capacity 6960K, committed 7040K, reserved 1056768K
  class space    used 563K, capacity 616K, committed 640K, reserved 1048576K

Card table byte_map: [0x0000000011dd0000,0x0000000011fe0000] byte_map_base: 0x00000000117d0000

Marking Bits: (ParMarkBitMap*) 0x0000000076e29d00
 Begin Bits: [0x0000000012540000, 0x0000000013540000)
 End Bits:   [0x0000000013540000, 0x0000000014540000)

Polling page: 0x0000000000850000

CodeCache: size=245760Kb used=5251Kb max_used=5262Kb free=240508Kb
 bounds [0x0000000002a10000, 0x0000000002f40000, 0x0000000011a10000]
 total_blobs=1535 nmethods=1271 adapters=178
 compilation: enabled

Compilation events (10 events):
Event: 6.169 Thread 0x0000000016791000 1270       1       com.android.dx.rop.annotation.NameValuePair::getValue (5 bytes)
Event: 6.169 Thread 0x0000000016791000 nmethod 1270 0x0000000002f2ac10 code [0x0000000002f2ad60, 0x0000000002f2ae70]
Event: 6.170 Thread 0x0000000016791000 1271       3       com.android.dx.ssa.back.SsaToRop::moveParametersToHighRegisters (88 bytes)
Event: 6.171 Thread 0x0000000016791000 nmethod 1271 0x0000000002f2ed50 code [0x0000000002f2ef20, 0x0000000002f2f7f8]
Event: 6.172 Thread 0x0000000016791000 1272       3       com.android.dx.rop.cst.CstType::<init> (46 bytes)
Event: 6.173 Thread 0x0000000016791000 nmethod 1272 0x0000000002f2fb50 code [0x0000000002f2fd00, 0x0000000002f30198]
Event: 6.173 Thread 0x0000000016791000 1273       3       com.android.dx.cf.code.LineNumberList::<init> (6 bytes)
Event: 6.173 Thread 0x0000000016791000 nmethod 1273 0x0000000002f30390 code [0x0000000002f30500, 0x0000000002f30688]
Event: 6.173 Thread 0x000000001513c800 nmethod 1170 0x0000000002f30710 code [0x0000000002f30c00, 0x0000000002f33b80]
Event: 6.173 Thread 0x000000001513c800 1234       4       com.android.dx.ssa.SsaBasicBlock::forEachPhiInsn (54 bytes)

GC Heap History (0 events):
No events

Deoptimization events (5 events):
Event: 4.789 Thread 0x0000000002912800 Uncommon trap: reason=unstable_if action=reinterpret pc=0x0000000002b4cad0 method=java.lang.String.indexOf(II)I @ 49
Event: 5.860 Thread 0x00000000168c1800 Uncommon trap: reason=unstable_if action=reinterpret pc=0x0000000002c259e8 method=java.util.HashMap.getNode(ILjava/lang/Object;)Ljava/util/HashMap$Node; @ 129
Event: 5.988 Thread 0x00000000168c1800 Uncommon trap: reason=unstable_if action=reinterpret pc=0x0000000002dbf8ac method=com.android.dx.rop.code.RegisterSpecSet.put(Lcom/android/dx/rop/code/RegisterSpec;)V @ 77
Event: 6.012 Thread 0x00000000168bf800 Uncommon trap: reason=null_check action=make_not_entrant pc=0x0000000002d778a8 method=com.android.dx.rop.type.Type.equals(Ljava/lang/Object;)Z @ 8
Event: 6.111 Thread 0x00000000168af000 Uncommon trap: reason=unstable_if action=reinterpret pc=0x0000000002e14ec4 method=com.android.dx.ssa.SsaRenamer$BlockRenamer.addMapping(ILcom/android/dx/rop/code/RegisterSpec;)V @ 120

Internal exceptions (3 events):
Event: 0.806 Thread 0x0000000002912800 Exception <a 'java/lang/NoSuchMethodError': Method sun.misc.Unsafe.defineClass(Ljava/lang/String;[BII)Ljava/lang/Class; name or signature does not match> (0x00000000eab07cc0) thrown at [C:\src\android\AOSP-openjdk\external\jetbrains\jdk\hotspot\src\share\vŠŠÎé?
Event: 0.806 Thread 0x0000000002912800 Exception <a 'java/lang/NoSuchMethodError': Method sun.misc.Unsafe.prefetchRead(Ljava/lang/Object;J)V name or signature does not match> (0x00000000eab07fa8) thrown at [C:\src\android\AOSP-openjdk\external\jetbrains\jdk\hotspot\src\share\vm\prims\jni.cpp, l]€ª¬@
Event: 6.012 Thread 0x00000000168bf800 Implicit null exception at 0x0000000002d777a2 to 0x0000000002d7789a

Events (10 events):
Event: 5.988 Thread 0x00000000168c1800 DEOPT PACKING pc=0x0000000002dbf8ac sp=0x000000001742edd0
Event: 5.988 Thread 0x00000000168c1800 DEOPT UNPACKING pc=0x0000000002a5556a sp=0x000000001742ed58 mode 2
Event: 6.012 Thread 0x00000000168bf800 Uncommon trap: trap_request=0xfffffff4 fr.pc=0x0000000002d778a8
Event: 6.012 Thread 0x00000000168bf800 DEOPT PACKING pc=0x0000000002d778a8 sp=0x000000001732e700
Event: 6.012 Thread 0x00000000168bf800 DEOPT UNPACKING pc=0x0000000002a5556a sp=0x000000001732e688 mode 2
Event: 6.080 Executing VM operation: ForceSafepoint
Event: 6.081 Executing VM operation: ForceSafepoint done
Event: 6.111 Thread 0x00000000168af000 Uncommon trap: trap_request=0xffffff65 fr.pc=0x0000000002e14ec4
Event: 6.111 Thread 0x00000000168af000 DEOPT PACKING pc=0x0000000002e14ec4 sp=0x000000001702e5f0
Event: 6.111 Thread 0x00000000168af000 DEOPT UNPACKING pc=0x0000000002a5556a sp=0x000000001702e580 mode 2


Dynamic libraries:
0x00007ff6830c0000 - 0x00007ff6830f1000 	F:\android-studio\jre\bin\java.exe
0x00007ff81bc90000 - 0x00007ff81be61000 	C:\WINDOWS\SYSTEM32\ntdll.dll
0x00007ff819220000 - 0x00007ff8192cb000 	C:\WINDOWS\System32\KERNEL32.DLL
0x00007ff818540000 - 0x00007ff81875d000 	C:\WINDOWS\System32\KERNELBASE.dll
0x00007ff81b970000 - 0x00007ff81ba12000 	C:\WINDOWS\System32\ADVAPI32.dll
0x00007ff819ec0000 - 0x00007ff819f5e000 	C:\WINDOWS\System32\msvcrt.dll
0x00007ff81ba90000 - 0x00007ff81bae9000 	C:\WINDOWS\System32\sechost.dll
0x00007ff81b570000 - 0x00007ff81b691000 	C:\WINDOWS\System32\RPCRT4.dll
0x00007ff819610000 - 0x00007ff819775000 	C:\WINDOWS\System32\USER32.dll
0x00007ff818ff0000 - 0x00007ff81900e000 	C:\WINDOWS\System32\win32u.dll
0x00007ff819e80000 - 0x00007ff819eb4000 	C:\WINDOWS\System32\GDI32.dll
0x00007ff819070000 - 0x00007ff8191f2000 	C:\WINDOWS\System32\gdi32full.dll
0x00007ff8134d0000 - 0x00007ff81374a000 	C:\WINDOWS\WinSxS\amd64_microsoft.windows.common-controls_6595b64144ccf1df_6.0.14393.351_none_4213128bc687e6d3\COMCTL32.dll
0x00007ff81b6a0000 - 0x00007ff81b967000 	C:\WINDOWS\System32\combase.dll
0x00007ff818760000 - 0x00007ff818855000 	C:\WINDOWS\System32\ucrtbase.dll
0x00007ff818160000 - 0x00007ff8181ca000 	C:\WINDOWS\System32\bcryptPrimitives.dll
0x00007ff819f60000 - 0x00007ff819f8e000 	C:\WINDOWS\System32\IMM32.DLL
0x0000000076590000 - 0x0000000076662000 	F:\android-studio\jre\jre\bin\msvcr100.dll
0x0000000076670000 - 0x0000000076ea4000 	F:\android-studio\jre\jre\bin\server\jvm.dll
0x00007ff81ba80000 - 0x00007ff81ba88000 	C:\WINDOWS\System32\PSAPI.DLL
0x00007ff80a1c0000 - 0x00007ff80a1c9000 	C:\WINDOWS\SYSTEM32\WSOCK32.dll
0x00007ff8194b0000 - 0x00007ff81951a000 	C:\WINDOWS\System32\WS2_32.dll
0x00007ff816590000 - 0x00007ff8165b3000 	C:\WINDOWS\SYSTEM32\WINMM.dll
0x00007ff816d10000 - 0x00007ff816d1a000 	C:\WINDOWS\SYSTEM32\VERSION.dll
0x00007ff816560000 - 0x00007ff81658b000 	C:\WINDOWS\SYSTEM32\WINMMBASE.dll
0x00007ff818450000 - 0x00007ff818492000 	C:\WINDOWS\System32\cfgmgr32.dll
0x00007ff80d460000 - 0x00007ff80d46f000 	F:\android-studio\jre\jre\bin\verify.dll
0x00007ff80ae30000 - 0x00007ff80ae59000 	F:\android-studio\jre\jre\bin\java.dll
0x00007ff809b90000 - 0x00007ff809ba6000 	F:\android-studio\jre\jre\bin\zip.dll
0x00007ff81a060000 - 0x00007ff81b569000 	C:\WINDOWS\System32\SHELL32.dll
0x00007ff818860000 - 0x00007ff818f3a000 	C:\WINDOWS\System32\windows.storage.dll
0x00007ff818110000 - 0x00007ff81815c000 	C:\WINDOWS\System32\powrprof.dll
0x00007ff819790000 - 0x00007ff8197e2000 	C:\WINDOWS\System32\shlwapi.dll
0x00007ff8180d0000 - 0x00007ff8180df000 	C:\WINDOWS\System32\kernel.appcore.dll
0x00007ff818f40000 - 0x00007ff818fe9000 	C:\WINDOWS\System32\shcore.dll
0x00007ff8180e0000 - 0x00007ff8180f4000 	C:\WINDOWS\System32\profapi.dll

VM Arguments:
jvm_args: -Djava.awt.headless=true -Xmx1024M -Dfile.encoding=GBK -Duser.country=CN -Duser.language=zh -Duser.variant 
java_command: com.android.dx.command.Main --dex --num-threads=4 --output D:\AndroidStudioProject\YDSP\yDSP\build\intermediates\pre-dexed\release\YDSP-libraryPull-unspecified_10f4e07789e0eb10563740b308ef30800b2ee4f7.jar D:\AndroidStudioProject\YDSP\yDSP\build\intermediates\exploded-aar\YDSP\libraryPull\unspecified\jars\classes.jar
java_class_path (initial): E:\AndroidSDK\build-tools\24.0.3\lib\dx.jar
Launcher Type: SUN_STANDARD

Environment Variables:
PATH=C:\ProgramData\Oracle\Java\javapath;C:\Program Files (x86)\Intel\iCLS Client\;C:\Program Files\Intel\iCLS Client\;C:\Program Files (x86)\NVIDIA Corporation\PhysX\Common;C:\WINDOWS\system32;C:\WINDOWS;C:\WINDOWS\System32\Wbem;C:\WINDOWS\System32\WindowsPowerShell\v1.0\;C:\Program Files\Intel\Intel(R) Management Engine Components\DAL;C:\Program Files\Intel\Intel(R) Management Engine Components\IPT;C:\Program Files (x86)\Intel\Intel(R) Management Engine Components\DAL;C:\Program Files (x86)\Intel\Intel(R) Management Engine Components\IPT;C:\Program Files (x86)\Microsoft SQL Server\100\Tools\Binn\;C:\Program Files\Microsoft SQL Server\100\Tools\Binn\;C:\Program Files\Microsoft SQL Server\100\DTS\Binn\;C:\Program Files (x86)\Microsoft SQL Server\100\Tools\Binn\VSShell\Common7\IDE\;C:\Program Files (x86)\Microsoft Visual Studio 9.0\Common7\IDE\PrivateAssemblies\;C:\Program Files (x86)\Microsoft SQL Server\100\DTS\Binn\;C:\Program Files (x86)\Microsoft SQL Server\90\Tools\binn\;C:\WINDOWS\system32\config\systemprofile\.dnx\bin;C:\Program Files\Microsoft DNX\Dnvm\;C:\Program Files\TortoiseSVN\bin;C:\Program Files (x86)\VisualSVN\bin;C:\Program Files\Java\jdk1.8.0_91\bin;E:\Android studio\android-studio\gradle\gradle-2.10\bin;C:\Users\Administrator\AppData\Local\Microsoft\WindowsApps;
USERNAME=Administrator
OS=Windows_NT
PROCESSOR_IDENTIFIER=Intel64 Family 6 Model 60 Stepping 3, GenuineIntel



---------------  S Y S T E M  ---------------

OS: Windows 10.0 , 64 bit Build 14393 (10.0.14393.0)

CPU:total 4 (4 cores per cpu, 1 threads per core) family 6 model 60 stepping 3, cmov, cx8, fxsr, mmx, sse, sse2, sse3, ssse3, sse4.1, sse4.2, popcnt, avx, avx2, aes, clmul, erms, lzcnt, tsc, tscinvbit, bmi1, bmi2

Memory: 4k page, physical 8325052k(2415496k free), swap 11428612k(2444424k free)

vm_info: OpenJDK 64-Bit Server VM (25.76-b03) for windows-amd64 JRE (1.8.0_76-release-b03), built on Jun 29 2016 19:09:20 by "ralucas" with MS VC++ 10.0 (VS2010)

time: Tue Nov 01 14:59:31 2016
elapsed time: 6 seconds (0d 0h 0m 6s)

